<?xml version="1.0" encoding="UTF-8"?>
<coverage generated="1635408009144" clover="3.2.0">
  <project timestamp="1635408009144" name="All files">
    <metrics statements="90" coveredstatements="90" conditionals="3" coveredconditionals="3" methods="41" coveredmethods="41" elements="134" coveredelements="134" complexity="0" loc="90" ncloc="90" packages="4" files="8" classes="8"/>
    <package name="TestData.Reducer">
      <metrics statements="7" coveredstatements="7" conditionals="0" coveredconditionals="0" methods="0" coveredmethods="0"/>
      <file name="appData.tsx" path="/Users/gsoft02/Desktop/Hannad/book-app-training-rn/TestData/Reducer/appData.tsx">
        <metrics statements="3" coveredstatements="3" conditionals="0" coveredconditionals="0" methods="0" coveredmethods="0"/>
        <line num="1" count="1" type="stmt"/>
        <line num="2" count="1" type="stmt"/>
        <line num="3" count="1" type="stmt"/>
      </file>
      <file name="loginData.tsx" path="/Users/gsoft02/Desktop/Hannad/book-app-training-rn/TestData/Reducer/loginData.tsx">
        <metrics statements="4" coveredstatements="4" conditionals="0" coveredconditionals="0" methods="0" coveredmethods="0"/>
        <line num="1" count="1" type="stmt"/>
        <line num="2" count="1" type="stmt"/>
        <line num="3" count="1" type="stmt"/>
        <line num="12" count="1" type="stmt"/>
      </file>
    </package>
    <package name="app.lib">
      <metrics statements="4" coveredstatements="4" conditionals="3" coveredconditionals="3" methods="2" coveredmethods="2"/>
      <file name="createReducer.ts" path="/Users/gsoft02/Desktop/Hannad/book-app-training-rn/app/lib/createReducer.ts">
        <metrics statements="4" coveredstatements="4" conditionals="3" coveredconditionals="3" methods="2" coveredmethods="2"/>
        <line num="6" count="2" type="cond" truecount="1" falsecount="0"/>
        <line num="7" count="14" type="cond" truecount="2" falsecount="0"/>
        <line num="8" count="12" type="stmt"/>
        <line num="10" count="2" type="stmt"/>
      </file>
    </package>
    <package name="app.store.actions">
      <metrics statements="63" coveredstatements="63" conditionals="0" coveredconditionals="0" methods="27" coveredmethods="27"/>
      <file name="appActions.ts" path="/Users/gsoft02/Desktop/Hannad/book-app-training-rn/app/store/actions/appActions.ts">
        <metrics statements="10" coveredstatements="10" conditionals="0" coveredconditionals="0" methods="10" coveredmethods="10"/>
        <line num="8" count="1" type="stmt"/>
        <line num="15" count="1" type="stmt"/>
        <line num="22" count="1" type="stmt"/>
        <line num="31" count="1" type="stmt"/>
        <line num="38" count="1" type="stmt"/>
        <line num="48" count="1" type="stmt"/>
        <line num="54" count="1" type="stmt"/>
        <line num="61" count="1" type="stmt"/>
        <line num="68" count="1" type="stmt"/>
        <line num="74" count="1" type="stmt"/>
      </file>
      <file name="loginActions.ts" path="/Users/gsoft02/Desktop/Hannad/book-app-training-rn/app/store/actions/loginActions.ts">
        <metrics statements="17" coveredstatements="17" conditionals="0" coveredconditionals="0" methods="17" coveredmethods="17"/>
        <line num="25" count="1" type="stmt"/>
        <line num="32" count="1" type="stmt"/>
        <line num="38" count="1" type="stmt"/>
        <line num="47" count="1" type="stmt"/>
        <line num="54" count="1" type="stmt"/>
        <line num="60" count="1" type="stmt"/>
        <line num="66" count="1" type="stmt"/>
        <line num="72" count="1" type="stmt"/>
        <line num="82" count="1" type="stmt"/>
        <line num="92" count="1" type="stmt"/>
        <line num="99" count="1" type="stmt"/>
        <line num="109" count="1" type="stmt"/>
        <line num="115" count="1" type="stmt"/>
        <line num="125" count="1" type="stmt"/>
        <line num="131" count="1" type="stmt"/>
        <line num="141" count="1" type="stmt"/>
        <line num="147" count="1" type="stmt"/>
      </file>
      <file name="types.ts" path="/Users/gsoft02/Desktop/Hannad/book-app-training-rn/app/store/actions/types.ts">
        <metrics statements="36" coveredstatements="36" conditionals="0" coveredconditionals="0" methods="0" coveredmethods="0"/>
        <line num="2" count="4" type="stmt"/>
        <line num="3" count="4" type="stmt"/>
        <line num="6" count="4" type="stmt"/>
        <line num="9" count="4" type="stmt"/>
        <line num="10" count="4" type="stmt"/>
        <line num="11" count="4" type="stmt"/>
        <line num="12" count="4" type="stmt"/>
        <line num="13" count="4" type="stmt"/>
        <line num="14" count="4" type="stmt"/>
        <line num="15" count="4" type="stmt"/>
        <line num="16" count="4" type="stmt"/>
        <line num="17" count="4" type="stmt"/>
        <line num="18" count="4" type="stmt"/>
        <line num="19" count="4" type="stmt"/>
        <line num="20" count="4" type="stmt"/>
        <line num="21" count="4" type="stmt"/>
        <line num="22" count="4" type="stmt"/>
        <line num="23" count="4" type="stmt"/>
        <line num="24" count="4" type="stmt"/>
        <line num="25" count="4" type="stmt"/>
        <line num="26" count="4" type="stmt"/>
        <line num="29" count="4" type="stmt"/>
        <line num="30" count="4" type="stmt"/>
        <line num="31" count="4" type="stmt"/>
        <line num="32" count="4" type="stmt"/>
        <line num="33" count="4" type="stmt"/>
        <line num="34" count="4" type="stmt"/>
        <line num="35" count="4" type="stmt"/>
        <line num="36" count="4" type="stmt"/>
        <line num="37" count="4" type="stmt"/>
        <line num="38" count="4" type="stmt"/>
        <line num="39" count="4" type="stmt"/>
        <line num="41" count="4" type="stmt"/>
        <line num="42" count="4" type="stmt"/>
        <line num="44" count="4" type="stmt"/>
        <line num="46" count="4" type="stmt"/>
      </file>
    </package>
    <package name="app.store.reducers">
      <metrics statements="16" coveredstatements="16" conditionals="0" coveredconditionals="0" methods="12" coveredmethods="12"/>
      <file name="appReducer.ts" path="/Users/gsoft02/Desktop/Hannad/book-app-training-rn/app/store/reducers/appReducer.ts">
        <metrics statements="8" coveredstatements="8" conditionals="0" coveredconditionals="0" methods="6" coveredmethods="6"/>
        <line num="6" count="1" type="stmt"/>
        <line num="12" count="1" type="stmt"/>
        <line num="14" count="1" type="stmt"/>
        <line num="19" count="1" type="stmt"/>
        <line num="25" count="1" type="stmt"/>
        <line num="30" count="1" type="stmt"/>
        <line num="37" count="1" type="stmt"/>
        <line num="43" count="1" type="stmt"/>
      </file>
      <file name="loginReducer.ts" path="/Users/gsoft02/Desktop/Hannad/book-app-training-rn/app/store/reducers/loginReducer.ts">
        <metrics statements="8" coveredstatements="8" conditionals="0" coveredconditionals="0" methods="6" coveredmethods="6"/>
        <line num="9" count="1" type="stmt"/>
        <line num="14" count="1" type="stmt"/>
        <line num="16" count="1" type="stmt"/>
        <line num="23" count="1" type="stmt"/>
        <line num="26" count="1" type="stmt"/>
        <line num="33" count="1" type="stmt"/>
        <line num="40" count="1" type="stmt"/>
        <line num="46" count="1" type="stmt"/>
      </file>
    </package>
  </project>
</coverage>
