{"/Users/gsoft02/Desktop/Hannad/book-app-training-rn/TestData/Reducer/appData.tsx": {"path":"/Users/gsoft02/Desktop/Hannad/book-app-training-rn/TestData/Reducer/appData.tsx","statementMap":{"0":{"start":{"line":1,"column":39},"end":{"line":1,"column":48}},"1":{"start":{"line":2,"column":36},"end":{"line":2,"column":55}},"2":{"start":{"line":3,"column":43},"end":{"line":3,"column":48}}},"fnMap":{},"branchMap":{},"s":{"0":1,"1":1,"2":1},"f":{},"b":{},"_coverageSchema":"1a1c01bbd47fc00a2c39e90264f33305004495a9","hash":"37d4c9ab9a2b9d2b989ebc3f03ff58ba45dd705c"}
,"/Users/gsoft02/Desktop/Hannad/book-app-training-rn/TestData/Reducer/loginData.tsx": {"path":"/Users/gsoft02/Desktop/Hannad/book-app-training-rn/TestData/Reducer/loginData.tsx","statementMap":{"0":{"start":{"line":1,"column":32},"end":{"line":1,"column":70}},"1":{"start":{"line":2,"column":29},"end":{"line":2,"column":37}},"2":{"start":{"line":3,"column":26},"end":{"line":11,"column":1}},"3":{"start":{"line":12,"column":42},"end":{"line":12,"column":51}}},"fnMap":{},"branchMap":{},"s":{"0":1,"1":1,"2":1,"3":1},"f":{},"b":{},"_coverageSchema":"1a1c01bbd47fc00a2c39e90264f33305004495a9","hash":"8e36e99ae997d9ba8c65d6d94e8639c716ed5e70"}
,"/Users/gsoft02/Desktop/Hannad/book-app-training-rn/app/components/BookCard/BookCard.tsx": {"path":"/Users/gsoft02/Desktop/Hannad/book-app-training-rn/app/components/BookCard/BookCard.tsx","statementMap":{"0":{"start":{"line":22,"column":34},"end":{"line":133,"column":1}},"1":{"start":{"line":31,"column":26},"end":{"line":31,"column":89}},"2":{"start":{"line":31,"column":63},"end":{"line":31,"column":88}},"3":{"start":{"line":32,"column":22},"end":{"line":32,"column":36}},"4":{"start":{"line":33,"column":40},"end":{"line":33,"column":64}},"5":{"start":{"line":34,"column":21},"end":{"line":34,"column":34}},"6":{"start":{"line":35,"column":19},"end":{"line":35,"column":30}},"7":{"start":{"line":36,"column":4},"end":{"line":43,"column":20}},"8":{"start":{"line":37,"column":8},"end":{"line":41,"column":11}},"9":{"start":{"line":38,"column":12},"end":{"line":40,"column":13}},"10":{"start":{"line":39,"column":16},"end":{"line":39,"column":36}},"11":{"start":{"line":45,"column":27},"end":{"line":80,"column":5}},"12":{"start":{"line":46,"column":8},"end":{"line":79,"column":9}},"13":{"start":{"line":48,"column":49},"end":{"line":48,"column":99}},"14":{"start":{"line":48,"column":80},"end":{"line":48,"column":98}},"15":{"start":{"line":51,"column":12},"end":{"line":51,"column":33}},"16":{"start":{"line":54,"column":12},"end":{"line":54,"column":58}},"17":{"start":{"line":57,"column":12},"end":{"line":64,"column":15}},"18":{"start":{"line":58,"column":16},"end":{"line":62,"column":17}},"19":{"start":{"line":59,"column":20},"end":{"line":59,"column":36}},"20":{"start":{"line":61,"column":20},"end":{"line":61,"column":40}},"21":{"start":{"line":63,"column":16},"end":{"line":63,"column":32}},"22":{"start":{"line":66,"column":12},"end":{"line":66,"column":32}},"23":{"start":{"line":67,"column":12},"end":{"line":78,"column":19}},"24":{"start":{"line":69,"column":20},"end":{"line":73,"column":21}},"25":{"start":{"line":70,"column":24},"end":{"line":70,"column":40}},"26":{"start":{"line":72,"column":24},"end":{"line":72,"column":45}},"27":{"start":{"line":74,"column":20},"end":{"line":74,"column":36}},"28":{"start":{"line":77,"column":20},"end":{"line":77,"column":41}},"29":{"start":{"line":82,"column":4},"end":{"line":132,"column":6}}},"fnMap":{"0":{"name":"(anonymous_0)","decl":{"start":{"line":22,"column":34},"end":{"line":22,"column":35}},"loc":{"start":{"line":30,"column":6},"end":{"line":133,"column":1}},"line":30},"1":{"name":"(anonymous_1)","decl":{"start":{"line":31,"column":38},"end":{"line":31,"column":39}},"loc":{"start":{"line":31,"column":63},"end":{"line":31,"column":88}},"line":31},"2":{"name":"(anonymous_2)","decl":{"start":{"line":36,"column":14},"end":{"line":36,"column":15}},"loc":{"start":{"line":36,"column":20},"end":{"line":43,"column":5}},"line":36},"3":{"name":"(anonymous_3)","decl":{"start":{"line":37,"column":33},"end":{"line":37,"column":34}},"loc":{"start":{"line":37,"column":51},"end":{"line":41,"column":9}},"line":37},"4":{"name":"(anonymous_4)","decl":{"start":{"line":45,"column":27},"end":{"line":45,"column":28}},"loc":{"start":{"line":45,"column":39},"end":{"line":80,"column":5}},"line":45},"5":{"name":"(anonymous_5)","decl":{"start":{"line":48,"column":70},"end":{"line":48,"column":71}},"loc":{"start":{"line":48,"column":80},"end":{"line":48,"column":98}},"line":48},"6":{"name":"(anonymous_6)","decl":{"start":{"line":57,"column":43},"end":{"line":57,"column":44}},"loc":{"start":{"line":57,"column":57},"end":{"line":64,"column":13}},"line":57},"7":{"name":"(anonymous_7)","decl":{"start":{"line":68,"column":22},"end":{"line":68,"column":23}},"loc":{"start":{"line":68,"column":36},"end":{"line":75,"column":17}},"line":68},"8":{"name":"(anonymous_8)","decl":{"start":{"line":76,"column":23},"end":{"line":76,"column":24}},"loc":{"start":{"line":76,"column":29},"end":{"line":78,"column":17}},"line":76}},"branchMap":{"0":{"loc":{"start":{"line":38,"column":12},"end":{"line":40,"column":13}},"type":"if","locations":[{"start":{"line":38,"column":12},"end":{"line":40,"column":13}},{"start":{},"end":{}}],"line":38},"1":{"loc":{"start":{"line":46,"column":8},"end":{"line":79,"column":9}},"type":"if","locations":[{"start":{"line":46,"column":8},"end":{"line":79,"column":9}},{"start":{"line":65,"column":15},"end":{"line":79,"column":9}}],"line":46},"2":{"loc":{"start":{"line":58,"column":16},"end":{"line":62,"column":17}},"type":"if","locations":[{"start":{"line":58,"column":16},"end":{"line":62,"column":17}},{"start":{"line":60,"column":23},"end":{"line":62,"column":17}}],"line":58},"3":{"loc":{"start":{"line":58,"column":20},"end":{"line":58,"column":62}},"type":"binary-expr","locations":[{"start":{"line":58,"column":20},"end":{"line":58,"column":28}},{"start":{"line":58,"column":32},"end":{"line":58,"column":62}}],"line":58},"4":{"loc":{"start":{"line":69,"column":20},"end":{"line":73,"column":21}},"type":"if","locations":[{"start":{"line":69,"column":20},"end":{"line":73,"column":21}},{"start":{"line":71,"column":27},"end":{"line":73,"column":21}}],"line":69},"5":{"loc":{"start":{"line":69,"column":24},"end":{"line":69,"column":65}},"type":"binary-expr","locations":[{"start":{"line":69,"column":24},"end":{"line":69,"column":32}},{"start":{"line":69,"column":36},"end":{"line":69,"column":65}}],"line":69},"6":{"loc":{"start":{"line":83,"column":21},"end":{"line":83,"column":92}},"type":"cond-expr","locations":[{"start":{"line":83,"column":49},"end":{"line":83,"column":71}},{"start":{"line":83,"column":74},"end":{"line":83,"column":92}}],"line":83},"7":{"loc":{"start":{"line":88,"column":20},"end":{"line":94,"column":47}},"type":"cond-expr","locations":[{"start":{"line":89,"column":26},"end":{"line":89,"column":44}},{"start":{"line":90,"column":26},"end":{"line":94,"column":47}}],"line":88},"8":{"loc":{"start":{"line":90,"column":26},"end":{"line":94,"column":47}},"type":"cond-expr","locations":[{"start":{"line":91,"column":26},"end":{"line":91,"column":45}},{"start":{"line":92,"column":26},"end":{"line":94,"column":47}}],"line":90},"9":{"loc":{"start":{"line":92,"column":26},"end":{"line":94,"column":47}},"type":"cond-expr","locations":[{"start":{"line":93,"column":26},"end":{"line":93,"column":42}},{"start":{"line":94,"column":26},"end":{"line":94,"column":47}}],"line":92},"10":{"loc":{"start":{"line":97,"column":13},"end":{"line":112,"column":13}},"type":"binary-expr","locations":[{"start":{"line":97,"column":13},"end":{"line":97,"column":22}},{"start":{"line":98,"column":16},"end":{"line":111,"column":18}}],"line":97},"11":{"loc":{"start":{"line":102,"column":24},"end":{"line":106,"column":51}},"type":"cond-expr","locations":[{"start":{"line":103,"column":30},"end":{"line":103,"column":53}},{"start":{"line":104,"column":30},"end":{"line":106,"column":51}}],"line":102},"12":{"loc":{"start":{"line":104,"column":30},"end":{"line":106,"column":51}},"type":"cond-expr","locations":[{"start":{"line":105,"column":30},"end":{"line":105,"column":54}},{"start":{"line":106,"column":30},"end":{"line":106,"column":51}}],"line":104},"13":{"loc":{"start":{"line":108,"column":27},"end":{"line":108,"column":55}},"type":"cond-expr","locations":[{"start":{"line":108,"column":40},"end":{"line":108,"column":45}},{"start":{"line":108,"column":48},"end":{"line":108,"column":55}}],"line":108}},"s":{"0":1,"1":5,"2":3,"3":5,"4":5,"5":5,"6":5,"7":5,"8":3,"9":0,"10":0,"11":5,"12":1,"13":0,"14":0,"15":0,"16":0,"17":0,"18":0,"19":0,"20":0,"21":0,"22":1,"23":1,"24":0,"25":0,"26":0,"27":0,"28":1,"29":5},"f":{"0":5,"1":3,"2":3,"3":0,"4":1,"5":0,"6":0,"7":0,"8":1},"b":{"0":[0,0],"1":[0,1],"2":[0,0],"3":[0,0],"4":[0,0],"5":[0,0],"6":[0,5],"7":[0,5],"8":[0,5],"9":[0,5],"10":[5,4],"11":[0,4],"12":[0,4],"13":[1,3]},"_coverageSchema":"1a1c01bbd47fc00a2c39e90264f33305004495a9","hash":"93d0c52fe16e0987a31eb2f5e305def5ae8148e3"}
,"/Users/gsoft02/Desktop/Hannad/book-app-training-rn/app/components/BookCard/styles.ts": {"path":"/Users/gsoft02/Desktop/Hannad/book-app-training-rn/app/components/BookCard/styles.ts","statementMap":{"0":{"start":{"line":5,"column":25},"end":{"line":206,"column":1}},"1":{"start":{"line":6,"column":18},"end":{"line":6,"column":38}},"2":{"start":{"line":7,"column":19},"end":{"line":7,"column":40}},"3":{"start":{"line":8,"column":24},"end":{"line":8,"column":54}},"4":{"start":{"line":9,"column":25},"end":{"line":9,"column":56}},"5":{"start":{"line":10,"column":18},"end":{"line":10,"column":28}},"6":{"start":{"line":11,"column":19},"end":{"line":204,"column":6}},"7":{"start":{"line":205,"column":4},"end":{"line":205,"column":18}}},"fnMap":{"0":{"name":"(anonymous_0)","decl":{"start":{"line":5,"column":25},"end":{"line":5,"column":26}},"loc":{"start":{"line":5,"column":31},"end":{"line":206,"column":1}},"line":5}},"branchMap":{"0":{"loc":{"start":{"line":59,"column":20},"end":{"line":59,"column":78}},"type":"cond-expr","locations":[{"start":{"line":59,"column":49},"end":{"line":59,"column":62}},{"start":{"line":59,"column":65},"end":{"line":59,"column":78}}],"line":59},"1":{"loc":{"start":{"line":60,"column":19},"end":{"line":60,"column":75}},"type":"cond-expr","locations":[{"start":{"line":60,"column":48},"end":{"line":60,"column":60}},{"start":{"line":60,"column":63},"end":{"line":60,"column":75}}],"line":60},"2":{"loc":{"start":{"line":66,"column":20},"end":{"line":66,"column":78}},"type":"cond-expr","locations":[{"start":{"line":66,"column":49},"end":{"line":66,"column":62}},{"start":{"line":66,"column":65},"end":{"line":66,"column":78}}],"line":66},"3":{"loc":{"start":{"line":67,"column":19},"end":{"line":67,"column":75}},"type":"cond-expr","locations":[{"start":{"line":67,"column":48},"end":{"line":67,"column":60}},{"start":{"line":67,"column":63},"end":{"line":67,"column":75}}],"line":67},"4":{"loc":{"start":{"line":72,"column":20},"end":{"line":72,"column":78}},"type":"cond-expr","locations":[{"start":{"line":72,"column":49},"end":{"line":72,"column":62}},{"start":{"line":72,"column":65},"end":{"line":72,"column":78}}],"line":72},"5":{"loc":{"start":{"line":73,"column":19},"end":{"line":73,"column":75}},"type":"cond-expr","locations":[{"start":{"line":73,"column":48},"end":{"line":73,"column":60}},{"start":{"line":73,"column":63},"end":{"line":73,"column":75}}],"line":73},"6":{"loc":{"start":{"line":79,"column":20},"end":{"line":79,"column":78}},"type":"cond-expr","locations":[{"start":{"line":79,"column":49},"end":{"line":79,"column":62}},{"start":{"line":79,"column":65},"end":{"line":79,"column":78}}],"line":79},"7":{"loc":{"start":{"line":80,"column":19},"end":{"line":80,"column":75}},"type":"cond-expr","locations":[{"start":{"line":80,"column":48},"end":{"line":80,"column":60}},{"start":{"line":80,"column":63},"end":{"line":80,"column":75}}],"line":80},"8":{"loc":{"start":{"line":88,"column":20},"end":{"line":88,"column":78}},"type":"cond-expr","locations":[{"start":{"line":88,"column":49},"end":{"line":88,"column":62}},{"start":{"line":88,"column":65},"end":{"line":88,"column":78}}],"line":88},"9":{"loc":{"start":{"line":97,"column":20},"end":{"line":97,"column":78}},"type":"cond-expr","locations":[{"start":{"line":97,"column":49},"end":{"line":97,"column":62}},{"start":{"line":97,"column":65},"end":{"line":97,"column":78}}],"line":97},"10":{"loc":{"start":{"line":98,"column":19},"end":{"line":98,"column":75}},"type":"cond-expr","locations":[{"start":{"line":98,"column":48},"end":{"line":98,"column":60}},{"start":{"line":98,"column":63},"end":{"line":98,"column":75}}],"line":98},"11":{"loc":{"start":{"line":106,"column":20},"end":{"line":106,"column":78}},"type":"cond-expr","locations":[{"start":{"line":106,"column":49},"end":{"line":106,"column":62}},{"start":{"line":106,"column":65},"end":{"line":106,"column":78}}],"line":106},"12":{"loc":{"start":{"line":115,"column":22},"end":{"line":115,"column":77}},"type":"cond-expr","locations":[{"start":{"line":115,"column":51},"end":{"line":115,"column":62}},{"start":{"line":115,"column":65},"end":{"line":115,"column":77}}],"line":115},"13":{"loc":{"start":{"line":126,"column":22},"end":{"line":126,"column":77}},"type":"cond-expr","locations":[{"start":{"line":126,"column":51},"end":{"line":126,"column":62}},{"start":{"line":126,"column":65},"end":{"line":126,"column":77}}],"line":126},"14":{"loc":{"start":{"line":130,"column":20},"end":{"line":130,"column":78}},"type":"cond-expr","locations":[{"start":{"line":130,"column":49},"end":{"line":130,"column":62}},{"start":{"line":130,"column":65},"end":{"line":130,"column":78}}],"line":130},"15":{"loc":{"start":{"line":131,"column":19},"end":{"line":131,"column":75}},"type":"cond-expr","locations":[{"start":{"line":131,"column":48},"end":{"line":131,"column":60}},{"start":{"line":131,"column":63},"end":{"line":131,"column":75}}],"line":131},"16":{"loc":{"start":{"line":158,"column":28},"end":{"line":158,"column":86}},"type":"cond-expr","locations":[{"start":{"line":158,"column":57},"end":{"line":158,"column":70}},{"start":{"line":158,"column":73},"end":{"line":158,"column":86}}],"line":158},"17":{"loc":{"start":{"line":159,"column":30},"end":{"line":163,"column":29}},"type":"cond-expr","locations":[{"start":{"line":160,"column":18},"end":{"line":160,"column":29}},{"start":{"line":161,"column":18},"end":{"line":163,"column":29}}],"line":159},"18":{"loc":{"start":{"line":161,"column":18},"end":{"line":163,"column":29}},"type":"cond-expr","locations":[{"start":{"line":162,"column":18},"end":{"line":162,"column":29}},{"start":{"line":163,"column":18},"end":{"line":163,"column":29}}],"line":161},"19":{"loc":{"start":{"line":167,"column":28},"end":{"line":167,"column":86}},"type":"cond-expr","locations":[{"start":{"line":167,"column":57},"end":{"line":167,"column":70}},{"start":{"line":167,"column":73},"end":{"line":167,"column":86}}],"line":167},"20":{"loc":{"start":{"line":168,"column":30},"end":{"line":168,"column":79}},"type":"cond-expr","locations":[{"start":{"line":168,"column":54},"end":{"line":168,"column":65}},{"start":{"line":168,"column":68},"end":{"line":168,"column":79}}],"line":168},"21":{"loc":{"start":{"line":171,"column":22},"end":{"line":171,"column":78}},"type":"cond-expr","locations":[{"start":{"line":171,"column":51},"end":{"line":171,"column":63}},{"start":{"line":171,"column":66},"end":{"line":171,"column":78}}],"line":171},"22":{"loc":{"start":{"line":177,"column":22},"end":{"line":177,"column":78}},"type":"cond-expr","locations":[{"start":{"line":177,"column":51},"end":{"line":177,"column":63}},{"start":{"line":177,"column":66},"end":{"line":177,"column":78}}],"line":177},"23":{"loc":{"start":{"line":190,"column":22},"end":{"line":190,"column":78}},"type":"cond-expr","locations":[{"start":{"line":190,"column":51},"end":{"line":190,"column":63}},{"start":{"line":190,"column":66},"end":{"line":190,"column":78}}],"line":190},"24":{"loc":{"start":{"line":197,"column":28},"end":{"line":197,"column":86}},"type":"cond-expr","locations":[{"start":{"line":197,"column":57},"end":{"line":197,"column":70}},{"start":{"line":197,"column":73},"end":{"line":197,"column":86}}],"line":197},"25":{"loc":{"start":{"line":198,"column":30},"end":{"line":202,"column":29}},"type":"cond-expr","locations":[{"start":{"line":199,"column":18},"end":{"line":199,"column":29}},{"start":{"line":200,"column":18},"end":{"line":202,"column":29}}],"line":198},"26":{"loc":{"start":{"line":200,"column":18},"end":{"line":202,"column":29}},"type":"cond-expr","locations":[{"start":{"line":201,"column":18},"end":{"line":201,"column":29}},{"start":{"line":202,"column":18},"end":{"line":202,"column":29}}],"line":200}},"s":{"0":1,"1":5,"2":5,"3":5,"4":5,"5":5,"6":5,"7":5},"f":{"0":5},"b":{"0":[5,0],"1":[5,0],"2":[5,0],"3":[5,0],"4":[5,0],"5":[5,0],"6":[5,0],"7":[5,0],"8":[5,0],"9":[5,0],"10":[5,0],"11":[5,0],"12":[5,0],"13":[5,0],"14":[5,0],"15":[5,0],"16":[5,0],"17":[0,5],"18":[5,0],"19":[5,0],"20":[0,5],"21":[5,0],"22":[5,0],"23":[5,0],"24":[5,0],"25":[0,5],"26":[5,0]},"_coverageSchema":"1a1c01bbd47fc00a2c39e90264f33305004495a9","hash":"7000e95fb27eb25cb4b1172e82be00920b7c62d2"}
,"/Users/gsoft02/Desktop/Hannad/book-app-training-rn/app/components/PictureViewer/index.tsx": {"path":"/Users/gsoft02/Desktop/Hannad/book-app-training-rn/app/components/PictureViewer/index.tsx","statementMap":{"0":{"start":{"line":8,"column":39},"end":{"line":21,"column":1}},"1":{"start":{"line":9,"column":18},"end":{"line":9,"column":34}},"2":{"start":{"line":10,"column":19},"end":{"line":10,"column":30}},"3":{"start":{"line":11,"column":4},"end":{"line":20,"column":6}}},"fnMap":{"0":{"name":"(anonymous_0)","decl":{"start":{"line":8,"column":39},"end":{"line":8,"column":40}},"loc":{"start":{"line":8,"column":50},"end":{"line":21,"column":1}},"line":8}},"branchMap":{},"s":{"0":1,"1":2,"2":2,"3":2},"f":{"0":2},"b":{},"_coverageSchema":"1a1c01bbd47fc00a2c39e90264f33305004495a9","hash":"b42b99066e6ccc7da1475b62229c0253c4277563"}
,"/Users/gsoft02/Desktop/Hannad/book-app-training-rn/app/components/PictureViewer/styles.ts": {"path":"/Users/gsoft02/Desktop/Hannad/book-app-training-rn/app/components/PictureViewer/styles.ts","statementMap":{"0":{"start":{"line":5,"column":25},"end":{"line":32,"column":1}},"1":{"start":{"line":6,"column":18},"end":{"line":6,"column":38}},"2":{"start":{"line":7,"column":19},"end":{"line":7,"column":40}},"3":{"start":{"line":8,"column":24},"end":{"line":8,"column":54}},"4":{"start":{"line":9,"column":25},"end":{"line":9,"column":56}},"5":{"start":{"line":10,"column":19},"end":{"line":30,"column":6}},"6":{"start":{"line":31,"column":4},"end":{"line":31,"column":18}}},"fnMap":{"0":{"name":"(anonymous_0)","decl":{"start":{"line":5,"column":25},"end":{"line":5,"column":26}},"loc":{"start":{"line":5,"column":31},"end":{"line":32,"column":1}},"line":5}},"branchMap":{"0":{"loc":{"start":{"line":16,"column":21},"end":{"line":16,"column":77}},"type":"cond-expr","locations":[{"start":{"line":16,"column":50},"end":{"line":16,"column":61}},{"start":{"line":16,"column":64},"end":{"line":16,"column":77}}],"line":16},"1":{"loc":{"start":{"line":16,"column":86},"end":{"line":16,"column":143}},"type":"cond-expr","locations":[{"start":{"line":16,"column":115},"end":{"line":16,"column":128}},{"start":{"line":16,"column":131},"end":{"line":16,"column":143}}],"line":16}},"s":{"0":1,"1":2,"2":2,"3":2,"4":2,"5":2,"6":2},"f":{"0":2},"b":{"0":[2,0],"1":[2,0]},"_coverageSchema":"1a1c01bbd47fc00a2c39e90264f33305004495a9","hash":"f4c673a6b147797e8a8903000b6ec49adc239c40"}
,"/Users/gsoft02/Desktop/Hannad/book-app-training-rn/app/components/SearchBar/index.tsx": {"path":"/Users/gsoft02/Desktop/Hannad/book-app-training-rn/app/components/SearchBar/index.tsx","statementMap":{"0":{"start":{"line":10,"column":28},"end":{"line":37,"column":1}},"1":{"start":{"line":11,"column":40},"end":{"line":11,"column":60}},"2":{"start":{"line":12,"column":18},"end":{"line":12,"column":28}},"3":{"start":{"line":13,"column":19},"end":{"line":13,"column":30}},"4":{"start":{"line":14,"column":21},"end":{"line":14,"column":34}},"5":{"start":{"line":15,"column":18},"end":{"line":15,"column":34}},"6":{"start":{"line":17,"column":29},"end":{"line":19,"column":5}},"7":{"start":{"line":18,"column":8},"end":{"line":18,"column":56}},"8":{"start":{"line":21,"column":4},"end":{"line":36,"column":6}},"9":{"start":{"line":28,"column":40},"end":{"line":28,"column":59}},"10":{"start":{"line":30,"column":36},"end":{"line":30,"column":54}},"11":{"start":{"line":32,"column":70},"end":{"line":32,"column":88}}},"fnMap":{"0":{"name":"(anonymous_0)","decl":{"start":{"line":10,"column":28},"end":{"line":10,"column":29}},"loc":{"start":{"line":10,"column":34},"end":{"line":37,"column":1}},"line":10},"1":{"name":"(anonymous_1)","decl":{"start":{"line":17,"column":29},"end":{"line":17,"column":30}},"loc":{"start":{"line":17,"column":41},"end":{"line":19,"column":5}},"line":17},"2":{"name":"(anonymous_2)","decl":{"start":{"line":28,"column":30},"end":{"line":28,"column":31}},"loc":{"start":{"line":28,"column":40},"end":{"line":28,"column":59}},"line":28},"3":{"name":"(anonymous_3)","decl":{"start":{"line":30,"column":30},"end":{"line":30,"column":31}},"loc":{"start":{"line":30,"column":36},"end":{"line":30,"column":54}},"line":30},"4":{"name":"(anonymous_4)","decl":{"start":{"line":32,"column":64},"end":{"line":32,"column":65}},"loc":{"start":{"line":32,"column":70},"end":{"line":32,"column":88}},"line":32}},"branchMap":{},"s":{"0":1,"1":5,"2":5,"3":5,"4":5,"5":5,"6":5,"7":1,"8":5,"9":1,"10":0,"11":1},"f":{"0":5,"1":1,"2":1,"3":0,"4":1},"b":{},"_coverageSchema":"1a1c01bbd47fc00a2c39e90264f33305004495a9","hash":"0732acc72ef05857dc787cce6c867c464054655a"}
,"/Users/gsoft02/Desktop/Hannad/book-app-training-rn/app/components/SearchBar/styles.ts": {"path":"/Users/gsoft02/Desktop/Hannad/book-app-training-rn/app/components/SearchBar/styles.ts","statementMap":{"0":{"start":{"line":9,"column":25},"end":{"line":153,"column":1}},"1":{"start":{"line":10,"column":18},"end":{"line":10,"column":28}},"2":{"start":{"line":11,"column":18},"end":{"line":11,"column":38}},"3":{"start":{"line":13,"column":19},"end":{"line":151,"column":6}},"4":{"start":{"line":152,"column":4},"end":{"line":152,"column":18}}},"fnMap":{"0":{"name":"(anonymous_0)","decl":{"start":{"line":9,"column":25},"end":{"line":9,"column":26}},"loc":{"start":{"line":9,"column":31},"end":{"line":153,"column":1}},"line":9}},"branchMap":{},"s":{"0":1,"1":5,"2":5,"3":5,"4":5},"f":{"0":5},"b":{},"_coverageSchema":"1a1c01bbd47fc00a2c39e90264f33305004495a9","hash":"76fba4ab5d047e90f342d7243f130a248bed6485"}
,"/Users/gsoft02/Desktop/Hannad/book-app-training-rn/app/config/api-config.ts": {"path":"/Users/gsoft02/Desktop/Hannad/book-app-training-rn/app/config/api-config.ts","statementMap":{"0":{"start":{"line":3,"column":18},"end":{"line":16,"column":1}}},"fnMap":{},"branchMap":{},"s":{"0":11},"f":{},"b":{},"_coverageSchema":"1a1c01bbd47fc00a2c39e90264f33305004495a9","hash":"0fd2abd16091dce348e3cf4617ee019e3a0fc4f9"}
,"/Users/gsoft02/Desktop/Hannad/book-app-training-rn/app/config/styles.ts": {"path":"/Users/gsoft02/Desktop/Hannad/book-app-training-rn/app/config/styles.ts","statementMap":{"0":{"start":{"line":5,"column":18},"end":{"line":23,"column":1}}},"fnMap":{},"branchMap":{},"s":{"0":1},"f":{},"b":{},"_coverageSchema":"1a1c01bbd47fc00a2c39e90264f33305004495a9","hash":"d81bda28d103ac3436ff132330d8e5555ae20c5a"}
,"/Users/gsoft02/Desktop/Hannad/book-app-training-rn/app/lib/createReducer.ts": {"path":"/Users/gsoft02/Desktop/Hannad/book-app-training-rn/app/lib/createReducer.ts","statementMap":{"0":{"start":{"line":6,"column":4},"end":{"line":12,"column":6}},"1":{"start":{"line":7,"column":8},"end":{"line":11,"column":9}},"2":{"start":{"line":8,"column":12},"end":{"line":8,"column":56}},"3":{"start":{"line":10,"column":12},"end":{"line":10,"column":25}}},"fnMap":{"0":{"name":"createReducer","decl":{"start":{"line":5,"column":24},"end":{"line":5,"column":37}},"loc":{"start":{"line":5,"column":72},"end":{"line":13,"column":1}},"line":5},"1":{"name":"reducer","decl":{"start":{"line":6,"column":20},"end":{"line":6,"column":27}},"loc":{"start":{"line":6,"column":63},"end":{"line":12,"column":5}},"line":6}},"branchMap":{"0":{"loc":{"start":{"line":6,"column":28},"end":{"line":6,"column":48}},"type":"default-arg","locations":[{"start":{"line":6,"column":36},"end":{"line":6,"column":48}}],"line":6},"1":{"loc":{"start":{"line":7,"column":8},"end":{"line":11,"column":9}},"type":"if","locations":[{"start":{"line":7,"column":8},"end":{"line":11,"column":9}},{"start":{"line":9,"column":15},"end":{"line":11,"column":9}}],"line":7}},"s":{"0":2,"1":14,"2":12,"3":2},"f":{"0":2,"1":14},"b":{"0":[2],"1":[12,2]},"_coverageSchema":"1a1c01bbd47fc00a2c39e90264f33305004495a9","hash":"c8a0631d50424f2276eb27492235162521e792df"}
,"/Users/gsoft02/Desktop/Hannad/book-app-training-rn/app/screens/Login/index.tsx": {"path":"/Users/gsoft02/Desktop/Hannad/book-app-training-rn/app/screens/Login/index.tsx","statementMap":{"0":{"start":{"line":20,"column":24},"end":{"line":229,"column":1}},"1":{"start":{"line":21,"column":21},"end":{"line":21,"column":34}},"2":{"start":{"line":22,"column":19},"end":{"line":22,"column":40}},"3":{"start":{"line":23,"column":18},"end":{"line":23,"column":38}},"4":{"start":{"line":25,"column":23},"end":{"line":25,"column":38}},"5":{"start":{"line":26,"column":24},"end":{"line":26,"column":40}},"6":{"start":{"line":27,"column":19},"end":{"line":27,"column":30}},"7":{"start":{"line":28,"column":32},"end":{"line":28,"column":55}},"8":{"start":{"line":29,"column":62},"end":{"line":29,"column":86}},"9":{"start":{"line":30,"column":22},"end":{"line":30,"column":90}},"10":{"start":{"line":30,"column":59},"end":{"line":30,"column":89}},"11":{"start":{"line":37,"column":8},"end":{"line":37,"column":17}},"12":{"start":{"line":39,"column":21},"end":{"line":42,"column":5}},"13":{"start":{"line":40,"column":18},"end":{"line":40,"column":63}},"14":{"start":{"line":41,"column":8},"end":{"line":41,"column":30}},"15":{"start":{"line":44,"column":34},"end":{"line":47,"column":5}},"16":{"start":{"line":45,"column":8},"end":{"line":45,"column":44}},"17":{"start":{"line":46,"column":8},"end":{"line":46,"column":50}},"18":{"start":{"line":49,"column":21},"end":{"line":55,"column":5}},"19":{"start":{"line":50,"column":8},"end":{"line":54,"column":9}},"20":{"start":{"line":51,"column":12},"end":{"line":51,"column":40}},"21":{"start":{"line":53,"column":12},"end":{"line":53,"column":49}},"22":{"start":{"line":82,"column":8},"end":{"line":87,"column":10}},"23":{"start":{"line":89,"column":4},"end":{"line":228,"column":6}},"24":{"start":{"line":118,"column":28},"end":{"line":127,"column":30}},"25":{"start":{"line":126,"column":56},"end":{"line":126,"column":70}},"26":{"start":{"line":145,"column":32},"end":{"line":153,"column":34}},"27":{"start":{"line":152,"column":60},"end":{"line":152,"column":74}},"28":{"start":{"line":162,"column":43},"end":{"line":162,"column":61}},"29":{"start":{"line":172,"column":35},"end":{"line":172,"column":81}},"30":{"start":{"line":175,"column":39},"end":{"line":175,"column":85}},"31":{"start":{"line":194,"column":39},"end":{"line":194,"column":77}},"32":{"start":{"line":207,"column":36},"end":{"line":207,"column":62}},"33":{"start":{"line":213,"column":36},"end":{"line":213,"column":62}},"34":{"start":{"line":219,"column":36},"end":{"line":219,"column":62}}},"fnMap":{"0":{"name":"(anonymous_0)","decl":{"start":{"line":20,"column":24},"end":{"line":20,"column":25}},"loc":{"start":{"line":20,"column":30},"end":{"line":229,"column":1}},"line":20},"1":{"name":"(anonymous_1)","decl":{"start":{"line":30,"column":34},"end":{"line":30,"column":35}},"loc":{"start":{"line":30,"column":59},"end":{"line":30,"column":89}},"line":30},"2":{"name":"(anonymous_2)","decl":{"start":{"line":39,"column":21},"end":{"line":39,"column":22}},"loc":{"start":{"line":39,"column":39},"end":{"line":42,"column":5}},"line":39},"3":{"name":"(anonymous_3)","decl":{"start":{"line":44,"column":34},"end":{"line":44,"column":35}},"loc":{"start":{"line":44,"column":60},"end":{"line":47,"column":5}},"line":44},"4":{"name":"(anonymous_4)","decl":{"start":{"line":49,"column":21},"end":{"line":49,"column":22}},"loc":{"start":{"line":49,"column":41},"end":{"line":55,"column":5}},"line":49},"5":{"name":"IconLanguage","decl":{"start":{"line":81,"column":13},"end":{"line":81,"column":25}},"loc":{"start":{"line":81,"column":28},"end":{"line":88,"column":5}},"line":81},"6":{"name":"(anonymous_6)","decl":{"start":{"line":117,"column":32},"end":{"line":117,"column":33}},"loc":{"start":{"line":118,"column":28},"end":{"line":127,"column":30}},"line":118},"7":{"name":"(anonymous_7)","decl":{"start":{"line":126,"column":46},"end":{"line":126,"column":47}},"loc":{"start":{"line":126,"column":56},"end":{"line":126,"column":70}},"line":126},"8":{"name":"(anonymous_8)","decl":{"start":{"line":144,"column":36},"end":{"line":144,"column":37}},"loc":{"start":{"line":145,"column":32},"end":{"line":153,"column":34}},"line":145},"9":{"name":"(anonymous_9)","decl":{"start":{"line":152,"column":50},"end":{"line":152,"column":51}},"loc":{"start":{"line":152,"column":60},"end":{"line":152,"column":74}},"line":152},"10":{"name":"(anonymous_10)","decl":{"start":{"line":162,"column":37},"end":{"line":162,"column":38}},"loc":{"start":{"line":162,"column":43},"end":{"line":162,"column":61}},"line":162},"11":{"name":"(anonymous_11)","decl":{"start":{"line":172,"column":29},"end":{"line":172,"column":30}},"loc":{"start":{"line":172,"column":35},"end":{"line":172,"column":81}},"line":172},"12":{"name":"(anonymous_12)","decl":{"start":{"line":175,"column":33},"end":{"line":175,"column":34}},"loc":{"start":{"line":175,"column":39},"end":{"line":175,"column":85}},"line":175},"13":{"name":"(anonymous_13)","decl":{"start":{"line":194,"column":33},"end":{"line":194,"column":34}},"loc":{"start":{"line":194,"column":39},"end":{"line":194,"column":77}},"line":194},"14":{"name":"(anonymous_14)","decl":{"start":{"line":206,"column":42},"end":{"line":206,"column":43}},"loc":{"start":{"line":206,"column":48},"end":{"line":208,"column":33}},"line":206},"15":{"name":"(anonymous_15)","decl":{"start":{"line":212,"column":42},"end":{"line":212,"column":43}},"loc":{"start":{"line":212,"column":48},"end":{"line":214,"column":33}},"line":212},"16":{"name":"(anonymous_16)","decl":{"start":{"line":218,"column":42},"end":{"line":218,"column":43}},"loc":{"start":{"line":218,"column":48},"end":{"line":220,"column":33}},"line":218}},"branchMap":{"0":{"loc":{"start":{"line":50,"column":8},"end":{"line":54,"column":9}},"type":"if","locations":[{"start":{"line":50,"column":8},"end":{"line":54,"column":9}},{"start":{"line":52,"column":15},"end":{"line":54,"column":9}}],"line":50},"1":{"loc":{"start":{"line":132,"column":21},"end":{"line":136,"column":28}},"type":"cond-expr","locations":[{"start":{"line":133,"column":24},"end":{"line":135,"column":31}},{"start":{"line":136,"column":24},"end":{"line":136,"column":28}}],"line":132},"2":{"loc":{"start":{"line":159,"column":34},"end":{"line":159,"column":62}},"type":"cond-expr","locations":[{"start":{"line":159,"column":43},"end":{"line":159,"column":54}},{"start":{"line":159,"column":57},"end":{"line":159,"column":62}}],"line":159},"3":{"loc":{"start":{"line":165,"column":21},"end":{"line":167,"column":28}},"type":"cond-expr","locations":[{"start":{"line":166,"column":24},"end":{"line":166,"column":92}},{"start":{"line":167,"column":24},"end":{"line":167,"column":28}}],"line":165},"4":{"loc":{"start":{"line":187,"column":21},"end":{"line":187,"column":99}},"type":"cond-expr","locations":[{"start":{"line":187,"column":33},"end":{"line":187,"column":92}},{"start":{"line":187,"column":95},"end":{"line":187,"column":99}}],"line":187}},"s":{"0":1,"1":2,"2":2,"3":1,"4":1,"5":1,"6":1,"7":1,"8":1,"9":1,"10":0,"11":1,"12":1,"13":0,"14":0,"15":1,"16":0,"17":0,"18":1,"19":0,"20":0,"21":0,"22":0,"23":1,"24":0,"25":0,"26":0,"27":0,"28":0,"29":0,"30":0,"31":0,"32":0,"33":0,"34":0},"f":{"0":2,"1":0,"2":0,"3":0,"4":0,"5":0,"6":0,"7":0,"8":0,"9":0,"10":0,"11":0,"12":0,"13":0,"14":0,"15":0,"16":0},"b":{"0":[0,0],"1":[0,1],"2":[1,0],"3":[0,1],"4":[0,1]},"_coverageSchema":"1a1c01bbd47fc00a2c39e90264f33305004495a9","hash":"77302b4e5da50d632170cc542935db1820aad9f5"}
,"/Users/gsoft02/Desktop/Hannad/book-app-training-rn/app/screens/Login/styles.ts": {"path":"/Users/gsoft02/Desktop/Hannad/book-app-training-rn/app/screens/Login/styles.ts","statementMap":{"0":{"start":{"line":5,"column":25},"end":{"line":221,"column":1}},"1":{"start":{"line":6,"column":19},"end":{"line":6,"column":40}},"2":{"start":{"line":7,"column":18},"end":{"line":7,"column":38}},"3":{"start":{"line":8,"column":19},"end":{"line":218,"column":6}},"4":{"start":{"line":220,"column":4},"end":{"line":220,"column":18}}},"fnMap":{"0":{"name":"(anonymous_0)","decl":{"start":{"line":5,"column":25},"end":{"line":5,"column":26}},"loc":{"start":{"line":5,"column":31},"end":{"line":221,"column":1}},"line":5}},"branchMap":{},"s":{"0":1,"1":1,"2":1,"3":1,"4":1},"f":{"0":1},"b":{},"_coverageSchema":"1a1c01bbd47fc00a2c39e90264f33305004495a9","hash":"1c2c3d4b21545216ac2da443156b60cb796da125"}
,"/Users/gsoft02/Desktop/Hannad/book-app-training-rn/app/services/addBookToFavoite.ts": {"path":"/Users/gsoft02/Desktop/Hannad/book-app-training-rn/app/services/addBookToFavoite.ts","statementMap":{"0":{"start":{"line":5,"column":4},"end":{"line":5,"column":81}}},"fnMap":{"0":{"name":"addBookToFavorite","decl":{"start":{"line":4,"column":24},"end":{"line":4,"column":41}},"loc":{"start":{"line":4,"column":54},"end":{"line":6,"column":1}},"line":4}},"branchMap":{},"s":{"0":1},"f":{"0":1},"b":{},"_coverageSchema":"1a1c01bbd47fc00a2c39e90264f33305004495a9","hash":"58950838237fd2f0fd97901077c5048c86709e88"}
,"/Users/gsoft02/Desktop/Hannad/book-app-training-rn/app/services/client.ts": {"path":"/Users/gsoft02/Desktop/Hannad/book-app-training-rn/app/services/client.ts","statementMap":{"0":{"start":{"line":8,"column":21},"end":{"line":18,"column":1}},"1":{"start":{"line":9,"column":4},"end":{"line":17,"column":5}},"2":{"start":{"line":10,"column":22},"end":{"line":10,"column":57}},"3":{"start":{"line":11,"column":8},"end":{"line":13,"column":9}},"4":{"start":{"line":12,"column":12},"end":{"line":12,"column":25}},"5":{"start":{"line":14,"column":8},"end":{"line":14,"column":18}},"6":{"start":{"line":16,"column":8},"end":{"line":16,"column":18}},"7":{"start":{"line":30,"column":18},"end":{"line":30,"column":38}},"8":{"start":{"line":32,"column":4},"end":{"line":55,"column":5}},"9":{"start":{"line":33,"column":8},"end":{"line":42,"column":10}},"10":{"start":{"line":44,"column":8},"end":{"line":54,"column":10}},"11":{"start":{"line":57,"column":4},"end":{"line":73,"column":11}},"12":{"start":{"line":59,"column":12},"end":{"line":61,"column":13}},"13":{"start":{"line":60,"column":16},"end":{"line":60,"column":28}},"14":{"start":{"line":62,"column":12},"end":{"line":62,"column":55}},"15":{"start":{"line":63,"column":12},"end":{"line":63,"column":43}},"16":{"start":{"line":65,"column":20},"end":{"line":65,"column":40}},"17":{"start":{"line":66,"column":24},"end":{"line":66,"column":35}},"18":{"start":{"line":67,"column":24},"end":{"line":67,"column":28}},"19":{"start":{"line":69,"column":12},"end":{"line":71,"column":13}},"20":{"start":{"line":70,"column":16},"end":{"line":70,"column":51}},"21":{"start":{"line":72,"column":12},"end":{"line":72,"column":25}}},"fnMap":{"0":{"name":"(anonymous_0)","decl":{"start":{"line":8,"column":21},"end":{"line":8,"column":22}},"loc":{"start":{"line":8,"column":33},"end":{"line":18,"column":1}},"line":8},"1":{"name":"api","decl":{"start":{"line":24,"column":30},"end":{"line":24,"column":33}},"loc":{"start":{"line":29,"column":2},"end":{"line":74,"column":1}},"line":29},"2":{"name":"(anonymous_2)","decl":{"start":{"line":58,"column":14},"end":{"line":58,"column":15}},"loc":{"start":{"line":58,"column":25},"end":{"line":64,"column":9}},"line":58},"3":{"name":"(anonymous_3)","decl":{"start":{"line":65,"column":14},"end":{"line":65,"column":15}},"loc":{"start":{"line":65,"column":20},"end":{"line":65,"column":40}},"line":65},"4":{"name":"(anonymous_4)","decl":{"start":{"line":66,"column":14},"end":{"line":66,"column":15}},"loc":{"start":{"line":66,"column":24},"end":{"line":66,"column":35}},"line":66},"5":{"name":"(anonymous_5)","decl":{"start":{"line":67,"column":14},"end":{"line":67,"column":15}},"loc":{"start":{"line":67,"column":24},"end":{"line":67,"column":28}},"line":67},"6":{"name":"(anonymous_6)","decl":{"start":{"line":68,"column":15},"end":{"line":68,"column":16}},"loc":{"start":{"line":68,"column":26},"end":{"line":73,"column":9}},"line":68}},"branchMap":{"0":{"loc":{"start":{"line":11,"column":8},"end":{"line":13,"column":9}},"type":"if","locations":[{"start":{"line":11,"column":8},"end":{"line":13,"column":9}},{"start":{},"end":{}}],"line":11},"1":{"loc":{"start":{"line":28,"column":4},"end":{"line":28,"column":24}},"type":"default-arg","locations":[{"start":{"line":28,"column":20},"end":{"line":28,"column":24}}],"line":28},"2":{"loc":{"start":{"line":32,"column":4},"end":{"line":55,"column":5}},"type":"if","locations":[{"start":{"line":32,"column":4},"end":{"line":55,"column":5}},{"start":{"line":43,"column":11},"end":{"line":55,"column":5}}],"line":32},"3":{"loc":{"start":{"line":41,"column":16},"end":{"line":41,"column":54}},"type":"binary-expr","locations":[{"start":{"line":41,"column":16},"end":{"line":41,"column":20}},{"start":{"line":41,"column":24},"end":{"line":41,"column":54}}],"line":41},"4":{"loc":{"start":{"line":53,"column":16},"end":{"line":53,"column":54}},"type":"binary-expr","locations":[{"start":{"line":53,"column":16},"end":{"line":53,"column":20}},{"start":{"line":53,"column":24},"end":{"line":53,"column":54}}],"line":53},"5":{"loc":{"start":{"line":59,"column":12},"end":{"line":61,"column":13}},"type":"if","locations":[{"start":{"line":59,"column":12},"end":{"line":61,"column":13}},{"start":{},"end":{}}],"line":59},"6":{"loc":{"start":{"line":69,"column":12},"end":{"line":71,"column":13}},"type":"if","locations":[{"start":{"line":69,"column":12},"end":{"line":71,"column":13}},{"start":{},"end":{}}],"line":69}},"s":{"0":11,"1":1,"2":1,"3":1,"4":0,"5":1,"6":0,"7":1,"8":1,"9":0,"10":1,"11":1,"12":0,"13":0,"14":0,"15":0,"16":0,"17":0,"18":0,"19":0,"20":0,"21":0},"f":{"0":1,"1":1,"2":0,"3":0,"4":0,"5":0,"6":0},"b":{"0":[0,1],"1":[1],"2":[0,1],"3":[0,0],"4":[1,0],"5":[0,0],"6":[0,0]},"_coverageSchema":"1a1c01bbd47fc00a2c39e90264f33305004495a9","hash":"3a95e00e9a6dd0b60aed3e3a4d6517a1bf119c4c"}
,"/Users/gsoft02/Desktop/Hannad/book-app-training-rn/app/services/forgotPassword.ts": {"path":"/Users/gsoft02/Desktop/Hannad/book-app-training-rn/app/services/forgotPassword.ts","statementMap":{"0":{"start":{"line":6,"column":4},"end":{"line":6,"column":88}}},"fnMap":{"0":{"name":"forgotPassword","decl":{"start":{"line":5,"column":24},"end":{"line":5,"column":38}},"loc":{"start":{"line":5,"column":53},"end":{"line":7,"column":1}},"line":5}},"branchMap":{},"s":{"0":0},"f":{"0":0},"b":{},"_coverageSchema":"1a1c01bbd47fc00a2c39e90264f33305004495a9","hash":"3a8a07a077fc4ed2d987cbb6016d3e14703469eb"}
,"/Users/gsoft02/Desktop/Hannad/book-app-training-rn/app/services/getBookDetail.ts": {"path":"/Users/gsoft02/Desktop/Hannad/book-app-training-rn/app/services/getBookDetail.ts","statementMap":{"0":{"start":{"line":5,"column":4},"end":{"line":5,"column":76}}},"fnMap":{"0":{"name":"getBookDetail","decl":{"start":{"line":4,"column":24},"end":{"line":4,"column":37}},"loc":{"start":{"line":4,"column":50},"end":{"line":6,"column":1}},"line":4}},"branchMap":{},"s":{"0":0},"f":{"0":0},"b":{},"_coverageSchema":"1a1c01bbd47fc00a2c39e90264f33305004495a9","hash":"eb4811eddd782cfd865e658bdc54eabe37d88d06"}
,"/Users/gsoft02/Desktop/Hannad/book-app-training-rn/app/services/getBooks.ts": {"path":"/Users/gsoft02/Desktop/Hannad/book-app-training-rn/app/services/getBooks.ts","statementMap":{"0":{"start":{"line":5,"column":4},"end":{"line":5,"column":89}}},"fnMap":{"0":{"name":"getBooks","decl":{"start":{"line":4,"column":24},"end":{"line":4,"column":32}},"loc":{"start":{"line":4,"column":47},"end":{"line":6,"column":1}},"line":4}},"branchMap":{},"s":{"0":0},"f":{"0":0},"b":{},"_coverageSchema":"1a1c01bbd47fc00a2c39e90264f33305004495a9","hash":"cdff2e44bffac35e5fd023d83968e336b260643c"}
,"/Users/gsoft02/Desktop/Hannad/book-app-training-rn/app/services/getFavoriteBooks.ts": {"path":"/Users/gsoft02/Desktop/Hannad/book-app-training-rn/app/services/getFavoriteBooks.ts","statementMap":{"0":{"start":{"line":5,"column":4},"end":{"line":5,"column":73}}},"fnMap":{"0":{"name":"getFavoriteBooks","decl":{"start":{"line":4,"column":24},"end":{"line":4,"column":40}},"loc":{"start":{"line":4,"column":43},"end":{"line":6,"column":1}},"line":4}},"branchMap":{},"s":{"0":0},"f":{"0":0},"b":{},"_coverageSchema":"1a1c01bbd47fc00a2c39e90264f33305004495a9","hash":"f9c56edd01a630c6fe61b547f1ee026f8d06e71d"}
,"/Users/gsoft02/Desktop/Hannad/book-app-training-rn/app/services/getUserDetail.ts": {"path":"/Users/gsoft02/Desktop/Hannad/book-app-training-rn/app/services/getUserDetail.ts","statementMap":{"0":{"start":{"line":5,"column":4},"end":{"line":5,"column":78}}},"fnMap":{"0":{"name":"getUserDetail","decl":{"start":{"line":4,"column":24},"end":{"line":4,"column":37}},"loc":{"start":{"line":4,"column":40},"end":{"line":6,"column":1}},"line":4}},"branchMap":{},"s":{"0":0},"f":{"0":0},"b":{},"_coverageSchema":"1a1c01bbd47fc00a2c39e90264f33305004495a9","hash":"3ebece16c08bbb7d376dc713c8e2214d9c7bc3c1"}
,"/Users/gsoft02/Desktop/Hannad/book-app-training-rn/app/services/loginUser.ts": {"path":"/Users/gsoft02/Desktop/Hannad/book-app-training-rn/app/services/loginUser.ts","statementMap":{"0":{"start":{"line":6,"column":4},"end":{"line":6,"column":93}}},"fnMap":{"0":{"name":"loginUser","decl":{"start":{"line":5,"column":24},"end":{"line":5,"column":33}},"loc":{"start":{"line":5,"column":65},"end":{"line":7,"column":1}},"line":5}},"branchMap":{},"s":{"0":0},"f":{"0":0},"b":{},"_coverageSchema":"1a1c01bbd47fc00a2c39e90264f33305004495a9","hash":"13106f2fa07e852cc1cf8c0aae9ebd8949db7381"}
,"/Users/gsoft02/Desktop/Hannad/book-app-training-rn/app/services/removeBookFromFavoite.ts": {"path":"/Users/gsoft02/Desktop/Hannad/book-app-training-rn/app/services/removeBookFromFavoite.ts","statementMap":{"0":{"start":{"line":5,"column":4},"end":{"line":5,"column":88}}},"fnMap":{"0":{"name":"removeBookFromFavorites","decl":{"start":{"line":4,"column":24},"end":{"line":4,"column":47}},"loc":{"start":{"line":4,"column":72},"end":{"line":6,"column":1}},"line":4}},"branchMap":{},"s":{"0":0},"f":{"0":0},"b":{},"_coverageSchema":"1a1c01bbd47fc00a2c39e90264f33305004495a9","hash":"fce77195c6d3ab302ba80918a41655b9ca44a2e5"}
,"/Users/gsoft02/Desktop/Hannad/book-app-training-rn/app/services/signupUser.ts": {"path":"/Users/gsoft02/Desktop/Hannad/book-app-training-rn/app/services/signupUser.ts","statementMap":{"0":{"start":{"line":5,"column":4},"end":{"line":5,"column":77}}},"fnMap":{"0":{"name":"signupUser","decl":{"start":{"line":4,"column":24},"end":{"line":4,"column":34}},"loc":{"start":{"line":4,"column":51},"end":{"line":6,"column":1}},"line":4}},"branchMap":{},"s":{"0":0},"f":{"0":0},"b":{},"_coverageSchema":"1a1c01bbd47fc00a2c39e90264f33305004495a9","hash":"f20a6ad40c2f99c2581aec468956b6a054c52bda"}
,"/Users/gsoft02/Desktop/Hannad/book-app-training-rn/app/services/updateProfile.ts": {"path":"/Users/gsoft02/Desktop/Hannad/book-app-training-rn/app/services/updateProfile.ts","statementMap":{"0":{"start":{"line":5,"column":4},"end":{"line":5,"column":91}}},"fnMap":{"0":{"name":"updateProfile","decl":{"start":{"line":4,"column":24},"end":{"line":4,"column":37}},"loc":{"start":{"line":4,"column":66},"end":{"line":6,"column":1}},"line":4}},"branchMap":{},"s":{"0":0},"f":{"0":0},"b":{},"_coverageSchema":"1a1c01bbd47fc00a2c39e90264f33305004495a9","hash":"d8041f1930358b22f6f5aae2d945b92c5bd03f6c"}
,"/Users/gsoft02/Desktop/Hannad/book-app-training-rn/app/store/actions/appActions.ts": {"path":"/Users/gsoft02/Desktop/Hannad/book-app-training-rn/app/store/actions/appActions.ts","statementMap":{"0":{"start":{"line":8,"column":4},"end":{"line":11,"column":6}},"1":{"start":{"line":15,"column":4},"end":{"line":18,"column":6}},"2":{"start":{"line":22,"column":4},"end":{"line":24,"column":6}},"3":{"start":{"line":31,"column":4},"end":{"line":34,"column":6}},"4":{"start":{"line":38,"column":4},"end":{"line":41,"column":6}},"5":{"start":{"line":48,"column":4},"end":{"line":51,"column":6}},"6":{"start":{"line":54,"column":4},"end":{"line":57,"column":6}},"7":{"start":{"line":61,"column":4},"end":{"line":64,"column":6}},"8":{"start":{"line":68,"column":4},"end":{"line":71,"column":6}},"9":{"start":{"line":74,"column":8},"end":{"line":77,"column":10}}},"fnMap":{"0":{"name":"getBookRequest","decl":{"start":{"line":7,"column":16},"end":{"line":7,"column":30}},"loc":{"start":{"line":7,"column":48},"end":{"line":12,"column":1}},"line":7},"1":{"name":"getBookResponse","decl":{"start":{"line":14,"column":16},"end":{"line":14,"column":31}},"loc":{"start":{"line":14,"column":61},"end":{"line":19,"column":1}},"line":14},"2":{"name":"getFavoriteBookRequest","decl":{"start":{"line":21,"column":16},"end":{"line":21,"column":38}},"loc":{"start":{"line":21,"column":41},"end":{"line":25,"column":1}},"line":21},"3":{"name":"getFavoriteBookResponse","decl":{"start":{"line":27,"column":16},"end":{"line":27,"column":39}},"loc":{"start":{"line":30,"column":2},"end":{"line":35,"column":1}},"line":30},"4":{"name":"getBookDetailRequest","decl":{"start":{"line":37,"column":16},"end":{"line":37,"column":36}},"loc":{"start":{"line":37,"column":49},"end":{"line":42,"column":1}},"line":37},"5":{"name":"getBookDetailResponse","decl":{"start":{"line":44,"column":16},"end":{"line":44,"column":37}},"loc":{"start":{"line":47,"column":2},"end":{"line":52,"column":1}},"line":47},"6":{"name":"addBookToFavoriteRequest","decl":{"start":{"line":53,"column":16},"end":{"line":53,"column":40}},"loc":{"start":{"line":53,"column":53},"end":{"line":58,"column":1}},"line":53},"7":{"name":"removeBookToFavoriteRequest","decl":{"start":{"line":60,"column":16},"end":{"line":60,"column":43}},"loc":{"start":{"line":60,"column":56},"end":{"line":65,"column":1}},"line":60},"8":{"name":"setNewFavorites","decl":{"start":{"line":67,"column":16},"end":{"line":67,"column":31}},"loc":{"start":{"line":67,"column":62},"end":{"line":72,"column":1}},"line":67},"9":{"name":"setProfileImagePath","decl":{"start":{"line":73,"column":20},"end":{"line":73,"column":39}},"loc":{"start":{"line":73,"column":57},"end":{"line":78,"column":1}},"line":73}},"branchMap":{},"s":{"0":2,"1":7,"2":1,"3":9,"4":1,"5":3,"6":1,"7":1,"8":1,"9":1},"f":{"0":2,"1":7,"2":1,"3":9,"4":1,"5":3,"6":1,"7":1,"8":1,"9":1},"b":{},"_coverageSchema":"1a1c01bbd47fc00a2c39e90264f33305004495a9","hash":"0f44e053440cc25a8df955a599c7ad52ab7f5777"}
,"/Users/gsoft02/Desktop/Hannad/book-app-training-rn/app/store/actions/loginActions.ts": {"path":"/Users/gsoft02/Desktop/Hannad/book-app-training-rn/app/store/actions/loginActions.ts","statementMap":{"0":{"start":{"line":25,"column":4},"end":{"line":28,"column":6}},"1":{"start":{"line":32,"column":4},"end":{"line":34,"column":6}},"2":{"start":{"line":38,"column":4},"end":{"line":40,"column":6}},"3":{"start":{"line":47,"column":4},"end":{"line":50,"column":6}},"4":{"start":{"line":54,"column":4},"end":{"line":56,"column":6}},"5":{"start":{"line":60,"column":4},"end":{"line":62,"column":6}},"6":{"start":{"line":66,"column":4},"end":{"line":68,"column":6}},"7":{"start":{"line":72,"column":4},"end":{"line":75,"column":6}},"8":{"start":{"line":82,"column":4},"end":{"line":85,"column":6}},"9":{"start":{"line":92,"column":4},"end":{"line":95,"column":6}},"10":{"start":{"line":99,"column":4},"end":{"line":102,"column":6}},"11":{"start":{"line":109,"column":4},"end":{"line":112,"column":6}},"12":{"start":{"line":115,"column":4},"end":{"line":118,"column":6}},"13":{"start":{"line":125,"column":4},"end":{"line":128,"column":6}},"14":{"start":{"line":131,"column":4},"end":{"line":134,"column":6}},"15":{"start":{"line":141,"column":4},"end":{"line":144,"column":6}},"16":{"start":{"line":147,"column":4},"end":{"line":149,"column":6}}},"fnMap":{"0":{"name":"requestLogin","decl":{"start":{"line":24,"column":16},"end":{"line":24,"column":28}},"loc":{"start":{"line":24,"column":47},"end":{"line":29,"column":1}},"line":24},"1":{"name":"setLoggedIn","decl":{"start":{"line":31,"column":16},"end":{"line":31,"column":27}},"loc":{"start":{"line":31,"column":30},"end":{"line":35,"column":1}},"line":31},"2":{"name":"loginFailed","decl":{"start":{"line":37,"column":16},"end":{"line":37,"column":27}},"loc":{"start":{"line":37,"column":30},"end":{"line":41,"column":1}},"line":37},"3":{"name":"LoginResponse","decl":{"start":{"line":43,"column":16},"end":{"line":43,"column":29}},"loc":{"start":{"line":46,"column":2},"end":{"line":51,"column":1}},"line":46},"4":{"name":"enableLoader","decl":{"start":{"line":53,"column":16},"end":{"line":53,"column":28}},"loc":{"start":{"line":53,"column":31},"end":{"line":57,"column":1}},"line":53},"5":{"name":"disableLoader","decl":{"start":{"line":59,"column":16},"end":{"line":59,"column":29}},"loc":{"start":{"line":59,"column":32},"end":{"line":63,"column":1}},"line":59},"6":{"name":"logOut","decl":{"start":{"line":65,"column":16},"end":{"line":65,"column":22}},"loc":{"start":{"line":65,"column":25},"end":{"line":69,"column":1}},"line":65},"7":{"name":"userDetailsRequest","decl":{"start":{"line":71,"column":16},"end":{"line":71,"column":34}},"loc":{"start":{"line":71,"column":50},"end":{"line":76,"column":1}},"line":71},"8":{"name":"setToken","decl":{"start":{"line":78,"column":16},"end":{"line":78,"column":24}},"loc":{"start":{"line":81,"column":2},"end":{"line":86,"column":1}},"line":81},"9":{"name":"userDetailsResponse","decl":{"start":{"line":88,"column":16},"end":{"line":88,"column":35}},"loc":{"start":{"line":91,"column":2},"end":{"line":96,"column":1}},"line":91},"10":{"name":"signupRequest","decl":{"start":{"line":98,"column":16},"end":{"line":98,"column":29}},"loc":{"start":{"line":98,"column":48},"end":{"line":103,"column":1}},"line":98},"11":{"name":"signupResponse","decl":{"start":{"line":105,"column":16},"end":{"line":105,"column":30}},"loc":{"start":{"line":108,"column":2},"end":{"line":113,"column":1}},"line":108},"12":{"name":"forgotPassword","decl":{"start":{"line":114,"column":16},"end":{"line":114,"column":30}},"loc":{"start":{"line":114,"column":47},"end":{"line":119,"column":1}},"line":114},"13":{"name":"forgotPasswordResponse","decl":{"start":{"line":121,"column":16},"end":{"line":121,"column":38}},"loc":{"start":{"line":124,"column":2},"end":{"line":129,"column":1}},"line":124},"14":{"name":"updateProfileRequest","decl":{"start":{"line":130,"column":16},"end":{"line":130,"column":36}},"loc":{"start":{"line":130,"column":56},"end":{"line":135,"column":1}},"line":130},"15":{"name":"updateProfileResponse","decl":{"start":{"line":137,"column":16},"end":{"line":137,"column":37}},"loc":{"start":{"line":140,"column":2},"end":{"line":145,"column":1}},"line":140},"16":{"name":"clearLoginResponse","decl":{"start":{"line":146,"column":16},"end":{"line":146,"column":34}},"loc":{"start":{"line":146,"column":37},"end":{"line":150,"column":1}},"line":146}},"branchMap":{},"s":{"0":1,"1":5,"2":1,"3":1,"4":41,"5":69,"6":1,"7":1,"8":1,"9":9,"10":1,"11":1,"12":1,"13":3,"14":1,"15":3,"16":1},"f":{"0":1,"1":5,"2":1,"3":1,"4":41,"5":69,"6":1,"7":1,"8":1,"9":9,"10":1,"11":1,"12":1,"13":3,"14":1,"15":3,"16":1},"b":{},"_coverageSchema":"1a1c01bbd47fc00a2c39e90264f33305004495a9","hash":"f6f889155052a42d84ec956ebeca8c371d7f6f74"}
,"/Users/gsoft02/Desktop/Hannad/book-app-training-rn/app/store/actions/snackbarActions.ts": {"path":"/Users/gsoft02/Desktop/Hannad/book-app-training-rn/app/store/actions/snackbarActions.ts","statementMap":{"0":{"start":{"line":7,"column":4},"end":{"line":10,"column":6}},"1":{"start":{"line":14,"column":4},"end":{"line":16,"column":6}}},"fnMap":{"0":{"name":"enableSnackbar","decl":{"start":{"line":6,"column":16},"end":{"line":6,"column":30}},"loc":{"start":{"line":6,"column":48},"end":{"line":11,"column":1}},"line":6},"1":{"name":"disableSnackbar","decl":{"start":{"line":13,"column":16},"end":{"line":13,"column":31}},"loc":{"start":{"line":13,"column":34},"end":{"line":17,"column":1}},"line":13}},"branchMap":{},"s":{"0":41,"1":1},"f":{"0":41,"1":1},"b":{},"_coverageSchema":"1a1c01bbd47fc00a2c39e90264f33305004495a9","hash":"1bf025b688dbf04fb8d14097653621fdc07b34d7"}
,"/Users/gsoft02/Desktop/Hannad/book-app-training-rn/app/store/actions/types.ts": {"path":"/Users/gsoft02/Desktop/Hannad/book-app-training-rn/app/store/actions/types.ts","statementMap":{"0":{"start":{"line":2,"column":35},"end":{"line":2,"column":56}},"1":{"start":{"line":3,"column":36},"end":{"line":3,"column":58}},"2":{"start":{"line":6,"column":28},"end":{"line":6,"column":42}},"3":{"start":{"line":9,"column":29},"end":{"line":9,"column":44}},"4":{"start":{"line":10,"column":30},"end":{"line":10,"column":46}},"5":{"start":{"line":11,"column":35},"end":{"line":11,"column":56}},"6":{"start":{"line":12,"column":28},"end":{"line":12,"column":42}},"7":{"start":{"line":13,"column":23},"end":{"line":13,"column":32}},"8":{"start":{"line":14,"column":29},"end":{"line":14,"column":44}},"9":{"start":{"line":15,"column":36},"end":{"line":15,"column":58}},"10":{"start":{"line":16,"column":37},"end":{"line":16,"column":60}},"11":{"start":{"line":17,"column":25},"end":{"line":17,"column":36}},"12":{"start":{"line":18,"column":31},"end":{"line":18,"column":48}},"13":{"start":{"line":19,"column":32},"end":{"line":19,"column":50}},"14":{"start":{"line":20,"column":39},"end":{"line":20,"column":64}},"15":{"start":{"line":21,"column":40},"end":{"line":21,"column":66}},"16":{"start":{"line":22,"column":38},"end":{"line":22,"column":62}},"17":{"start":{"line":23,"column":39},"end":{"line":23,"column":64}},"18":{"start":{"line":24,"column":36},"end":{"line":24,"column":58}},"19":{"start":{"line":25,"column":41},"end":{"line":25,"column":68}},"20":{"start":{"line":26,"column":42},"end":{"line":26,"column":70}},"21":{"start":{"line":29,"column":32},"end":{"line":29,"column":50}},"22":{"start":{"line":30,"column":33},"end":{"line":30,"column":52}},"23":{"start":{"line":31,"column":29},"end":{"line":31,"column":44}},"24":{"start":{"line":32,"column":33},"end":{"line":32,"column":52}},"25":{"start":{"line":33,"column":28},"end":{"line":33,"column":42}},"26":{"start":{"line":34,"column":46},"end":{"line":34,"column":78}},"27":{"start":{"line":35,"column":47},"end":{"line":35,"column":80}},"28":{"start":{"line":36,"column":38},"end":{"line":36,"column":62}},"29":{"start":{"line":37,"column":39},"end":{"line":37,"column":64}},"30":{"start":{"line":38,"column":39},"end":{"line":38,"column":64}},"31":{"start":{"line":39,"column":44},"end":{"line":39,"column":74}},"32":{"start":{"line":41,"column":31},"end":{"line":41,"column":48}},"33":{"start":{"line":42,"column":32},"end":{"line":42,"column":50}},"34":{"start":{"line":44,"column":38},"end":{"line":44,"column":62}},"35":{"start":{"line":46,"column":38},"end":{"line":46,"column":62}}},"fnMap":{},"branchMap":{},"s":{"0":18,"1":18,"2":18,"3":18,"4":18,"5":18,"6":18,"7":18,"8":18,"9":18,"10":18,"11":18,"12":18,"13":18,"14":18,"15":18,"16":18,"17":18,"18":18,"19":18,"20":18,"21":18,"22":18,"23":18,"24":18,"25":18,"26":18,"27":18,"28":18,"29":18,"30":18,"31":18,"32":18,"33":18,"34":18,"35":18},"f":{},"b":{},"_coverageSchema":"1a1c01bbd47fc00a2c39e90264f33305004495a9","hash":"589d144513c97ba5c87edd096cf85f7008a1127f"}
,"/Users/gsoft02/Desktop/Hannad/book-app-training-rn/app/store/reducers/appReducer.ts": {"path":"/Users/gsoft02/Desktop/Hannad/book-app-training-rn/app/store/reducers/appReducer.ts","statementMap":{"0":{"start":{"line":6,"column":32},"end":{"line":10,"column":1}},"1":{"start":{"line":12,"column":26},"end":{"line":48,"column":2}},"2":{"start":{"line":14,"column":8},"end":{"line":16,"column":10}},"3":{"start":{"line":19,"column":8},"end":{"line":22,"column":10}},"4":{"start":{"line":25,"column":8},"end":{"line":27,"column":10}},"5":{"start":{"line":30,"column":8},"end":{"line":33,"column":10}},"6":{"start":{"line":37,"column":8},"end":{"line":40,"column":10}},"7":{"start":{"line":43,"column":8},"end":{"line":46,"column":10}}},"fnMap":{"0":{"name":"(anonymous_0)","decl":{"start":{"line":13,"column":4},"end":{"line":13,"column":5}},"loc":{"start":{"line":13,"column":47},"end":{"line":17,"column":5}},"line":13},"1":{"name":"(anonymous_1)","decl":{"start":{"line":18,"column":4},"end":{"line":18,"column":5}},"loc":{"start":{"line":18,"column":71},"end":{"line":23,"column":5}},"line":18},"2":{"name":"(anonymous_2)","decl":{"start":{"line":24,"column":4},"end":{"line":24,"column":5}},"loc":{"start":{"line":24,"column":61},"end":{"line":28,"column":5}},"line":24},"3":{"name":"(anonymous_3)","decl":{"start":{"line":29,"column":4},"end":{"line":29,"column":5}},"loc":{"start":{"line":29,"column":85},"end":{"line":34,"column":5}},"line":29},"4":{"name":"(anonymous_4)","decl":{"start":{"line":36,"column":4},"end":{"line":36,"column":5}},"loc":{"start":{"line":36,"column":76},"end":{"line":41,"column":5}},"line":36},"5":{"name":"(anonymous_5)","decl":{"start":{"line":42,"column":4},"end":{"line":42,"column":5}},"loc":{"start":{"line":42,"column":76},"end":{"line":47,"column":5}},"line":42}},"branchMap":{},"s":{"0":1,"1":1,"2":1,"3":1,"4":1,"5":1,"6":1,"7":1},"f":{"0":1,"1":1,"2":1,"3":1,"4":1,"5":1},"b":{},"_coverageSchema":"1a1c01bbd47fc00a2c39e90264f33305004495a9","hash":"df74a6528609561d116e1a8e53487dee4d98f9a0"}
,"/Users/gsoft02/Desktop/Hannad/book-app-training-rn/app/store/reducers/loginReducer.ts": {"path":"/Users/gsoft02/Desktop/Hannad/book-app-training-rn/app/store/reducers/loginReducer.ts","statementMap":{"0":{"start":{"line":9,"column":34},"end":{"line":12,"column":1}},"1":{"start":{"line":14,"column":28},"end":{"line":55,"column":2}},"2":{"start":{"line":16,"column":8},"end":{"line":20,"column":10}},"3":{"start":{"line":23,"column":8},"end":{"line":23,"column":28}},"4":{"start":{"line":26,"column":8},"end":{"line":29,"column":10}},"5":{"start":{"line":32,"column":8},"end":{"line":35,"column":10}},"6":{"start":{"line":38,"column":8},"end":{"line":41,"column":10}},"7":{"start":{"line":44,"column":8},"end":{"line":47,"column":10}},"8":{"start":{"line":50,"column":8},"end":{"line":53,"column":10}}},"fnMap":{"0":{"name":"(anonymous_0)","decl":{"start":{"line":15,"column":4},"end":{"line":15,"column":5}},"loc":{"start":{"line":15,"column":74},"end":{"line":21,"column":5}},"line":15},"1":{"name":"(anonymous_1)","decl":{"start":{"line":22,"column":4},"end":{"line":22,"column":5}},"loc":{"start":{"line":22,"column":52},"end":{"line":24,"column":5}},"line":22},"2":{"name":"(anonymous_2)","decl":{"start":{"line":25,"column":4},"end":{"line":25,"column":5}},"loc":{"start":{"line":25,"column":46},"end":{"line":30,"column":5}},"line":25},"3":{"name":"(anonymous_3)","decl":{"start":{"line":31,"column":4},"end":{"line":31,"column":5}},"loc":{"start":{"line":31,"column":40},"end":{"line":36,"column":5}},"line":31},"4":{"name":"(anonymous_4)","decl":{"start":{"line":37,"column":4},"end":{"line":37,"column":5}},"loc":{"start":{"line":37,"column":83},"end":{"line":42,"column":5}},"line":37},"5":{"name":"(anonymous_5)","decl":{"start":{"line":43,"column":4},"end":{"line":43,"column":5}},"loc":{"start":{"line":43,"column":78},"end":{"line":48,"column":5}},"line":43},"6":{"name":"(anonymous_6)","decl":{"start":{"line":49,"column":4},"end":{"line":49,"column":5}},"loc":{"start":{"line":49,"column":86},"end":{"line":54,"column":5}},"line":49}},"branchMap":{},"s":{"0":1,"1":1,"2":1,"3":1,"4":1,"5":0,"6":1,"7":1,"8":1},"f":{"0":1,"1":1,"2":1,"3":0,"4":1,"5":1,"6":1},"b":{},"_coverageSchema":"1a1c01bbd47fc00a2c39e90264f33305004495a9","hash":"27a1eb790349cfc5e6dc9fbb8916ec10fb399367"}
,"/Users/gsoft02/Desktop/Hannad/book-app-training-rn/app/store/sagas/addBookToFavoritesSaga.ts": {"path":"/Users/gsoft02/Desktop/Hannad/book-app-training-rn/app/store/sagas/addBookToFavoritesSaga.ts","statementMap":{"0":{"start":{"line":8,"column":4},"end":{"line":23,"column":5}},"1":{"start":{"line":9,"column":44},"end":{"line":9,"column":83}},"2":{"start":{"line":10,"column":0},"end":{"line":10,"column":27}},"3":{"start":{"line":11,"column":8},"end":{"line":19,"column":9}},"4":{"start":{"line":12,"column":12},"end":{"line":12,"column":54}},"5":{"start":{"line":13,"column":15},"end":{"line":19,"column":9}},"6":{"start":{"line":14,"column":12},"end":{"line":14,"column":54}},"7":{"start":{"line":16,"column":12},"end":{"line":16,"column":54}},"8":{"start":{"line":18,"column":12},"end":{"line":18,"column":92}},"9":{"start":{"line":21,"column":8},"end":{"line":21,"column":50}},"10":{"start":{"line":22,"column":8},"end":{"line":22,"column":88}}},"fnMap":{"0":{"name":"addBookToFavorite","decl":{"start":{"line":7,"column":25},"end":{"line":7,"column":42}},"loc":{"start":{"line":7,"column":67},"end":{"line":24,"column":1}},"line":7}},"branchMap":{"0":{"loc":{"start":{"line":11,"column":8},"end":{"line":19,"column":9}},"type":"if","locations":[{"start":{"line":11,"column":8},"end":{"line":19,"column":9}},{"start":{"line":13,"column":15},"end":{"line":19,"column":9}}],"line":11},"1":{"loc":{"start":{"line":11,"column":12},"end":{"line":11,"column":54}},"type":"binary-expr","locations":[{"start":{"line":11,"column":12},"end":{"line":11,"column":20}},{"start":{"line":11,"column":24},"end":{"line":11,"column":54}}],"line":11},"2":{"loc":{"start":{"line":13,"column":15},"end":{"line":19,"column":9}},"type":"if","locations":[{"start":{"line":13,"column":15},"end":{"line":19,"column":9}},{"start":{"line":15,"column":15},"end":{"line":19,"column":9}}],"line":13}},"s":{"0":4,"1":4,"2":3,"3":3,"4":1,"5":2,"6":1,"7":1,"8":1,"9":1,"10":1},"f":{"0":4},"b":{"0":[1,2],"1":[3,3],"2":[1,1]},"_coverageSchema":"1a1c01bbd47fc00a2c39e90264f33305004495a9","hash":"18337dfd55b86d6258301d84ffeafe30cd71584f"}
,"/Users/gsoft02/Desktop/Hannad/book-app-training-rn/app/store/sagas/bookDetailSaga.ts": {"path":"/Users/gsoft02/Desktop/Hannad/book-app-training-rn/app/store/sagas/bookDetailSaga.ts","statementMap":{"0":{"start":{"line":9,"column":4},"end":{"line":34,"column":9}},"1":{"start":{"line":11,"column":8},"end":{"line":11,"column":49}},"2":{"start":{"line":13,"column":35},"end":{"line":13,"column":71}},"3":{"start":{"line":15,"column":8},"end":{"line":30,"column":9}},"4":{"start":{"line":16,"column":12},"end":{"line":16,"column":54}},"5":{"start":{"line":18,"column":12},"end":{"line":20,"column":14}},"6":{"start":{"line":23,"column":12},"end":{"line":29,"column":13}},"7":{"start":{"line":24,"column":16},"end":{"line":24,"column":77}},"8":{"start":{"line":26,"column":16},"end":{"line":26,"column":58}},"9":{"start":{"line":27,"column":19},"end":{"line":29,"column":13}},"10":{"start":{"line":28,"column":16},"end":{"line":28,"column":58}},"11":{"start":{"line":32,"column":12},"end":{"line":32,"column":54}},"12":{"start":{"line":33,"column":12},"end":{"line":33,"column":101}}},"fnMap":{"0":{"name":"fetchBookDetailSaga","decl":{"start":{"line":8,"column":25},"end":{"line":8,"column":44}},"loc":{"start":{"line":8,"column":69},"end":{"line":36,"column":1}},"line":8}},"branchMap":{"0":{"loc":{"start":{"line":15,"column":8},"end":{"line":30,"column":9}},"type":"if","locations":[{"start":{"line":15,"column":8},"end":{"line":30,"column":9}},{"start":{"line":22,"column":13},"end":{"line":30,"column":9}}],"line":15},"1":{"loc":{"start":{"line":23,"column":12},"end":{"line":29,"column":13}},"type":"if","locations":[{"start":{"line":23,"column":12},"end":{"line":29,"column":13}},{"start":{"line":27,"column":19},"end":{"line":29,"column":13}}],"line":23},"2":{"loc":{"start":{"line":23,"column":16},"end":{"line":23,"column":58}},"type":"binary-expr","locations":[{"start":{"line":23,"column":16},"end":{"line":23,"column":24}},{"start":{"line":23,"column":28},"end":{"line":23,"column":58}}],"line":23},"3":{"loc":{"start":{"line":27,"column":19},"end":{"line":29,"column":13}},"type":"if","locations":[{"start":{"line":27,"column":19},"end":{"line":29,"column":13}},{"start":{},"end":{}}],"line":27}},"s":{"0":4,"1":4,"2":3,"3":3,"4":1,"5":1,"6":2,"7":1,"8":1,"9":1,"10":1,"11":1,"12":1},"f":{"0":4},"b":{"0":[1,2],"1":[1,1],"2":[2,2],"3":[1,0]},"_coverageSchema":"1a1c01bbd47fc00a2c39e90264f33305004495a9","hash":"abc3bdde201ede94ac724268a2e52bed29fa8963"}
,"/Users/gsoft02/Desktop/Hannad/book-app-training-rn/app/store/sagas/favoriteBookSaga.ts": {"path":"/Users/gsoft02/Desktop/Hannad/book-app-training-rn/app/store/sagas/favoriteBookSaga.ts","statementMap":{"0":{"start":{"line":9,"column":4},"end":{"line":30,"column":5}},"1":{"start":{"line":11,"column":8},"end":{"line":11,"column":49}},"2":{"start":{"line":13,"column":35},"end":{"line":13,"column":63}},"3":{"start":{"line":15,"column":8},"end":{"line":26,"column":9}},"4":{"start":{"line":16,"column":12},"end":{"line":16,"column":75}},"5":{"start":{"line":18,"column":12},"end":{"line":18,"column":54}},"6":{"start":{"line":19,"column":15},"end":{"line":26,"column":9}},"7":{"start":{"line":20,"column":12},"end":{"line":20,"column":54}},"8":{"start":{"line":22,"column":12},"end":{"line":22,"column":54}},"9":{"start":{"line":23,"column":12},"end":{"line":25,"column":14}},"10":{"start":{"line":28,"column":8},"end":{"line":28,"column":50}},"11":{"start":{"line":29,"column":8},"end":{"line":29,"column":100}}},"fnMap":{"0":{"name":"fetchFavoriteBookAsync","decl":{"start":{"line":8,"column":25},"end":{"line":8,"column":47}},"loc":{"start":{"line":8,"column":50},"end":{"line":31,"column":1}},"line":8}},"branchMap":{"0":{"loc":{"start":{"line":15,"column":8},"end":{"line":26,"column":9}},"type":"if","locations":[{"start":{"line":15,"column":8},"end":{"line":26,"column":9}},{"start":{"line":19,"column":15},"end":{"line":26,"column":9}}],"line":15},"1":{"loc":{"start":{"line":15,"column":12},"end":{"line":15,"column":54}},"type":"binary-expr","locations":[{"start":{"line":15,"column":12},"end":{"line":15,"column":20}},{"start":{"line":15,"column":24},"end":{"line":15,"column":54}}],"line":15},"2":{"loc":{"start":{"line":19,"column":15},"end":{"line":26,"column":9}},"type":"if","locations":[{"start":{"line":19,"column":15},"end":{"line":26,"column":9}},{"start":{"line":21,"column":15},"end":{"line":26,"column":9}}],"line":19}},"s":{"0":4,"1":4,"2":3,"3":3,"4":1,"5":1,"6":2,"7":1,"8":1,"9":1,"10":1,"11":1},"f":{"0":4},"b":{"0":[1,2],"1":[3,3],"2":[1,1]},"_coverageSchema":"1a1c01bbd47fc00a2c39e90264f33305004495a9","hash":"f5211a61ac4c8e8573f691ac49d7d89b3d42f8b4"}
,"/Users/gsoft02/Desktop/Hannad/book-app-training-rn/app/store/sagas/fetchBookSaga.ts": {"path":"/Users/gsoft02/Desktop/Hannad/book-app-training-rn/app/store/sagas/fetchBookSaga.ts","statementMap":{"0":{"start":{"line":14,"column":8},"end":{"line":37,"column":9}},"1":{"start":{"line":15,"column":12},"end":{"line":15,"column":53}},"2":{"start":{"line":18,"column":39},"end":{"line":18,"column":75}},"3":{"start":{"line":19,"column":12},"end":{"line":33,"column":13}},"4":{"start":{"line":20,"column":16},"end":{"line":20,"column":58}},"5":{"start":{"line":22,"column":16},"end":{"line":32,"column":17}},"6":{"start":{"line":23,"column":20},"end":{"line":23,"column":75}},"7":{"start":{"line":24,"column":60},"end":{"line":24,"column":88}},"8":{"start":{"line":25,"column":20},"end":{"line":25,"column":96}},"9":{"start":{"line":26,"column":20},"end":{"line":26,"column":62}},"10":{"start":{"line":27,"column":23},"end":{"line":32,"column":17}},"11":{"start":{"line":28,"column":20},"end":{"line":28,"column":62}},"12":{"start":{"line":29,"column":20},"end":{"line":31,"column":22}},"13":{"start":{"line":35,"column":12},"end":{"line":35,"column":54}},"14":{"start":{"line":36,"column":12},"end":{"line":36,"column":99}}},"fnMap":{"0":{"name":"fetchBookAsync","decl":{"start":{"line":9,"column":25},"end":{"line":9,"column":39}},"loc":{"start":{"line":9,"column":69},"end":{"line":39,"column":5}},"line":9}},"branchMap":{"0":{"loc":{"start":{"line":19,"column":12},"end":{"line":33,"column":13}},"type":"if","locations":[{"start":{"line":19,"column":12},"end":{"line":33,"column":13}},{"start":{"line":21,"column":19},"end":{"line":33,"column":13}}],"line":19},"1":{"loc":{"start":{"line":22,"column":16},"end":{"line":32,"column":17}},"type":"if","locations":[{"start":{"line":22,"column":16},"end":{"line":32,"column":17}},{"start":{"line":27,"column":23},"end":{"line":32,"column":17}}],"line":22},"2":{"loc":{"start":{"line":22,"column":20},"end":{"line":22,"column":62}},"type":"binary-expr","locations":[{"start":{"line":22,"column":20},"end":{"line":22,"column":28}},{"start":{"line":22,"column":32},"end":{"line":22,"column":62}}],"line":22},"3":{"loc":{"start":{"line":27,"column":23},"end":{"line":32,"column":17}},"type":"if","locations":[{"start":{"line":27,"column":23},"end":{"line":32,"column":17}},{"start":{},"end":{}}],"line":27}},"s":{"0":4,"1":4,"2":4,"3":3,"4":1,"5":2,"6":1,"7":1,"8":1,"9":1,"10":1,"11":1,"12":1,"13":1,"14":1},"f":{"0":4},"b":{"0":[1,2],"1":[1,1],"2":[2,2],"3":[1,0]},"_coverageSchema":"1a1c01bbd47fc00a2c39e90264f33305004495a9","hash":"a49a0f82232d9bc703677b94f9497032056472bd"}
,"/Users/gsoft02/Desktop/Hannad/book-app-training-rn/app/store/sagas/forgetPasswordSaga.ts": {"path":"/Users/gsoft02/Desktop/Hannad/book-app-training-rn/app/store/sagas/forgetPasswordSaga.ts","statementMap":{"0":{"start":{"line":16,"column":4},"end":{"line":30,"column":5}},"1":{"start":{"line":18,"column":8},"end":{"line":18,"column":47}},"2":{"start":{"line":20,"column":35},"end":{"line":21,"column":9}},"3":{"start":{"line":23,"column":8},"end":{"line":23,"column":65}},"4":{"start":{"line":24,"column":8},"end":{"line":24,"column":48}},"5":{"start":{"line":28,"column":8},"end":{"line":28,"column":50}},"6":{"start":{"line":29,"column":8},"end":{"line":29,"column":87}}},"fnMap":{"0":{"name":"forgetPassword","decl":{"start":{"line":15,"column":25},"end":{"line":15,"column":39}},"loc":{"start":{"line":15,"column":68},"end":{"line":31,"column":1}},"line":15}},"branchMap":{},"s":{"0":2,"1":2,"2":1,"3":1,"4":1,"5":1,"6":1},"f":{"0":2},"b":{},"_coverageSchema":"1a1c01bbd47fc00a2c39e90264f33305004495a9","hash":"8af9d26f61124b91716ad060979ccee6aaf49384"}
,"/Users/gsoft02/Desktop/Hannad/book-app-training-rn/app/store/sagas/loginSaga.ts": {"path":"/Users/gsoft02/Desktop/Hannad/book-app-training-rn/app/store/sagas/loginSaga.ts","statementMap":{"0":{"start":{"line":20,"column":18},"end":{"line":26,"column":1}},"1":{"start":{"line":21,"column":4},"end":{"line":25,"column":5}},"2":{"start":{"line":22,"column":8},"end":{"line":22,"column":51}},"3":{"start":{"line":30,"column":4},"end":{"line":61,"column":5}},"4":{"start":{"line":31,"column":8},"end":{"line":31,"column":47}},"5":{"start":{"line":33,"column":36},"end":{"line":33,"column":65}},"6":{"start":{"line":35,"column":8},"end":{"line":57,"column":9}},"7":{"start":{"line":36,"column":12},"end":{"line":36,"column":52}},"8":{"start":{"line":38,"column":12},"end":{"line":56,"column":13}},"9":{"start":{"line":39,"column":16},"end":{"line":39,"column":43}},"10":{"start":{"line":41,"column":49},"end":{"line":41,"column":74}},"11":{"start":{"line":42,"column":16},"end":{"line":42,"column":83}},"12":{"start":{"line":44,"column":51},"end":{"line":44,"column":79}},"13":{"start":{"line":45,"column":16},"end":{"line":45,"column":87}},"14":{"start":{"line":47,"column":48},"end":{"line":47,"column":73}},"15":{"start":{"line":48,"column":16},"end":{"line":48,"column":76}},"16":{"start":{"line":50,"column":16},"end":{"line":50,"column":54}},"17":{"start":{"line":52,"column":16},"end":{"line":52,"column":56}},"18":{"start":{"line":53,"column":16},"end":{"line":55,"column":18}},"19":{"start":{"line":59,"column":8},"end":{"line":59,"column":48}},"20":{"start":{"line":60,"column":8},"end":{"line":60,"column":97}}},"fnMap":{"0":{"name":"(anonymous_0)","decl":{"start":{"line":20,"column":18},"end":{"line":20,"column":19}},"loc":{"start":{"line":20,"column":43},"end":{"line":26,"column":1}},"line":20},"1":{"name":"loginAsync","decl":{"start":{"line":29,"column":25},"end":{"line":29,"column":35}},"loc":{"start":{"line":29,"column":57},"end":{"line":67,"column":1}},"line":29}},"branchMap":{"0":{"loc":{"start":{"line":35,"column":8},"end":{"line":57,"column":9}},"type":"if","locations":[{"start":{"line":35,"column":8},"end":{"line":57,"column":9}},{"start":{"line":37,"column":15},"end":{"line":57,"column":9}}],"line":35},"1":{"loc":{"start":{"line":38,"column":12},"end":{"line":56,"column":13}},"type":"if","locations":[{"start":{"line":38,"column":12},"end":{"line":56,"column":13}},{"start":{"line":51,"column":19},"end":{"line":56,"column":13}}],"line":38}},"s":{"0":1,"1":1,"2":1,"3":4,"4":4,"5":4,"6":3,"7":1,"8":2,"9":1,"10":1,"11":1,"12":1,"13":1,"14":1,"15":1,"16":1,"17":1,"18":1,"19":1,"20":1},"f":{"0":1,"1":4},"b":{"0":[1,2],"1":[1,1]},"_coverageSchema":"1a1c01bbd47fc00a2c39e90264f33305004495a9","hash":"570c0596bec255adfced0f42d315ae6d8c40fe06"}
,"/Users/gsoft02/Desktop/Hannad/book-app-training-rn/app/store/sagas/removeBookFromFavoritesSaga.ts": {"path":"/Users/gsoft02/Desktop/Hannad/book-app-training-rn/app/store/sagas/removeBookFromFavoritesSaga.ts","statementMap":{"0":{"start":{"line":8,"column":4},"end":{"line":25,"column":5}},"1":{"start":{"line":11,"column":8},"end":{"line":11,"column":49}},"2":{"start":{"line":13,"column":44},"end":{"line":13,"column":88}},"3":{"start":{"line":15,"column":8},"end":{"line":21,"column":9}},"4":{"start":{"line":16,"column":15},"end":{"line":21,"column":9}},"5":{"start":{"line":17,"column":12},"end":{"line":17,"column":54}},"6":{"start":{"line":19,"column":12},"end":{"line":19,"column":54}},"7":{"start":{"line":20,"column":12},"end":{"line":20,"column":96}},"8":{"start":{"line":23,"column":8},"end":{"line":23,"column":50}},"9":{"start":{"line":24,"column":8},"end":{"line":24,"column":92}}},"fnMap":{"0":{"name":"removeBookfromFavorite","decl":{"start":{"line":7,"column":25},"end":{"line":7,"column":47}},"loc":{"start":{"line":7,"column":72},"end":{"line":26,"column":1}},"line":7}},"branchMap":{"0":{"loc":{"start":{"line":15,"column":8},"end":{"line":21,"column":9}},"type":"if","locations":[{"start":{"line":15,"column":8},"end":{"line":21,"column":9}},{"start":{"line":16,"column":15},"end":{"line":21,"column":9}}],"line":15},"1":{"loc":{"start":{"line":15,"column":12},"end":{"line":15,"column":54}},"type":"binary-expr","locations":[{"start":{"line":15,"column":12},"end":{"line":15,"column":20}},{"start":{"line":15,"column":24},"end":{"line":15,"column":54}}],"line":15},"2":{"loc":{"start":{"line":16,"column":15},"end":{"line":21,"column":9}},"type":"if","locations":[{"start":{"line":16,"column":15},"end":{"line":21,"column":9}},{"start":{"line":18,"column":15},"end":{"line":21,"column":9}}],"line":16}},"s":{"0":4,"1":4,"2":3,"3":2,"4":2,"5":1,"6":1,"7":1,"8":1,"9":1},"f":{"0":4},"b":{"0":[0,2],"1":[2,2],"2":[1,1]},"_coverageSchema":"1a1c01bbd47fc00a2c39e90264f33305004495a9","hash":"1e5907f01e2b226890ce9ca7de99a8daa5c047e7"}
,"/Users/gsoft02/Desktop/Hannad/book-app-training-rn/app/store/sagas/signupSaga.ts": {"path":"/Users/gsoft02/Desktop/Hannad/book-app-training-rn/app/store/sagas/signupSaga.ts","statementMap":{"0":{"start":{"line":17,"column":25},"end":{"line":23,"column":1}},"1":{"start":{"line":18,"column":4},"end":{"line":22,"column":5}},"2":{"start":{"line":19,"column":8},"end":{"line":19,"column":51}},"3":{"start":{"line":28,"column":4},"end":{"line":60,"column":5}},"4":{"start":{"line":29,"column":8},"end":{"line":29,"column":47}},"5":{"start":{"line":30,"column":35},"end":{"line":30,"column":72}},"6":{"start":{"line":31,"column":8},"end":{"line":54,"column":9}},"7":{"start":{"line":32,"column":12},"end":{"line":32,"column":50}},"8":{"start":{"line":34,"column":12},"end":{"line":34,"column":73}},"9":{"start":{"line":36,"column":47},"end":{"line":36,"column":75}},"10":{"start":{"line":37,"column":12},"end":{"line":37,"column":83}},"11":{"start":{"line":39,"column":44},"end":{"line":39,"column":69}},"12":{"start":{"line":40,"column":12},"end":{"line":40,"column":72}},"13":{"start":{"line":42,"column":12},"end":{"line":42,"column":50}},"14":{"start":{"line":43,"column":12},"end":{"line":43,"column":75}},"15":{"start":{"line":45,"column":12},"end":{"line":45,"column":52}},"16":{"start":{"line":49,"column":15},"end":{"line":54,"column":9}},"17":{"start":{"line":50,"column":12},"end":{"line":50,"column":52}},"18":{"start":{"line":51,"column":12},"end":{"line":51,"column":78}},"19":{"start":{"line":52,"column":15},"end":{"line":54,"column":9}},"20":{"start":{"line":53,"column":12},"end":{"line":53,"column":52}},"21":{"start":{"line":56,"column":8},"end":{"line":56,"column":48}},"22":{"start":{"line":57,"column":8},"end":{"line":59,"column":10}}},"fnMap":{"0":{"name":"(anonymous_0)","decl":{"start":{"line":17,"column":25},"end":{"line":17,"column":26}},"loc":{"start":{"line":17,"column":50},"end":{"line":23,"column":1}},"line":17},"1":{"name":"signUpsync","decl":{"start":{"line":27,"column":25},"end":{"line":27,"column":35}},"loc":{"start":{"line":27,"column":61},"end":{"line":61,"column":1}},"line":27}},"branchMap":{"0":{"loc":{"start":{"line":31,"column":8},"end":{"line":54,"column":9}},"type":"if","locations":[{"start":{"line":31,"column":8},"end":{"line":54,"column":9}},{"start":{"line":49,"column":15},"end":{"line":54,"column":9}}],"line":31},"1":{"loc":{"start":{"line":31,"column":12},"end":{"line":31,"column":53}},"type":"binary-expr","locations":[{"start":{"line":31,"column":12},"end":{"line":31,"column":20}},{"start":{"line":31,"column":24},"end":{"line":31,"column":53}}],"line":31},"2":{"loc":{"start":{"line":49,"column":15},"end":{"line":54,"column":9}},"type":"if","locations":[{"start":{"line":49,"column":15},"end":{"line":54,"column":9}},{"start":{"line":52,"column":15},"end":{"line":54,"column":9}}],"line":49},"3":{"loc":{"start":{"line":52,"column":15},"end":{"line":54,"column":9}},"type":"if","locations":[{"start":{"line":52,"column":15},"end":{"line":54,"column":9}},{"start":{},"end":{}}],"line":52}},"s":{"0":1,"1":0,"2":0,"3":4,"4":4,"5":3,"6":3,"7":1,"8":1,"9":1,"10":1,"11":1,"12":1,"13":1,"14":1,"15":1,"16":2,"17":1,"18":1,"19":1,"20":1,"21":1,"22":1},"f":{"0":0,"1":4},"b":{"0":[1,2],"1":[3,3],"2":[1,1],"3":[1,0]},"_coverageSchema":"1a1c01bbd47fc00a2c39e90264f33305004495a9","hash":"caf79f1bee51a47d69c9ede4f646dcded0be8ff2"}
,"/Users/gsoft02/Desktop/Hannad/book-app-training-rn/app/store/sagas/updateProfileDetails.ts": {"path":"/Users/gsoft02/Desktop/Hannad/book-app-training-rn/app/store/sagas/updateProfileDetails.ts","statementMap":{"0":{"start":{"line":9,"column":4},"end":{"line":32,"column":5}},"1":{"start":{"line":10,"column":8},"end":{"line":10,"column":47}},"2":{"start":{"line":12,"column":35},"end":{"line":12,"column":68}},"3":{"start":{"line":14,"column":8},"end":{"line":28,"column":9}},"4":{"start":{"line":15,"column":12},"end":{"line":27,"column":13}},"5":{"start":{"line":16,"column":16},"end":{"line":16,"column":56}},"6":{"start":{"line":18,"column":16},"end":{"line":18,"column":72}},"7":{"start":{"line":19,"column":16},"end":{"line":25,"column":17}},"8":{"start":{"line":20,"column":20},"end":{"line":20,"column":81}},"9":{"start":{"line":22,"column":20},"end":{"line":24,"column":22}},"10":{"start":{"line":26,"column":16},"end":{"line":26,"column":56}},"11":{"start":{"line":30,"column":8},"end":{"line":30,"column":48}},"12":{"start":{"line":31,"column":8},"end":{"line":31,"column":94}}},"fnMap":{"0":{"name":"updateUserDetails","decl":{"start":{"line":8,"column":25},"end":{"line":8,"column":42}},"loc":{"start":{"line":8,"column":67},"end":{"line":33,"column":1}},"line":8}},"branchMap":{"0":{"loc":{"start":{"line":14,"column":8},"end":{"line":28,"column":9}},"type":"if","locations":[{"start":{"line":14,"column":8},"end":{"line":28,"column":9}},{"start":{},"end":{}}],"line":14},"1":{"loc":{"start":{"line":15,"column":12},"end":{"line":27,"column":13}},"type":"if","locations":[{"start":{"line":15,"column":12},"end":{"line":27,"column":13}},{"start":{"line":17,"column":19},"end":{"line":27,"column":13}}],"line":15},"2":{"loc":{"start":{"line":19,"column":16},"end":{"line":25,"column":17}},"type":"if","locations":[{"start":{"line":19,"column":16},"end":{"line":25,"column":17}},{"start":{"line":21,"column":23},"end":{"line":25,"column":17}}],"line":19}},"s":{"0":4,"1":4,"2":3,"3":3,"4":3,"5":1,"6":2,"7":2,"8":1,"9":1,"10":1,"11":1,"12":1},"f":{"0":4},"b":{"0":[3,0],"1":[1,2],"2":[1,1]},"_coverageSchema":"1a1c01bbd47fc00a2c39e90264f33305004495a9","hash":"276ebab96697871510338c4ed3ff6230789e353f"}
,"/Users/gsoft02/Desktop/Hannad/book-app-training-rn/app/store/sagas/userDetails.ts": {"path":"/Users/gsoft02/Desktop/Hannad/book-app-training-rn/app/store/sagas/userDetails.ts","statementMap":{"0":{"start":{"line":9,"column":4},"end":{"line":26,"column":5}},"1":{"start":{"line":10,"column":35},"end":{"line":10,"column":60}},"2":{"start":{"line":11,"column":8},"end":{"line":22,"column":9}},"3":{"start":{"line":12,"column":12},"end":{"line":21,"column":13}},"4":{"start":{"line":13,"column":16},"end":{"line":13,"column":76}},"5":{"start":{"line":14,"column":19},"end":{"line":21,"column":13}},"6":{"start":{"line":15,"column":16},"end":{"line":15,"column":58}},"7":{"start":{"line":17,"column":16},"end":{"line":17,"column":58}},"8":{"start":{"line":18,"column":16},"end":{"line":20,"column":18}},"9":{"start":{"line":24,"column":8},"end":{"line":24,"column":50}},"10":{"start":{"line":25,"column":8},"end":{"line":25,"column":98}}},"fnMap":{"0":{"name":"getUserDetailAsync","decl":{"start":{"line":8,"column":25},"end":{"line":8,"column":43}},"loc":{"start":{"line":8,"column":46},"end":{"line":27,"column":1}},"line":8}},"branchMap":{"0":{"loc":{"start":{"line":11,"column":8},"end":{"line":22,"column":9}},"type":"if","locations":[{"start":{"line":11,"column":8},"end":{"line":22,"column":9}},{"start":{},"end":{}}],"line":11},"1":{"loc":{"start":{"line":12,"column":12},"end":{"line":21,"column":13}},"type":"if","locations":[{"start":{"line":12,"column":12},"end":{"line":21,"column":13}},{"start":{"line":14,"column":19},"end":{"line":21,"column":13}}],"line":12},"2":{"loc":{"start":{"line":14,"column":19},"end":{"line":21,"column":13}},"type":"if","locations":[{"start":{"line":14,"column":19},"end":{"line":21,"column":13}},{"start":{"line":16,"column":19},"end":{"line":21,"column":13}}],"line":14}},"s":{"0":4,"1":4,"2":3,"3":3,"4":1,"5":2,"6":1,"7":1,"8":1,"9":1,"10":1},"f":{"0":4},"b":{"0":[3,0],"1":[1,2],"2":[1,1]},"_coverageSchema":"1a1c01bbd47fc00a2c39e90264f33305004495a9","hash":"2b2c718f96f320b7bda7f0614bfa4c03081312ef"}
,"/Users/gsoft02/Desktop/Hannad/book-app-training-rn/app/utils/dimentionUtil.js": {"path":"/Users/gsoft02/Desktop/Hannad/book-app-training-rn/app/utils/dimentionUtil.js","statementMap":{"0":{"start":{"line":5,"column":28},"end":{"line":8,"column":1}},"1":{"start":{"line":6,"column":22},"end":{"line":6,"column":96}},"2":{"start":{"line":7,"column":4},"end":{"line":7,"column":75}},"3":{"start":{"line":10,"column":29},"end":{"line":14,"column":1}},"4":{"start":{"line":12,"column":8},"end":{"line":12,"column":85}},"5":{"start":{"line":13,"column":4},"end":{"line":13,"column":77}},"6":{"start":{"line":17,"column":30},"end":{"line":17,"column":70}},"7":{"start":{"line":18,"column":4},"end":{"line":25,"column":11}},"8":{"start":{"line":19,"column":8},"end":{"line":23,"column":11}},"9":{"start":{"line":21,"column":12},"end":{"line":21,"column":53}},"10":{"start":{"line":22,"column":12},"end":{"line":22,"column":34}},"11":{"start":{"line":24,"column":8},"end":{"line":24,"column":66}},"12":{"start":{"line":26,"column":15},"end":{"line":26,"column":81}},"13":{"start":{"line":26,"column":38},"end":{"line":26,"column":71}},"14":{"start":{"line":28,"column":4},"end":{"line":28,"column":14}},"15":{"start":{"line":31,"column":32},"end":{"line":31,"column":73}},"16":{"start":{"line":32,"column":4},"end":{"line":38,"column":11}},"17":{"start":{"line":33,"column":8},"end":{"line":36,"column":11}},"18":{"start":{"line":34,"column":12},"end":{"line":34,"column":55}},"19":{"start":{"line":35,"column":12},"end":{"line":35,"column":36}},"20":{"start":{"line":37,"column":8},"end":{"line":37,"column":66}},"21":{"start":{"line":39,"column":15},"end":{"line":39,"column":84}},"22":{"start":{"line":39,"column":38},"end":{"line":39,"column":73}},"23":{"start":{"line":41,"column":4},"end":{"line":41,"column":14}}},"fnMap":{"0":{"name":"(anonymous_0)","decl":{"start":{"line":5,"column":28},"end":{"line":5,"column":29}},"loc":{"start":{"line":5,"column":59},"end":{"line":8,"column":1}},"line":5},"1":{"name":"(anonymous_1)","decl":{"start":{"line":10,"column":29},"end":{"line":10,"column":30}},"loc":{"start":{"line":10,"column":62},"end":{"line":14,"column":1}},"line":10},"2":{"name":"getPercentageWidth","decl":{"start":{"line":16,"column":16},"end":{"line":16,"column":34}},"loc":{"start":{"line":16,"column":37},"end":{"line":29,"column":1}},"line":16},"3":{"name":"(anonymous_3)","decl":{"start":{"line":18,"column":14},"end":{"line":18,"column":15}},"loc":{"start":{"line":18,"column":20},"end":{"line":25,"column":5}},"line":18},"4":{"name":"(anonymous_4)","decl":{"start":{"line":19,"column":46},"end":{"line":19,"column":47}},"loc":{"start":{"line":19,"column":65},"end":{"line":23,"column":9}},"line":19},"5":{"name":"(anonymous_5)","decl":{"start":{"line":24,"column":56},"end":{"line":24,"column":57}},"loc":{"start":{"line":24,"column":62},"end":{"line":24,"column":64}},"line":24},"6":{"name":"(anonymous_6)","decl":{"start":{"line":26,"column":27},"end":{"line":26,"column":28}},"loc":{"start":{"line":26,"column":38},"end":{"line":26,"column":71}},"line":26},"7":{"name":"getPercentageHeight","decl":{"start":{"line":30,"column":16},"end":{"line":30,"column":35}},"loc":{"start":{"line":30,"column":38},"end":{"line":42,"column":1}},"line":30},"8":{"name":"(anonymous_8)","decl":{"start":{"line":32,"column":14},"end":{"line":32,"column":15}},"loc":{"start":{"line":32,"column":20},"end":{"line":38,"column":5}},"line":32},"9":{"name":"(anonymous_9)","decl":{"start":{"line":33,"column":46},"end":{"line":33,"column":47}},"loc":{"start":{"line":33,"column":65},"end":{"line":36,"column":9}},"line":33},"10":{"name":"(anonymous_10)","decl":{"start":{"line":37,"column":56},"end":{"line":37,"column":57}},"loc":{"start":{"line":37,"column":62},"end":{"line":37,"column":64}},"line":37},"11":{"name":"(anonymous_11)","decl":{"start":{"line":39,"column":27},"end":{"line":39,"column":28}},"loc":{"start":{"line":39,"column":38},"end":{"line":39,"column":73}},"line":39}},"branchMap":{"0":{"loc":{"start":{"line":6,"column":22},"end":{"line":6,"column":96}},"type":"cond-expr","locations":[{"start":{"line":6,"column":57},"end":{"line":6,"column":69}},{"start":{"line":6,"column":72},"end":{"line":6,"column":96}}],"line":6},"1":{"loc":{"start":{"line":12,"column":8},"end":{"line":12,"column":85}},"type":"cond-expr","locations":[{"start":{"line":12,"column":44},"end":{"line":12,"column":57}},{"start":{"line":12,"column":60},"end":{"line":12,"column":85}}],"line":12}},"s":{"0":4,"1":117,"2":117,"3":4,"4":83,"5":83,"6":14,"7":14,"8":6,"9":0,"10":0,"11":6,"12":14,"13":117,"14":14,"15":10,"16":9,"17":2,"18":0,"19":0,"20":2,"21":9,"22":83,"23":9},"f":{"0":117,"1":83,"2":14,"3":6,"4":0,"5":0,"6":117,"7":10,"8":2,"9":0,"10":0,"11":83},"b":{"0":[0,117],"1":[0,83]},"_coverageSchema":"1a1c01bbd47fc00a2c39e90264f33305004495a9","hash":"8c395deb8a9e227cbc134d80eba75f62695c7ccc"}
}
