{"/Users/gsoft02/Desktop/Hannad/book-app-training-rn/TestData/Reducer/appData.tsx": {"path":"/Users/gsoft02/Desktop/Hannad/book-app-training-rn/TestData/Reducer/appData.tsx","statementMap":{"0":{"start":{"line":1,"column":39},"end":{"line":1,"column":48}},"1":{"start":{"line":2,"column":36},"end":{"line":2,"column":55}},"2":{"start":{"line":3,"column":43},"end":{"line":3,"column":48}}},"fnMap":{},"branchMap":{},"s":{"0":1,"1":1,"2":1},"f":{},"b":{},"_coverageSchema":"1a1c01bbd47fc00a2c39e90264f33305004495a9","hash":"37d4c9ab9a2b9d2b989ebc3f03ff58ba45dd705c"}
,"/Users/gsoft02/Desktop/Hannad/book-app-training-rn/TestData/Reducer/loginData.tsx": {"path":"/Users/gsoft02/Desktop/Hannad/book-app-training-rn/TestData/Reducer/loginData.tsx","statementMap":{"0":{"start":{"line":1,"column":32},"end":{"line":1,"column":70}},"1":{"start":{"line":2,"column":29},"end":{"line":2,"column":37}},"2":{"start":{"line":3,"column":26},"end":{"line":11,"column":1}},"3":{"start":{"line":12,"column":42},"end":{"line":12,"column":51}}},"fnMap":{},"branchMap":{},"s":{"0":1,"1":1,"2":1,"3":1},"f":{},"b":{},"_coverageSchema":"1a1c01bbd47fc00a2c39e90264f33305004495a9","hash":"8e36e99ae997d9ba8c65d6d94e8639c716ed5e70"}
,"/Users/gsoft02/Desktop/Hannad/book-app-training-rn/app/assets/dummyImages.tsx": {"path":"/Users/gsoft02/Desktop/Hannad/book-app-training-rn/app/assets/dummyImages.tsx","statementMap":{"0":{"start":{"line":1,"column":27},"end":{"line":8,"column":1}}},"fnMap":{},"branchMap":{},"s":{"0":2},"f":{},"b":{},"_coverageSchema":"1a1c01bbd47fc00a2c39e90264f33305004495a9","hash":"1d3b5a3ce3038ad8a39da20b3f7f6b515eebf4c8"}
,"/Users/gsoft02/Desktop/Hannad/book-app-training-rn/app/assets/logo.png": {"path":"/Users/gsoft02/Desktop/Hannad/book-app-training-rn/app/assets/logo.png","statementMap":{"0":{"start":{"line":1,"column":0},"end":{"line":4,"column":6}}},"fnMap":{},"branchMap":{},"s":{"0":25},"f":{},"b":{},"inputSourceMap":null,"_coverageSchema":"1a1c01bbd47fc00a2c39e90264f33305004495a9","hash":"0cadf7e6ccb8126a874750716ee91a7d59cfde34"}
,"/Users/gsoft02/Desktop/Hannad/book-app-training-rn/app/assets/noImageFound.png": {"path":"/Users/gsoft02/Desktop/Hannad/book-app-training-rn/app/assets/noImageFound.png","statementMap":{"0":{"start":{"line":1,"column":0},"end":{"line":4,"column":6}}},"fnMap":{},"branchMap":{},"s":{"0":25},"f":{},"b":{},"inputSourceMap":null,"_coverageSchema":"1a1c01bbd47fc00a2c39e90264f33305004495a9","hash":"1f7d7044d4320a3bd384d350019cf841563e10d4"}
,"/Users/gsoft02/Desktop/Hannad/book-app-training-rn/app/assets/profilePicture.jpg": {"path":"/Users/gsoft02/Desktop/Hannad/book-app-training-rn/app/assets/profilePicture.jpg","statementMap":{"0":{"start":{"line":1,"column":0},"end":{"line":4,"column":6}}},"fnMap":{},"branchMap":{},"s":{"0":25},"f":{},"b":{},"inputSourceMap":null,"_coverageSchema":"1a1c01bbd47fc00a2c39e90264f33305004495a9","hash":"e86574f62701432e840fbb4917e84b2dcab1aa92"}
,"/Users/gsoft02/Desktop/Hannad/book-app-training-rn/app/assets/app/language.png": {"path":"/Users/gsoft02/Desktop/Hannad/book-app-training-rn/app/assets/app/language.png","statementMap":{"0":{"start":{"line":1,"column":0},"end":{"line":4,"column":6}}},"fnMap":{},"branchMap":{},"s":{"0":25},"f":{},"b":{},"inputSourceMap":null,"_coverageSchema":"1a1c01bbd47fc00a2c39e90264f33305004495a9","hash":"3a7830d1e26eef3f06dd15a2ef8b1a322896b82c"}
,"/Users/gsoft02/Desktop/Hannad/book-app-training-rn/app/assets/social/facebook.png": {"path":"/Users/gsoft02/Desktop/Hannad/book-app-training-rn/app/assets/social/facebook.png","statementMap":{"0":{"start":{"line":1,"column":0},"end":{"line":4,"column":6}}},"fnMap":{},"branchMap":{},"s":{"0":25},"f":{},"b":{},"inputSourceMap":null,"_coverageSchema":"1a1c01bbd47fc00a2c39e90264f33305004495a9","hash":"ca4a5a0aec1b0dbd135258efeb1e91108b5d4c0b"}
,"/Users/gsoft02/Desktop/Hannad/book-app-training-rn/app/assets/social/google.png": {"path":"/Users/gsoft02/Desktop/Hannad/book-app-training-rn/app/assets/social/google.png","statementMap":{"0":{"start":{"line":1,"column":0},"end":{"line":4,"column":6}}},"fnMap":{},"branchMap":{},"s":{"0":25},"f":{},"b":{},"inputSourceMap":null,"_coverageSchema":"1a1c01bbd47fc00a2c39e90264f33305004495a9","hash":"cd5f771de29fd8465180eb7d302592af5e70fe3b"}
,"/Users/gsoft02/Desktop/Hannad/book-app-training-rn/app/components/BookCard/BookCard.tsx": {"path":"/Users/gsoft02/Desktop/Hannad/book-app-training-rn/app/components/BookCard/BookCard.tsx","statementMap":{"0":{"start":{"line":21,"column":34},"end":{"line":132,"column":1}},"1":{"start":{"line":30,"column":26},"end":{"line":30,"column":89}},"2":{"start":{"line":30,"column":63},"end":{"line":30,"column":88}},"3":{"start":{"line":31,"column":22},"end":{"line":31,"column":36}},"4":{"start":{"line":32,"column":40},"end":{"line":32,"column":64}},"5":{"start":{"line":33,"column":21},"end":{"line":33,"column":34}},"6":{"start":{"line":34,"column":19},"end":{"line":34,"column":30}},"7":{"start":{"line":35,"column":4},"end":{"line":42,"column":19}},"8":{"start":{"line":36,"column":8},"end":{"line":40,"column":10}},"9":{"start":{"line":37,"column":12},"end":{"line":39,"column":13}},"10":{"start":{"line":38,"column":16},"end":{"line":38,"column":35}},"11":{"start":{"line":44,"column":27},"end":{"line":79,"column":5}},"12":{"start":{"line":45,"column":8},"end":{"line":78,"column":9}},"13":{"start":{"line":47,"column":49},"end":{"line":47,"column":99}},"14":{"start":{"line":47,"column":80},"end":{"line":47,"column":98}},"15":{"start":{"line":50,"column":12},"end":{"line":50,"column":32}},"16":{"start":{"line":53,"column":12},"end":{"line":53,"column":57}},"17":{"start":{"line":56,"column":12},"end":{"line":63,"column":14}},"18":{"start":{"line":57,"column":16},"end":{"line":61,"column":17}},"19":{"start":{"line":58,"column":20},"end":{"line":58,"column":35}},"20":{"start":{"line":60,"column":20},"end":{"line":60,"column":39}},"21":{"start":{"line":62,"column":16},"end":{"line":62,"column":31}},"22":{"start":{"line":65,"column":12},"end":{"line":65,"column":31}},"23":{"start":{"line":66,"column":12},"end":{"line":77,"column":18}},"24":{"start":{"line":68,"column":20},"end":{"line":72,"column":21}},"25":{"start":{"line":69,"column":24},"end":{"line":69,"column":39}},"26":{"start":{"line":71,"column":24},"end":{"line":71,"column":44}},"27":{"start":{"line":73,"column":20},"end":{"line":73,"column":35}},"28":{"start":{"line":76,"column":20},"end":{"line":76,"column":40}},"29":{"start":{"line":81,"column":4},"end":{"line":131,"column":5}}},"fnMap":{"0":{"name":"(anonymous_0)","decl":{"start":{"line":21,"column":34},"end":{"line":21,"column":35}},"loc":{"start":{"line":29,"column":6},"end":{"line":132,"column":1}},"line":29},"1":{"name":"(anonymous_1)","decl":{"start":{"line":30,"column":38},"end":{"line":30,"column":39}},"loc":{"start":{"line":30,"column":63},"end":{"line":30,"column":88}},"line":30},"2":{"name":"(anonymous_2)","decl":{"start":{"line":35,"column":14},"end":{"line":35,"column":15}},"loc":{"start":{"line":35,"column":20},"end":{"line":42,"column":5}},"line":35},"3":{"name":"(anonymous_3)","decl":{"start":{"line":36,"column":33},"end":{"line":36,"column":34}},"loc":{"start":{"line":36,"column":51},"end":{"line":40,"column":9}},"line":36},"4":{"name":"(anonymous_4)","decl":{"start":{"line":44,"column":27},"end":{"line":44,"column":28}},"loc":{"start":{"line":44,"column":39},"end":{"line":79,"column":5}},"line":44},"5":{"name":"(anonymous_5)","decl":{"start":{"line":47,"column":70},"end":{"line":47,"column":71}},"loc":{"start":{"line":47,"column":80},"end":{"line":47,"column":98}},"line":47},"6":{"name":"(anonymous_6)","decl":{"start":{"line":56,"column":43},"end":{"line":56,"column":44}},"loc":{"start":{"line":56,"column":57},"end":{"line":63,"column":13}},"line":56},"7":{"name":"(anonymous_7)","decl":{"start":{"line":67,"column":22},"end":{"line":67,"column":23}},"loc":{"start":{"line":67,"column":36},"end":{"line":74,"column":17}},"line":67},"8":{"name":"(anonymous_8)","decl":{"start":{"line":75,"column":23},"end":{"line":75,"column":24}},"loc":{"start":{"line":75,"column":29},"end":{"line":77,"column":17}},"line":75}},"branchMap":{"0":{"loc":{"start":{"line":37,"column":12},"end":{"line":39,"column":13}},"type":"if","locations":[{"start":{"line":37,"column":12},"end":{"line":39,"column":13}},{"start":{},"end":{}}],"line":37},"1":{"loc":{"start":{"line":45,"column":8},"end":{"line":78,"column":9}},"type":"if","locations":[{"start":{"line":45,"column":8},"end":{"line":78,"column":9}},{"start":{"line":64,"column":15},"end":{"line":78,"column":9}}],"line":45},"2":{"loc":{"start":{"line":57,"column":16},"end":{"line":61,"column":17}},"type":"if","locations":[{"start":{"line":57,"column":16},"end":{"line":61,"column":17}},{"start":{"line":59,"column":23},"end":{"line":61,"column":17}}],"line":57},"3":{"loc":{"start":{"line":57,"column":20},"end":{"line":57,"column":62}},"type":"binary-expr","locations":[{"start":{"line":57,"column":20},"end":{"line":57,"column":28}},{"start":{"line":57,"column":32},"end":{"line":57,"column":62}}],"line":57},"4":{"loc":{"start":{"line":68,"column":20},"end":{"line":72,"column":21}},"type":"if","locations":[{"start":{"line":68,"column":20},"end":{"line":72,"column":21}},{"start":{"line":70,"column":27},"end":{"line":72,"column":21}}],"line":68},"5":{"loc":{"start":{"line":68,"column":24},"end":{"line":68,"column":65}},"type":"binary-expr","locations":[{"start":{"line":68,"column":24},"end":{"line":68,"column":32}},{"start":{"line":68,"column":36},"end":{"line":68,"column":65}}],"line":68},"6":{"loc":{"start":{"line":82,"column":21},"end":{"line":82,"column":92}},"type":"cond-expr","locations":[{"start":{"line":82,"column":49},"end":{"line":82,"column":71}},{"start":{"line":82,"column":74},"end":{"line":82,"column":92}}],"line":82},"7":{"loc":{"start":{"line":87,"column":20},"end":{"line":93,"column":47}},"type":"cond-expr","locations":[{"start":{"line":88,"column":26},"end":{"line":88,"column":44}},{"start":{"line":89,"column":26},"end":{"line":93,"column":47}}],"line":87},"8":{"loc":{"start":{"line":89,"column":26},"end":{"line":93,"column":47}},"type":"cond-expr","locations":[{"start":{"line":90,"column":26},"end":{"line":90,"column":45}},{"start":{"line":91,"column":26},"end":{"line":93,"column":47}}],"line":89},"9":{"loc":{"start":{"line":91,"column":26},"end":{"line":93,"column":47}},"type":"cond-expr","locations":[{"start":{"line":92,"column":26},"end":{"line":92,"column":42}},{"start":{"line":93,"column":26},"end":{"line":93,"column":47}}],"line":91},"10":{"loc":{"start":{"line":96,"column":13},"end":{"line":111,"column":13}},"type":"binary-expr","locations":[{"start":{"line":96,"column":13},"end":{"line":96,"column":22}},{"start":{"line":97,"column":16},"end":{"line":110,"column":18}}],"line":96},"11":{"loc":{"start":{"line":101,"column":24},"end":{"line":105,"column":51}},"type":"cond-expr","locations":[{"start":{"line":102,"column":30},"end":{"line":102,"column":53}},{"start":{"line":103,"column":30},"end":{"line":105,"column":51}}],"line":101},"12":{"loc":{"start":{"line":103,"column":30},"end":{"line":105,"column":51}},"type":"cond-expr","locations":[{"start":{"line":104,"column":30},"end":{"line":104,"column":54}},{"start":{"line":105,"column":30},"end":{"line":105,"column":51}}],"line":103},"13":{"loc":{"start":{"line":107,"column":27},"end":{"line":107,"column":55}},"type":"cond-expr","locations":[{"start":{"line":107,"column":40},"end":{"line":107,"column":45}},{"start":{"line":107,"column":48},"end":{"line":107,"column":55}}],"line":107},"14":{"loc":{"start":{"line":114,"column":20},"end":{"line":118,"column":50}},"type":"cond-expr","locations":[{"start":{"line":115,"column":26},"end":{"line":115,"column":42}},{"start":{"line":116,"column":26},"end":{"line":118,"column":50}}],"line":114},"15":{"loc":{"start":{"line":114,"column":20},"end":{"line":114,"column":73}},"type":"binary-expr","locations":[{"start":{"line":114,"column":20},"end":{"line":114,"column":45}},{"start":{"line":114,"column":49},"end":{"line":114,"column":73}}],"line":114},"16":{"loc":{"start":{"line":116,"column":26},"end":{"line":118,"column":50}},"type":"cond-expr","locations":[{"start":{"line":117,"column":26},"end":{"line":117,"column":47}},{"start":{"line":118,"column":26},"end":{"line":118,"column":50}}],"line":116},"17":{"loc":{"start":{"line":124,"column":20},"end":{"line":126,"column":52}},"type":"cond-expr","locations":[{"start":{"line":125,"column":26},"end":{"line":125,"column":44}},{"start":{"line":126,"column":26},"end":{"line":126,"column":52}}],"line":124},"18":{"loc":{"start":{"line":124,"column":20},"end":{"line":124,"column":100}},"type":"binary-expr","locations":[{"start":{"line":124,"column":20},"end":{"line":124,"column":45}},{"start":{"line":124,"column":49},"end":{"line":124,"column":73}},{"start":{"line":124,"column":77},"end":{"line":124,"column":100}}],"line":124}},"s":{"0":3,"1":12,"2":9,"3":12,"4":12,"5":12,"6":12,"7":12,"8":5,"9":0,"10":0,"11":12,"12":4,"13":0,"14":0,"15":0,"16":0,"17":0,"18":0,"19":0,"20":0,"21":0,"22":4,"23":4,"24":0,"25":0,"26":0,"27":0,"28":4,"29":12},"f":{"0":12,"1":9,"2":5,"3":0,"4":4,"5":0,"6":0,"7":0,"8":4},"b":{"0":[0,0],"1":[0,4],"2":[0,0],"3":[0,0],"4":[0,0],"5":[0,0],"6":[0,12],"7":[0,12],"8":[0,12],"9":[0,12],"10":[12,10],"11":[0,10],"12":[0,10],"13":[3,7],"14":[0,12],"15":[12,12],"16":[0,12],"17":[0,12],"18":[12,12,12]},"_coverageSchema":"1a1c01bbd47fc00a2c39e90264f33305004495a9","hash":"499abad4d77d0221bbe626338978ce4cb73e73bd"}
,"/Users/gsoft02/Desktop/Hannad/book-app-training-rn/app/components/BookCard/styles.ts": {"path":"/Users/gsoft02/Desktop/Hannad/book-app-training-rn/app/components/BookCard/styles.ts","statementMap":{"0":{"start":{"line":5,"column":25},"end":{"line":206,"column":1}},"1":{"start":{"line":6,"column":18},"end":{"line":6,"column":38}},"2":{"start":{"line":7,"column":19},"end":{"line":7,"column":40}},"3":{"start":{"line":8,"column":24},"end":{"line":8,"column":54}},"4":{"start":{"line":9,"column":25},"end":{"line":9,"column":56}},"5":{"start":{"line":10,"column":18},"end":{"line":10,"column":28}},"6":{"start":{"line":11,"column":19},"end":{"line":204,"column":6}},"7":{"start":{"line":205,"column":4},"end":{"line":205,"column":18}}},"fnMap":{"0":{"name":"(anonymous_0)","decl":{"start":{"line":5,"column":25},"end":{"line":5,"column":26}},"loc":{"start":{"line":5,"column":31},"end":{"line":206,"column":1}},"line":5}},"branchMap":{"0":{"loc":{"start":{"line":59,"column":20},"end":{"line":59,"column":78}},"type":"cond-expr","locations":[{"start":{"line":59,"column":49},"end":{"line":59,"column":62}},{"start":{"line":59,"column":65},"end":{"line":59,"column":78}}],"line":59},"1":{"loc":{"start":{"line":60,"column":19},"end":{"line":60,"column":75}},"type":"cond-expr","locations":[{"start":{"line":60,"column":48},"end":{"line":60,"column":60}},{"start":{"line":60,"column":63},"end":{"line":60,"column":75}}],"line":60},"2":{"loc":{"start":{"line":66,"column":20},"end":{"line":66,"column":78}},"type":"cond-expr","locations":[{"start":{"line":66,"column":49},"end":{"line":66,"column":62}},{"start":{"line":66,"column":65},"end":{"line":66,"column":78}}],"line":66},"3":{"loc":{"start":{"line":67,"column":19},"end":{"line":67,"column":75}},"type":"cond-expr","locations":[{"start":{"line":67,"column":48},"end":{"line":67,"column":60}},{"start":{"line":67,"column":63},"end":{"line":67,"column":75}}],"line":67},"4":{"loc":{"start":{"line":72,"column":20},"end":{"line":72,"column":78}},"type":"cond-expr","locations":[{"start":{"line":72,"column":49},"end":{"line":72,"column":62}},{"start":{"line":72,"column":65},"end":{"line":72,"column":78}}],"line":72},"5":{"loc":{"start":{"line":73,"column":19},"end":{"line":73,"column":75}},"type":"cond-expr","locations":[{"start":{"line":73,"column":48},"end":{"line":73,"column":60}},{"start":{"line":73,"column":63},"end":{"line":73,"column":75}}],"line":73},"6":{"loc":{"start":{"line":79,"column":20},"end":{"line":79,"column":78}},"type":"cond-expr","locations":[{"start":{"line":79,"column":49},"end":{"line":79,"column":62}},{"start":{"line":79,"column":65},"end":{"line":79,"column":78}}],"line":79},"7":{"loc":{"start":{"line":80,"column":19},"end":{"line":80,"column":75}},"type":"cond-expr","locations":[{"start":{"line":80,"column":48},"end":{"line":80,"column":60}},{"start":{"line":80,"column":63},"end":{"line":80,"column":75}}],"line":80},"8":{"loc":{"start":{"line":88,"column":20},"end":{"line":88,"column":78}},"type":"cond-expr","locations":[{"start":{"line":88,"column":49},"end":{"line":88,"column":62}},{"start":{"line":88,"column":65},"end":{"line":88,"column":78}}],"line":88},"9":{"loc":{"start":{"line":97,"column":20},"end":{"line":97,"column":78}},"type":"cond-expr","locations":[{"start":{"line":97,"column":49},"end":{"line":97,"column":62}},{"start":{"line":97,"column":65},"end":{"line":97,"column":78}}],"line":97},"10":{"loc":{"start":{"line":98,"column":19},"end":{"line":98,"column":75}},"type":"cond-expr","locations":[{"start":{"line":98,"column":48},"end":{"line":98,"column":60}},{"start":{"line":98,"column":63},"end":{"line":98,"column":75}}],"line":98},"11":{"loc":{"start":{"line":106,"column":20},"end":{"line":106,"column":78}},"type":"cond-expr","locations":[{"start":{"line":106,"column":49},"end":{"line":106,"column":62}},{"start":{"line":106,"column":65},"end":{"line":106,"column":78}}],"line":106},"12":{"loc":{"start":{"line":115,"column":22},"end":{"line":115,"column":77}},"type":"cond-expr","locations":[{"start":{"line":115,"column":51},"end":{"line":115,"column":62}},{"start":{"line":115,"column":65},"end":{"line":115,"column":77}}],"line":115},"13":{"loc":{"start":{"line":126,"column":22},"end":{"line":126,"column":77}},"type":"cond-expr","locations":[{"start":{"line":126,"column":51},"end":{"line":126,"column":62}},{"start":{"line":126,"column":65},"end":{"line":126,"column":77}}],"line":126},"14":{"loc":{"start":{"line":130,"column":20},"end":{"line":130,"column":78}},"type":"cond-expr","locations":[{"start":{"line":130,"column":49},"end":{"line":130,"column":62}},{"start":{"line":130,"column":65},"end":{"line":130,"column":78}}],"line":130},"15":{"loc":{"start":{"line":131,"column":19},"end":{"line":131,"column":75}},"type":"cond-expr","locations":[{"start":{"line":131,"column":48},"end":{"line":131,"column":60}},{"start":{"line":131,"column":63},"end":{"line":131,"column":75}}],"line":131},"16":{"loc":{"start":{"line":158,"column":28},"end":{"line":158,"column":86}},"type":"cond-expr","locations":[{"start":{"line":158,"column":57},"end":{"line":158,"column":70}},{"start":{"line":158,"column":73},"end":{"line":158,"column":86}}],"line":158},"17":{"loc":{"start":{"line":159,"column":30},"end":{"line":163,"column":29}},"type":"cond-expr","locations":[{"start":{"line":160,"column":18},"end":{"line":160,"column":29}},{"start":{"line":161,"column":18},"end":{"line":163,"column":29}}],"line":159},"18":{"loc":{"start":{"line":161,"column":18},"end":{"line":163,"column":29}},"type":"cond-expr","locations":[{"start":{"line":162,"column":18},"end":{"line":162,"column":29}},{"start":{"line":163,"column":18},"end":{"line":163,"column":29}}],"line":161},"19":{"loc":{"start":{"line":167,"column":28},"end":{"line":167,"column":86}},"type":"cond-expr","locations":[{"start":{"line":167,"column":57},"end":{"line":167,"column":70}},{"start":{"line":167,"column":73},"end":{"line":167,"column":86}}],"line":167},"20":{"loc":{"start":{"line":168,"column":30},"end":{"line":168,"column":80}},"type":"cond-expr","locations":[{"start":{"line":168,"column":55},"end":{"line":168,"column":66}},{"start":{"line":168,"column":69},"end":{"line":168,"column":80}}],"line":168},"21":{"loc":{"start":{"line":171,"column":22},"end":{"line":171,"column":78}},"type":"cond-expr","locations":[{"start":{"line":171,"column":51},"end":{"line":171,"column":63}},{"start":{"line":171,"column":66},"end":{"line":171,"column":78}}],"line":171},"22":{"loc":{"start":{"line":177,"column":22},"end":{"line":177,"column":78}},"type":"cond-expr","locations":[{"start":{"line":177,"column":51},"end":{"line":177,"column":63}},{"start":{"line":177,"column":66},"end":{"line":177,"column":78}}],"line":177},"23":{"loc":{"start":{"line":190,"column":22},"end":{"line":190,"column":78}},"type":"cond-expr","locations":[{"start":{"line":190,"column":51},"end":{"line":190,"column":63}},{"start":{"line":190,"column":66},"end":{"line":190,"column":78}}],"line":190},"24":{"loc":{"start":{"line":197,"column":28},"end":{"line":197,"column":86}},"type":"cond-expr","locations":[{"start":{"line":197,"column":57},"end":{"line":197,"column":70}},{"start":{"line":197,"column":73},"end":{"line":197,"column":86}}],"line":197},"25":{"loc":{"start":{"line":198,"column":30},"end":{"line":202,"column":29}},"type":"cond-expr","locations":[{"start":{"line":199,"column":18},"end":{"line":199,"column":29}},{"start":{"line":200,"column":18},"end":{"line":202,"column":29}}],"line":198},"26":{"loc":{"start":{"line":200,"column":18},"end":{"line":202,"column":29}},"type":"cond-expr","locations":[{"start":{"line":201,"column":18},"end":{"line":201,"column":29}},{"start":{"line":202,"column":18},"end":{"line":202,"column":29}}],"line":200}},"s":{"0":3,"1":12,"2":12,"3":12,"4":12,"5":12,"6":12,"7":12},"f":{"0":12},"b":{"0":[12,0],"1":[12,0],"2":[12,0],"3":[12,0],"4":[12,0],"5":[12,0],"6":[12,0],"7":[12,0],"8":[12,0],"9":[12,0],"10":[12,0],"11":[12,0],"12":[12,0],"13":[12,0],"14":[12,0],"15":[12,0],"16":[12,0],"17":[0,12],"18":[12,0],"19":[12,0],"20":[0,12],"21":[12,0],"22":[12,0],"23":[12,0],"24":[12,0],"25":[0,12],"26":[12,0]},"_coverageSchema":"1a1c01bbd47fc00a2c39e90264f33305004495a9","hash":"0b52de2bd08ce2177760c16bcaaa7b579cb40529"}
,"/Users/gsoft02/Desktop/Hannad/book-app-training-rn/app/components/PictureViewer/index.tsx": {"path":"/Users/gsoft02/Desktop/Hannad/book-app-training-rn/app/components/PictureViewer/index.tsx","statementMap":{"0":{"start":{"line":8,"column":39},"end":{"line":21,"column":1}},"1":{"start":{"line":9,"column":18},"end":{"line":9,"column":34}},"2":{"start":{"line":10,"column":19},"end":{"line":10,"column":30}},"3":{"start":{"line":11,"column":4},"end":{"line":20,"column":6}}},"fnMap":{"0":{"name":"(anonymous_0)","decl":{"start":{"line":8,"column":39},"end":{"line":8,"column":40}},"loc":{"start":{"line":8,"column":50},"end":{"line":21,"column":1}},"line":8}},"branchMap":{},"s":{"0":2,"1":14,"2":14,"3":13},"f":{"0":14},"b":{},"_coverageSchema":"1a1c01bbd47fc00a2c39e90264f33305004495a9","hash":"b42b99066e6ccc7da1475b62229c0253c4277563"}
,"/Users/gsoft02/Desktop/Hannad/book-app-training-rn/app/components/PictureViewer/styles.ts": {"path":"/Users/gsoft02/Desktop/Hannad/book-app-training-rn/app/components/PictureViewer/styles.ts","statementMap":{"0":{"start":{"line":5,"column":25},"end":{"line":32,"column":1}},"1":{"start":{"line":6,"column":18},"end":{"line":6,"column":38}},"2":{"start":{"line":7,"column":19},"end":{"line":7,"column":40}},"3":{"start":{"line":8,"column":24},"end":{"line":8,"column":54}},"4":{"start":{"line":9,"column":25},"end":{"line":9,"column":56}},"5":{"start":{"line":10,"column":19},"end":{"line":30,"column":6}},"6":{"start":{"line":31,"column":4},"end":{"line":31,"column":18}}},"fnMap":{"0":{"name":"(anonymous_0)","decl":{"start":{"line":5,"column":25},"end":{"line":5,"column":26}},"loc":{"start":{"line":5,"column":31},"end":{"line":32,"column":1}},"line":5}},"branchMap":{"0":{"loc":{"start":{"line":16,"column":21},"end":{"line":16,"column":77}},"type":"cond-expr","locations":[{"start":{"line":16,"column":50},"end":{"line":16,"column":61}},{"start":{"line":16,"column":64},"end":{"line":16,"column":77}}],"line":16},"1":{"loc":{"start":{"line":16,"column":86},"end":{"line":16,"column":143}},"type":"cond-expr","locations":[{"start":{"line":16,"column":115},"end":{"line":16,"column":128}},{"start":{"line":16,"column":131},"end":{"line":16,"column":143}}],"line":16}},"s":{"0":2,"1":14,"2":13,"3":13,"4":13,"5":13,"6":13},"f":{"0":14},"b":{"0":[13,0],"1":[13,0]},"_coverageSchema":"1a1c01bbd47fc00a2c39e90264f33305004495a9","hash":"f4c673a6b147797e8a8903000b6ec49adc239c40"}
,"/Users/gsoft02/Desktop/Hannad/book-app-training-rn/app/components/SearchBar/index.tsx": {"path":"/Users/gsoft02/Desktop/Hannad/book-app-training-rn/app/components/SearchBar/index.tsx","statementMap":{"0":{"start":{"line":10,"column":28},"end":{"line":37,"column":1}},"1":{"start":{"line":11,"column":40},"end":{"line":11,"column":60}},"2":{"start":{"line":12,"column":18},"end":{"line":12,"column":28}},"3":{"start":{"line":13,"column":19},"end":{"line":13,"column":30}},"4":{"start":{"line":14,"column":21},"end":{"line":14,"column":34}},"5":{"start":{"line":15,"column":18},"end":{"line":15,"column":34}},"6":{"start":{"line":17,"column":29},"end":{"line":19,"column":5}},"7":{"start":{"line":18,"column":8},"end":{"line":18,"column":56}},"8":{"start":{"line":21,"column":4},"end":{"line":36,"column":6}},"9":{"start":{"line":28,"column":40},"end":{"line":28,"column":59}},"10":{"start":{"line":30,"column":36},"end":{"line":30,"column":54}},"11":{"start":{"line":32,"column":70},"end":{"line":32,"column":88}}},"fnMap":{"0":{"name":"(anonymous_0)","decl":{"start":{"line":10,"column":28},"end":{"line":10,"column":29}},"loc":{"start":{"line":10,"column":34},"end":{"line":37,"column":1}},"line":10},"1":{"name":"(anonymous_1)","decl":{"start":{"line":17,"column":29},"end":{"line":17,"column":30}},"loc":{"start":{"line":17,"column":41},"end":{"line":19,"column":5}},"line":17},"2":{"name":"(anonymous_2)","decl":{"start":{"line":28,"column":30},"end":{"line":28,"column":31}},"loc":{"start":{"line":28,"column":40},"end":{"line":28,"column":59}},"line":28},"3":{"name":"(anonymous_3)","decl":{"start":{"line":30,"column":30},"end":{"line":30,"column":31}},"loc":{"start":{"line":30,"column":36},"end":{"line":30,"column":54}},"line":30},"4":{"name":"(anonymous_4)","decl":{"start":{"line":32,"column":64},"end":{"line":32,"column":65}},"loc":{"start":{"line":32,"column":70},"end":{"line":32,"column":88}},"line":32}},"branchMap":{},"s":{"0":1,"1":5,"2":5,"3":5,"4":5,"5":5,"6":5,"7":1,"8":5,"9":1,"10":0,"11":1},"f":{"0":5,"1":1,"2":1,"3":0,"4":1},"b":{},"_coverageSchema":"1a1c01bbd47fc00a2c39e90264f33305004495a9","hash":"0732acc72ef05857dc787cce6c867c464054655a"}
,"/Users/gsoft02/Desktop/Hannad/book-app-training-rn/app/components/SearchBar/styles.ts": {"path":"/Users/gsoft02/Desktop/Hannad/book-app-training-rn/app/components/SearchBar/styles.ts","statementMap":{"0":{"start":{"line":9,"column":25},"end":{"line":153,"column":1}},"1":{"start":{"line":10,"column":18},"end":{"line":10,"column":28}},"2":{"start":{"line":11,"column":18},"end":{"line":11,"column":38}},"3":{"start":{"line":13,"column":19},"end":{"line":151,"column":6}},"4":{"start":{"line":152,"column":4},"end":{"line":152,"column":18}}},"fnMap":{"0":{"name":"(anonymous_0)","decl":{"start":{"line":9,"column":25},"end":{"line":9,"column":26}},"loc":{"start":{"line":9,"column":31},"end":{"line":153,"column":1}},"line":9}},"branchMap":{},"s":{"0":1,"1":5,"2":5,"3":5,"4":5},"f":{"0":5},"b":{},"_coverageSchema":"1a1c01bbd47fc00a2c39e90264f33305004495a9","hash":"76fba4ab5d047e90f342d7243f130a248bed6485"}
,"/Users/gsoft02/Desktop/Hannad/book-app-training-rn/app/config/api-config.ts": {"path":"/Users/gsoft02/Desktop/Hannad/book-app-training-rn/app/config/api-config.ts","statementMap":{"0":{"start":{"line":3,"column":18},"end":{"line":16,"column":1}}},"fnMap":{},"branchMap":{},"s":{"0":14},"f":{},"b":{},"_coverageSchema":"1a1c01bbd47fc00a2c39e90264f33305004495a9","hash":"0fd2abd16091dce348e3cf4617ee019e3a0fc4f9"}
,"/Users/gsoft02/Desktop/Hannad/book-app-training-rn/app/config/images.ts": {"path":"/Users/gsoft02/Desktop/Hannad/book-app-training-rn/app/config/images.ts","statementMap":{"0":{"start":{"line":3,"column":15},"end":{"line":16,"column":1}}},"fnMap":{},"branchMap":{},"s":{"0":25},"f":{},"b":{},"_coverageSchema":"1a1c01bbd47fc00a2c39e90264f33305004495a9","hash":"f179602e8202e3177956dda355e7714eaeada6d4"}
,"/Users/gsoft02/Desktop/Hannad/book-app-training-rn/app/config/styles.ts": {"path":"/Users/gsoft02/Desktop/Hannad/book-app-training-rn/app/config/styles.ts","statementMap":{"0":{"start":{"line":5,"column":18},"end":{"line":23,"column":1}}},"fnMap":{},"branchMap":{},"s":{"0":1},"f":{},"b":{},"_coverageSchema":"1a1c01bbd47fc00a2c39e90264f33305004495a9","hash":"d81bda28d103ac3436ff132330d8e5555ae20c5a"}
,"/Users/gsoft02/Desktop/Hannad/book-app-training-rn/app/lib/createReducer.ts": {"path":"/Users/gsoft02/Desktop/Hannad/book-app-training-rn/app/lib/createReducer.ts","statementMap":{"0":{"start":{"line":6,"column":4},"end":{"line":12,"column":6}},"1":{"start":{"line":7,"column":8},"end":{"line":11,"column":9}},"2":{"start":{"line":8,"column":12},"end":{"line":8,"column":56}},"3":{"start":{"line":10,"column":12},"end":{"line":10,"column":25}}},"fnMap":{"0":{"name":"createReducer","decl":{"start":{"line":5,"column":24},"end":{"line":5,"column":37}},"loc":{"start":{"line":5,"column":72},"end":{"line":13,"column":1}},"line":5},"1":{"name":"reducer","decl":{"start":{"line":6,"column":20},"end":{"line":6,"column":27}},"loc":{"start":{"line":6,"column":63},"end":{"line":12,"column":5}},"line":6}},"branchMap":{"0":{"loc":{"start":{"line":6,"column":28},"end":{"line":6,"column":48}},"type":"default-arg","locations":[{"start":{"line":6,"column":36},"end":{"line":6,"column":48}}],"line":6},"1":{"loc":{"start":{"line":7,"column":8},"end":{"line":11,"column":9}},"type":"if","locations":[{"start":{"line":7,"column":8},"end":{"line":11,"column":9}},{"start":{"line":9,"column":15},"end":{"line":11,"column":9}}],"line":7}},"s":{"0":2,"1":14,"2":12,"3":2},"f":{"0":2,"1":14},"b":{"0":[2],"1":[12,2]},"_coverageSchema":"1a1c01bbd47fc00a2c39e90264f33305004495a9","hash":"c8a0631d50424f2276eb27492235162521e792df"}
,"/Users/gsoft02/Desktop/Hannad/book-app-training-rn/app/screens/BookDetail/Container.tsx": {"path":"/Users/gsoft02/Desktop/Hannad/book-app-training-rn/app/screens/BookDetail/Container.tsx","statementMap":{"0":{"start":{"line":12,"column":35},"end":{"line":122,"column":1}},"1":{"start":{"line":13,"column":30},"end":{"line":17,"column":5}},"2":{"start":{"line":14,"column":23},"end":{"line":14,"column":40}},"3":{"start":{"line":15,"column":22},"end":{"line":15,"column":40}},"4":{"start":{"line":16,"column":8},"end":{"line":16,"column":33}},"5":{"start":{"line":19,"column":19},"end":{"line":19,"column":30}},"6":{"start":{"line":20,"column":23},"end":{"line":20,"column":38}},"7":{"start":{"line":21,"column":22},"end":{"line":21,"column":27}},"8":{"start":{"line":22,"column":19},"end":{"line":22,"column":33}},"9":{"start":{"line":23,"column":18},"end":{"line":23,"column":31}},"10":{"start":{"line":24,"column":18},"end":{"line":24,"column":47}},"11":{"start":{"line":25,"column":21},"end":{"line":25,"column":51}},"12":{"start":{"line":26,"column":18},"end":{"line":26,"column":47}},"13":{"start":{"line":27,"column":18},"end":{"line":27,"column":34}},"14":{"start":{"line":28,"column":38},"end":{"line":28,"column":53}},"15":{"start":{"line":29,"column":40},"end":{"line":29,"column":55}},"16":{"start":{"line":43,"column":32},"end":{"line":46,"column":5}},"17":{"start":{"line":45,"column":8},"end":{"line":45,"column":32}},"18":{"start":{"line":48,"column":4},"end":{"line":121,"column":5}},"19":{"start":{"line":73,"column":32},"end":{"line":73,"column":58}},"20":{"start":{"line":81,"column":43},"end":{"line":81,"column":85}}},"fnMap":{"0":{"name":"(anonymous_0)","decl":{"start":{"line":12,"column":35},"end":{"line":12,"column":36}},"loc":{"start":{"line":12,"column":46},"end":{"line":122,"column":1}},"line":12},"1":{"name":"(anonymous_1)","decl":{"start":{"line":13,"column":30},"end":{"line":13,"column":31}},"loc":{"start":{"line":13,"column":36},"end":{"line":17,"column":5}},"line":13},"2":{"name":"(anonymous_2)","decl":{"start":{"line":43,"column":32},"end":{"line":43,"column":33}},"loc":{"start":{"line":43,"column":38},"end":{"line":46,"column":5}},"line":43},"3":{"name":"(anonymous_3)","decl":{"start":{"line":72,"column":37},"end":{"line":72,"column":38}},"loc":{"start":{"line":72,"column":43},"end":{"line":74,"column":29}},"line":72},"4":{"name":"(anonymous_4)","decl":{"start":{"line":81,"column":37},"end":{"line":81,"column":38}},"loc":{"start":{"line":81,"column":43},"end":{"line":81,"column":85}},"line":81}},"branchMap":{"0":{"loc":{"start":{"line":24,"column":18},"end":{"line":24,"column":47}},"type":"binary-expr","locations":[{"start":{"line":24,"column":18},"end":{"line":24,"column":38}},{"start":{"line":24,"column":42},"end":{"line":24,"column":47}}],"line":24},"1":{"loc":{"start":{"line":25,"column":21},"end":{"line":25,"column":51}},"type":"binary-expr","locations":[{"start":{"line":25,"column":21},"end":{"line":25,"column":37}},{"start":{"line":25,"column":41},"end":{"line":25,"column":51}}],"line":25},"2":{"loc":{"start":{"line":26,"column":18},"end":{"line":26,"column":47}},"type":"binary-expr","locations":[{"start":{"line":26,"column":18},"end":{"line":26,"column":30}},{"start":{"line":26,"column":34},"end":{"line":26,"column":47}}],"line":26},"3":{"loc":{"start":{"line":52,"column":24},"end":{"line":52,"column":38}},"type":"binary-expr","locations":[{"start":{"line":52,"column":24},"end":{"line":52,"column":33}},{"start":{"line":52,"column":37},"end":{"line":52,"column":38}}],"line":52},"4":{"loc":{"start":{"line":68,"column":47},"end":{"line":68,"column":78}},"type":"cond-expr","locations":[{"start":{"line":68,"column":61},"end":{"line":68,"column":70}},{"start":{"line":68,"column":73},"end":{"line":68,"column":78}}],"line":68},"5":{"loc":{"start":{"line":115,"column":39},"end":{"line":115,"column":64}},"type":"cond-expr","locations":[{"start":{"line":115,"column":51},"end":{"line":115,"column":60}},{"start":{"line":115,"column":63},"end":{"line":115,"column":64}}],"line":115}},"s":{"0":2,"1":1,"2":1,"3":1,"4":1,"5":1,"6":1,"7":1,"8":1,"9":1,"10":1,"11":1,"12":1,"13":1,"14":1,"15":1,"16":1,"17":0,"18":1,"19":0,"20":0},"f":{"0":1,"1":1,"2":0,"3":0,"4":0},"b":{"0":[1,1],"1":[1,1],"2":[1,1],"3":[1,1],"4":[1,0],"5":[0,1]},"_coverageSchema":"1a1c01bbd47fc00a2c39e90264f33305004495a9","hash":"496190c126d27ee5843b3ce92da4bd5db7f7cbcd"}
,"/Users/gsoft02/Desktop/Hannad/book-app-training-rn/app/screens/BookDetail/Shimmer.tsx": {"path":"/Users/gsoft02/Desktop/Hannad/book-app-training-rn/app/screens/BookDetail/Shimmer.tsx","statementMap":{"0":{"start":{"line":7,"column":26},"end":{"line":27,"column":1}},"1":{"start":{"line":9,"column":19},"end":{"line":9,"column":30}},"2":{"start":{"line":11,"column":4},"end":{"line":26,"column":6}}},"fnMap":{"0":{"name":"(anonymous_0)","decl":{"start":{"line":7,"column":26},"end":{"line":7,"column":27}},"loc":{"start":{"line":7,"column":32},"end":{"line":27,"column":1}},"line":7}},"branchMap":{},"s":{"0":1,"1":2,"2":2},"f":{"0":2},"b":{},"_coverageSchema":"1a1c01bbd47fc00a2c39e90264f33305004495a9","hash":"842347e18eb7fc2bb26ec5eca714e9022c4e3a4d"}
,"/Users/gsoft02/Desktop/Hannad/book-app-training-rn/app/screens/BookDetail/index.tsx": {"path":"/Users/gsoft02/Desktop/Hannad/book-app-training-rn/app/screens/BookDetail/index.tsx","statementMap":{"0":{"start":{"line":11,"column":25},"end":{"line":11,"column":70}},"1":{"start":{"line":13,"column":41},"end":{"line":46,"column":1}},"2":{"start":{"line":14,"column":21},"end":{"line":14,"column":34}},"3":{"start":{"line":15,"column":19},"end":{"line":15,"column":37}},"4":{"start":{"line":16,"column":36},"end":{"line":16,"column":53}},"5":{"start":{"line":17,"column":38},"end":{"line":17,"column":52}},"6":{"start":{"line":18,"column":23},"end":{"line":18,"column":37}},"7":{"start":{"line":21,"column":4},"end":{"line":35,"column":39}},"8":{"start":{"line":22,"column":8},"end":{"line":22,"column":27}},"9":{"start":{"line":23,"column":8},"end":{"line":34,"column":9}},"10":{"start":{"line":24,"column":12},"end":{"line":31,"column":15}},"11":{"start":{"line":25,"column":16},"end":{"line":30,"column":17}},"12":{"start":{"line":26,"column":20},"end":{"line":26,"column":49}},"13":{"start":{"line":27,"column":20},"end":{"line":27,"column":40}},"14":{"start":{"line":29,"column":20},"end":{"line":29,"column":66}},"15":{"start":{"line":33,"column":12},"end":{"line":33,"column":53}},"16":{"start":{"line":37,"column":4},"end":{"line":45,"column":6}}},"fnMap":{"0":{"name":"(anonymous_0)","decl":{"start":{"line":13,"column":41},"end":{"line":13,"column":42}},"loc":{"start":{"line":13,"column":52},"end":{"line":46,"column":1}},"line":13},"1":{"name":"(anonymous_1)","decl":{"start":{"line":21,"column":14},"end":{"line":21,"column":15}},"loc":{"start":{"line":21,"column":20},"end":{"line":35,"column":5}},"line":21},"2":{"name":"(anonymous_2)","decl":{"start":{"line":24,"column":53},"end":{"line":24,"column":54}},"loc":{"start":{"line":24,"column":67},"end":{"line":31,"column":13}},"line":24}},"branchMap":{"0":{"loc":{"start":{"line":25,"column":16},"end":{"line":30,"column":17}},"type":"if","locations":[{"start":{"line":25,"column":16},"end":{"line":30,"column":17}},{"start":{"line":28,"column":23},"end":{"line":30,"column":17}}],"line":25},"1":{"loc":{"start":{"line":25,"column":20},"end":{"line":25,"column":77}},"type":"binary-expr","locations":[{"start":{"line":25,"column":20},"end":{"line":25,"column":49}},{"start":{"line":25,"column":53},"end":{"line":25,"column":77}}],"line":25},"2":{"loc":{"start":{"line":39,"column":13},"end":{"line":43,"column":13}},"type":"cond-expr","locations":[{"start":{"line":40,"column":16},"end":{"line":40,"column":27}},{"start":{"line":42,"column":16},"end":{"line":42,"column":66}}],"line":39},"3":{"loc":{"start":{"line":39,"column":13},"end":{"line":39,"column":69}},"type":"binary-expr","locations":[{"start":{"line":39,"column":13},"end":{"line":39,"column":22}},{"start":{"line":39,"column":26},"end":{"line":39,"column":48}},{"start":{"line":39,"column":52},"end":{"line":39,"column":69}}],"line":39}},"s":{"0":1,"1":1,"2":2,"3":2,"4":2,"5":2,"6":2,"7":2,"8":2,"9":2,"10":2,"11":0,"12":0,"13":0,"14":0,"15":0,"16":2},"f":{"0":2,"1":2,"2":0},"b":{"0":[0,0],"1":[0,0],"2":[2,0],"3":[2,0,0]},"_coverageSchema":"1a1c01bbd47fc00a2c39e90264f33305004495a9","hash":"babc143464329f35f8a9d3ff03180addd0584e94"}
,"/Users/gsoft02/Desktop/Hannad/book-app-training-rn/app/screens/BookDetail/styles.ts": {"path":"/Users/gsoft02/Desktop/Hannad/book-app-training-rn/app/screens/BookDetail/styles.ts","statementMap":{"0":{"start":{"line":6,"column":25},"end":{"line":201,"column":1}},"1":{"start":{"line":7,"column":18},"end":{"line":7,"column":28}},"2":{"start":{"line":8,"column":19},"end":{"line":8,"column":40}},"3":{"start":{"line":9,"column":18},"end":{"line":9,"column":38}},"4":{"start":{"line":10,"column":24},"end":{"line":10,"column":54}},"5":{"start":{"line":11,"column":25},"end":{"line":11,"column":56}},"6":{"start":{"line":13,"column":19},"end":{"line":199,"column":6}},"7":{"start":{"line":200,"column":4},"end":{"line":200,"column":18}}},"fnMap":{"0":{"name":"(anonymous_0)","decl":{"start":{"line":6,"column":25},"end":{"line":6,"column":26}},"loc":{"start":{"line":6,"column":31},"end":{"line":201,"column":1}},"line":6}},"branchMap":{"0":{"loc":{"start":{"line":84,"column":20},"end":{"line":84,"column":78}},"type":"cond-expr","locations":[{"start":{"line":84,"column":49},"end":{"line":84,"column":62}},{"start":{"line":84,"column":65},"end":{"line":84,"column":78}}],"line":84},"1":{"loc":{"start":{"line":85,"column":19},"end":{"line":85,"column":75}},"type":"cond-expr","locations":[{"start":{"line":85,"column":48},"end":{"line":85,"column":60}},{"start":{"line":85,"column":63},"end":{"line":85,"column":75}}],"line":85}},"s":{"0":2,"1":3,"2":3,"3":3,"4":3,"5":3,"6":3,"7":3},"f":{"0":3},"b":{"0":[3,0],"1":[3,0]},"_coverageSchema":"1a1c01bbd47fc00a2c39e90264f33305004495a9","hash":"c7bd0cd8dbb175d11ce2f78ce3cae6853bdb723d"}
,"/Users/gsoft02/Desktop/Hannad/book-app-training-rn/app/screens/BookReader/index.tsx": {"path":"/Users/gsoft02/Desktop/Hannad/book-app-training-rn/app/screens/BookReader/index.tsx","statementMap":{"0":{"start":{"line":5,"column":29},"end":{"line":16,"column":1}},"1":{"start":{"line":6,"column":16},"end":{"line":8,"column":5}},"2":{"start":{"line":9,"column":19},"end":{"line":9,"column":30}},"3":{"start":{"line":11,"column":4},"end":{"line":15,"column":5}}},"fnMap":{"0":{"name":"(anonymous_0)","decl":{"start":{"line":5,"column":29},"end":{"line":5,"column":30}},"loc":{"start":{"line":5,"column":35},"end":{"line":16,"column":1}},"line":5}},"branchMap":{},"s":{"0":1,"1":1,"2":1,"3":1},"f":{"0":1},"b":{},"_coverageSchema":"1a1c01bbd47fc00a2c39e90264f33305004495a9","hash":"0f3b815007c4ec6e327435b58b0f04c30ba08b90"}
,"/Users/gsoft02/Desktop/Hannad/book-app-training-rn/app/screens/BookReader/styles.ts": {"path":"/Users/gsoft02/Desktop/Hannad/book-app-training-rn/app/screens/BookReader/styles.ts","statementMap":{"0":{"start":{"line":3,"column":25},"end":{"line":19,"column":1}},"1":{"start":{"line":4,"column":19},"end":{"line":4,"column":40}},"2":{"start":{"line":5,"column":18},"end":{"line":5,"column":38}},"3":{"start":{"line":8,"column":19},"end":{"line":17,"column":6}},"4":{"start":{"line":18,"column":4},"end":{"line":18,"column":18}}},"fnMap":{"0":{"name":"(anonymous_0)","decl":{"start":{"line":3,"column":25},"end":{"line":3,"column":26}},"loc":{"start":{"line":3,"column":31},"end":{"line":19,"column":1}},"line":3}},"branchMap":{},"s":{"0":1,"1":1,"2":1,"3":1,"4":1},"f":{"0":1},"b":{},"_coverageSchema":"1a1c01bbd47fc00a2c39e90264f33305004495a9","hash":"0078d82dcff77041347ee2f565cfaf7b3de68e6d"}
,"/Users/gsoft02/Desktop/Hannad/book-app-training-rn/app/screens/ForgotPassword/index.tsx": {"path":"/Users/gsoft02/Desktop/Hannad/book-app-training-rn/app/screens/ForgotPassword/index.tsx","statementMap":{"0":{"start":{"line":13,"column":33},"end":{"line":88,"column":1}},"1":{"start":{"line":15,"column":30},"end":{"line":15,"column":42}},"2":{"start":{"line":16,"column":21},"end":{"line":16,"column":34}},"3":{"start":{"line":17,"column":19},"end":{"line":17,"column":30}},"4":{"start":{"line":18,"column":18},"end":{"line":18,"column":34}},"5":{"start":{"line":21,"column":38},"end":{"line":21,"column":57}},"6":{"start":{"line":23,"column":21},"end":{"line":26,"column":5}},"7":{"start":{"line":24,"column":18},"end":{"line":24,"column":63}},"8":{"start":{"line":25,"column":8},"end":{"line":25,"column":29}},"9":{"start":{"line":28,"column":26},"end":{"line":51,"column":5}},"10":{"start":{"line":29,"column":8},"end":{"line":50,"column":9}},"11":{"start":{"line":30,"column":12},"end":{"line":30,"column":75}},"12":{"start":{"line":32,"column":12},"end":{"line":49,"column":13}},"13":{"start":{"line":34,"column":16},"end":{"line":46,"column":17}},"14":{"start":{"line":35,"column":20},"end":{"line":35,"column":38}},"15":{"start":{"line":36,"column":20},"end":{"line":39,"column":22}},"16":{"start":{"line":37,"column":24},"end":{"line":37,"column":82}},"17":{"start":{"line":38,"column":24},"end":{"line":38,"column":43}},"18":{"start":{"line":40,"column":20},"end":{"line":42,"column":28}},"19":{"start":{"line":41,"column":24},"end":{"line":41,"column":67}},"20":{"start":{"line":44,"column":20},"end":{"line":44,"column":39}},"21":{"start":{"line":45,"column":20},"end":{"line":45,"column":98}},"22":{"start":{"line":48,"column":16},"end":{"line":48,"column":82}},"23":{"start":{"line":53,"column":4},"end":{"line":87,"column":5}},"24":{"start":{"line":75,"column":48},"end":{"line":75,"column":62}}},"fnMap":{"0":{"name":"(anonymous_0)","decl":{"start":{"line":13,"column":33},"end":{"line":13,"column":34}},"loc":{"start":{"line":13,"column":39},"end":{"line":88,"column":1}},"line":13},"1":{"name":"(anonymous_1)","decl":{"start":{"line":23,"column":21},"end":{"line":23,"column":22}},"loc":{"start":{"line":23,"column":39},"end":{"line":26,"column":5}},"line":23},"2":{"name":"(anonymous_2)","decl":{"start":{"line":28,"column":26},"end":{"line":28,"column":27}},"loc":{"start":{"line":28,"column":32},"end":{"line":51,"column":5}},"line":28},"3":{"name":"(anonymous_3)","decl":{"start":{"line":36,"column":47},"end":{"line":36,"column":48}},"loc":{"start":{"line":36,"column":61},"end":{"line":39,"column":21}},"line":36},"4":{"name":"(anonymous_4)","decl":{"start":{"line":40,"column":31},"end":{"line":40,"column":32}},"loc":{"start":{"line":40,"column":37},"end":{"line":42,"column":21}},"line":40},"5":{"name":"(anonymous_5)","decl":{"start":{"line":75,"column":38},"end":{"line":75,"column":39}},"loc":{"start":{"line":75,"column":48},"end":{"line":75,"column":62}},"line":75}},"branchMap":{"0":{"loc":{"start":{"line":29,"column":8},"end":{"line":50,"column":9}},"type":"if","locations":[{"start":{"line":29,"column":8},"end":{"line":50,"column":9}},{"start":{"line":31,"column":15},"end":{"line":50,"column":9}}],"line":29},"1":{"loc":{"start":{"line":32,"column":12},"end":{"line":49,"column":13}},"type":"if","locations":[{"start":{"line":32,"column":12},"end":{"line":49,"column":13}},{"start":{"line":47,"column":19},"end":{"line":49,"column":13}}],"line":32},"2":{"loc":{"start":{"line":83,"column":21},"end":{"line":83,"column":88}},"type":"binary-expr","locations":[{"start":{"line":83,"column":21},"end":{"line":83,"column":30}},{"start":{"line":83,"column":34},"end":{"line":83,"column":88}}],"line":83}},"s":{"0":1,"1":7,"2":7,"3":7,"4":7,"5":7,"6":7,"7":2,"8":2,"9":7,"10":3,"11":1,"12":2,"13":1,"14":1,"15":1,"16":0,"17":0,"18":1,"19":0,"20":0,"21":0,"22":1,"23":7,"24":2},"f":{"0":7,"1":2,"2":3,"3":0,"4":0,"5":2},"b":{"0":[1,2],"1":[1,1],"2":[7,1]},"_coverageSchema":"1a1c01bbd47fc00a2c39e90264f33305004495a9","hash":"a6ef8d0616dfaa6c9f94857ad07cb80a7707b105"}
,"/Users/gsoft02/Desktop/Hannad/book-app-training-rn/app/screens/ForgotPassword/styles.ts": {"path":"/Users/gsoft02/Desktop/Hannad/book-app-training-rn/app/screens/ForgotPassword/styles.ts","statementMap":{"0":{"start":{"line":4,"column":25},"end":{"line":95,"column":1}},"1":{"start":{"line":5,"column":18},"end":{"line":5,"column":28}},"2":{"start":{"line":6,"column":19},"end":{"line":6,"column":40}},"3":{"start":{"line":7,"column":18},"end":{"line":7,"column":38}},"4":{"start":{"line":8,"column":19},"end":{"line":93,"column":6}},"5":{"start":{"line":94,"column":4},"end":{"line":94,"column":18}}},"fnMap":{"0":{"name":"(anonymous_0)","decl":{"start":{"line":4,"column":25},"end":{"line":4,"column":26}},"loc":{"start":{"line":4,"column":31},"end":{"line":95,"column":1}},"line":4}},"branchMap":{},"s":{"0":1,"1":7,"2":7,"3":7,"4":7,"5":7},"f":{"0":7},"b":{},"_coverageSchema":"1a1c01bbd47fc00a2c39e90264f33305004495a9","hash":"1091710b3aa449fc2a7bc498bee32e3f615bec5b"}
,"/Users/gsoft02/Desktop/Hannad/book-app-training-rn/app/screens/Login/index.tsx": {"path":"/Users/gsoft02/Desktop/Hannad/book-app-training-rn/app/screens/Login/index.tsx","statementMap":{"0":{"start":{"line":22,"column":24},"end":{"line":213,"column":1}},"1":{"start":{"line":23,"column":21},"end":{"line":23,"column":34}},"2":{"start":{"line":24,"column":19},"end":{"line":24,"column":40}},"3":{"start":{"line":25,"column":18},"end":{"line":25,"column":38}},"4":{"start":{"line":27,"column":23},"end":{"line":27,"column":38}},"5":{"start":{"line":28,"column":24},"end":{"line":28,"column":40}},"6":{"start":{"line":29,"column":19},"end":{"line":29,"column":30}},"7":{"start":{"line":30,"column":32},"end":{"line":30,"column":55}},"8":{"start":{"line":31,"column":62},"end":{"line":31,"column":86}},"9":{"start":{"line":32,"column":22},"end":{"line":32,"column":90}},"10":{"start":{"line":32,"column":59},"end":{"line":32,"column":89}},"11":{"start":{"line":39,"column":8},"end":{"line":39,"column":17}},"12":{"start":{"line":41,"column":21},"end":{"line":44,"column":5}},"13":{"start":{"line":42,"column":20},"end":{"line":42,"column":65}},"14":{"start":{"line":43,"column":8},"end":{"line":43,"column":29}},"15":{"start":{"line":46,"column":21},"end":{"line":52,"column":5}},"16":{"start":{"line":47,"column":8},"end":{"line":51,"column":9}},"17":{"start":{"line":48,"column":12},"end":{"line":48,"column":39}},"18":{"start":{"line":50,"column":12},"end":{"line":50,"column":78}},"19":{"start":{"line":53,"column":34},"end":{"line":56,"column":5}},"20":{"start":{"line":54,"column":8},"end":{"line":54,"column":43}},"21":{"start":{"line":55,"column":8},"end":{"line":55,"column":49}},"22":{"start":{"line":57,"column":25},"end":{"line":64,"column":5}},"23":{"start":{"line":58,"column":8},"end":{"line":63,"column":9}},"24":{"start":{"line":65,"column":4},"end":{"line":212,"column":5}},"25":{"start":{"line":94,"column":28},"end":{"line":104,"column":30}},"26":{"start":{"line":103,"column":56},"end":{"line":103,"column":70}},"27":{"start":{"line":122,"column":32},"end":{"line":131,"column":34}},"28":{"start":{"line":130,"column":60},"end":{"line":130,"column":74}},"29":{"start":{"line":141,"column":43},"end":{"line":141,"column":61}},"30":{"start":{"line":152,"column":35},"end":{"line":152,"column":81}},"31":{"start":{"line":155,"column":39},"end":{"line":155,"column":85}},"32":{"start":{"line":177,"column":28},"end":{"line":177,"column":66}},"33":{"start":{"line":191,"column":36},"end":{"line":191,"column":61}},"34":{"start":{"line":197,"column":36},"end":{"line":197,"column":61}},"35":{"start":{"line":203,"column":36},"end":{"line":203,"column":61}}},"fnMap":{"0":{"name":"(anonymous_0)","decl":{"start":{"line":22,"column":24},"end":{"line":22,"column":25}},"loc":{"start":{"line":22,"column":30},"end":{"line":213,"column":1}},"line":22},"1":{"name":"(anonymous_1)","decl":{"start":{"line":32,"column":34},"end":{"line":32,"column":35}},"loc":{"start":{"line":32,"column":59},"end":{"line":32,"column":89}},"line":32},"2":{"name":"(anonymous_2)","decl":{"start":{"line":41,"column":21},"end":{"line":41,"column":22}},"loc":{"start":{"line":41,"column":39},"end":{"line":44,"column":5}},"line":41},"3":{"name":"(anonymous_3)","decl":{"start":{"line":46,"column":21},"end":{"line":46,"column":22}},"loc":{"start":{"line":46,"column":41},"end":{"line":52,"column":5}},"line":46},"4":{"name":"(anonymous_4)","decl":{"start":{"line":53,"column":34},"end":{"line":53,"column":35}},"loc":{"start":{"line":53,"column":60},"end":{"line":56,"column":5}},"line":53},"5":{"name":"(anonymous_5)","decl":{"start":{"line":57,"column":25},"end":{"line":57,"column":26}},"loc":{"start":{"line":57,"column":31},"end":{"line":64,"column":5}},"line":57},"6":{"name":"(anonymous_6)","decl":{"start":{"line":93,"column":32},"end":{"line":93,"column":33}},"loc":{"start":{"line":94,"column":28},"end":{"line":104,"column":30}},"line":94},"7":{"name":"(anonymous_7)","decl":{"start":{"line":103,"column":46},"end":{"line":103,"column":47}},"loc":{"start":{"line":103,"column":56},"end":{"line":103,"column":70}},"line":103},"8":{"name":"(anonymous_8)","decl":{"start":{"line":121,"column":36},"end":{"line":121,"column":37}},"loc":{"start":{"line":122,"column":32},"end":{"line":131,"column":34}},"line":122},"9":{"name":"(anonymous_9)","decl":{"start":{"line":130,"column":50},"end":{"line":130,"column":51}},"loc":{"start":{"line":130,"column":60},"end":{"line":130,"column":74}},"line":130},"10":{"name":"(anonymous_10)","decl":{"start":{"line":141,"column":37},"end":{"line":141,"column":38}},"loc":{"start":{"line":141,"column":43},"end":{"line":141,"column":61}},"line":141},"11":{"name":"(anonymous_11)","decl":{"start":{"line":152,"column":29},"end":{"line":152,"column":30}},"loc":{"start":{"line":152,"column":35},"end":{"line":152,"column":81}},"line":152},"12":{"name":"(anonymous_12)","decl":{"start":{"line":155,"column":33},"end":{"line":155,"column":34}},"loc":{"start":{"line":155,"column":39},"end":{"line":155,"column":85}},"line":155},"13":{"name":"(anonymous_13)","decl":{"start":{"line":176,"column":33},"end":{"line":176,"column":34}},"loc":{"start":{"line":176,"column":39},"end":{"line":178,"column":25}},"line":176},"14":{"name":"(anonymous_14)","decl":{"start":{"line":190,"column":42},"end":{"line":190,"column":43}},"loc":{"start":{"line":190,"column":48},"end":{"line":192,"column":33}},"line":190},"15":{"name":"(anonymous_15)","decl":{"start":{"line":196,"column":42},"end":{"line":196,"column":43}},"loc":{"start":{"line":196,"column":48},"end":{"line":198,"column":33}},"line":196},"16":{"name":"(anonymous_16)","decl":{"start":{"line":202,"column":42},"end":{"line":202,"column":43}},"loc":{"start":{"line":202,"column":48},"end":{"line":204,"column":33}},"line":202}},"branchMap":{"0":{"loc":{"start":{"line":47,"column":8},"end":{"line":51,"column":9}},"type":"if","locations":[{"start":{"line":47,"column":8},"end":{"line":51,"column":9}},{"start":{"line":49,"column":15},"end":{"line":51,"column":9}}],"line":47},"1":{"loc":{"start":{"line":109,"column":21},"end":{"line":113,"column":28}},"type":"cond-expr","locations":[{"start":{"line":110,"column":24},"end":{"line":112,"column":31}},{"start":{"line":113,"column":24},"end":{"line":113,"column":28}}],"line":109},"2":{"loc":{"start":{"line":138,"column":34},"end":{"line":138,"column":62}},"type":"cond-expr","locations":[{"start":{"line":138,"column":43},"end":{"line":138,"column":54}},{"start":{"line":138,"column":57},"end":{"line":138,"column":62}}],"line":138},"3":{"loc":{"start":{"line":144,"column":21},"end":{"line":146,"column":28}},"type":"cond-expr","locations":[{"start":{"line":145,"column":24},"end":{"line":145,"column":92}},{"start":{"line":146,"column":24},"end":{"line":146,"column":28}}],"line":144},"4":{"loc":{"start":{"line":168,"column":21},"end":{"line":168,"column":99}},"type":"cond-expr","locations":[{"start":{"line":168,"column":33},"end":{"line":168,"column":92}},{"start":{"line":168,"column":95},"end":{"line":168,"column":99}}],"line":168}},"s":{"0":1,"1":13,"2":13,"3":12,"4":12,"5":12,"6":12,"7":12,"8":12,"9":12,"10":0,"11":12,"12":12,"13":2,"14":2,"15":12,"16":2,"17":1,"18":1,"19":12,"20":1,"21":1,"22":12,"23":12,"24":12,"25":19,"26":2,"27":19,"28":2,"29":1,"30":0,"31":0,"32":0,"33":0,"34":0,"35":0},"f":{"0":13,"1":0,"2":2,"3":2,"4":1,"5":12,"6":19,"7":2,"8":19,"9":2,"10":1,"11":0,"12":0,"13":0,"14":0,"15":0,"16":0},"b":{"0":[1,1],"1":[1,11],"2":[11,1],"3":[1,11],"4":[0,12]},"_coverageSchema":"1a1c01bbd47fc00a2c39e90264f33305004495a9","hash":"4b83097926ba8988ea54a71f34b5699d70f69156"}
,"/Users/gsoft02/Desktop/Hannad/book-app-training-rn/app/screens/Login/styles.ts": {"path":"/Users/gsoft02/Desktop/Hannad/book-app-training-rn/app/screens/Login/styles.ts","statementMap":{"0":{"start":{"line":5,"column":25},"end":{"line":221,"column":1}},"1":{"start":{"line":6,"column":19},"end":{"line":6,"column":40}},"2":{"start":{"line":7,"column":18},"end":{"line":7,"column":38}},"3":{"start":{"line":8,"column":19},"end":{"line":218,"column":6}},"4":{"start":{"line":220,"column":4},"end":{"line":220,"column":18}}},"fnMap":{"0":{"name":"(anonymous_0)","decl":{"start":{"line":5,"column":25},"end":{"line":5,"column":26}},"loc":{"start":{"line":5,"column":31},"end":{"line":221,"column":1}},"line":5}},"branchMap":{},"s":{"0":1,"1":12,"2":12,"3":12,"4":12},"f":{"0":12},"b":{},"_coverageSchema":"1a1c01bbd47fc00a2c39e90264f33305004495a9","hash":"1c2c3d4b21545216ac2da443156b60cb796da125"}
,"/Users/gsoft02/Desktop/Hannad/book-app-training-rn/app/screens/Signup/index.tsx": {"path":"/Users/gsoft02/Desktop/Hannad/book-app-training-rn/app/screens/Signup/index.tsx","statementMap":{"0":{"start":{"line":16,"column":25},"end":{"line":193,"column":1}},"1":{"start":{"line":17,"column":21},"end":{"line":17,"column":34}},"2":{"start":{"line":19,"column":28},"end":{"line":19,"column":52}},"3":{"start":{"line":20,"column":18},"end":{"line":20,"column":34}},"4":{"start":{"line":21,"column":22},"end":{"line":23,"column":5}},"5":{"start":{"line":22,"column":50},"end":{"line":22,"column":80}},"6":{"start":{"line":24,"column":50},"end":{"line":24,"column":62}},"7":{"start":{"line":25,"column":19},"end":{"line":28,"column":5}},"8":{"start":{"line":33,"column":8},"end":{"line":33,"column":17}},"9":{"start":{"line":35,"column":21},"end":{"line":38,"column":5}},"10":{"start":{"line":36,"column":18},"end":{"line":36,"column":63}},"11":{"start":{"line":37,"column":8},"end":{"line":37,"column":29}},"12":{"start":{"line":40,"column":26},"end":{"line":46,"column":5}},"13":{"start":{"line":41,"column":8},"end":{"line":45,"column":9}},"14":{"start":{"line":42,"column":12},"end":{"line":42,"column":54}},"15":{"start":{"line":44,"column":12},"end":{"line":44,"column":63}},"16":{"start":{"line":48,"column":21},"end":{"line":50,"column":5}},"17":{"start":{"line":49,"column":8},"end":{"line":49,"column":27}},"18":{"start":{"line":52,"column":19},"end":{"line":52,"column":30}},"19":{"start":{"line":54,"column":4},"end":{"line":192,"column":5}},"20":{"start":{"line":72,"column":24},"end":{"line":80,"column":26}},"21":{"start":{"line":79,"column":52},"end":{"line":79,"column":66}},"22":{"start":{"line":95,"column":24},"end":{"line":103,"column":26}},"23":{"start":{"line":102,"column":52},"end":{"line":102,"column":66}},"24":{"start":{"line":118,"column":24},"end":{"line":128,"column":26}},"25":{"start":{"line":127,"column":52},"end":{"line":127,"column":66}},"26":{"start":{"line":141,"column":24},"end":{"line":150,"column":26}},"27":{"start":{"line":149,"column":52},"end":{"line":149,"column":66}}},"fnMap":{"0":{"name":"(anonymous_0)","decl":{"start":{"line":16,"column":25},"end":{"line":16,"column":26}},"loc":{"start":{"line":16,"column":31},"end":{"line":193,"column":1}},"line":16},"1":{"name":"(anonymous_1)","decl":{"start":{"line":22,"column":8},"end":{"line":22,"column":9}},"loc":{"start":{"line":22,"column":50},"end":{"line":22,"column":80}},"line":22},"2":{"name":"(anonymous_2)","decl":{"start":{"line":35,"column":21},"end":{"line":35,"column":22}},"loc":{"start":{"line":35,"column":39},"end":{"line":38,"column":5}},"line":35},"3":{"name":"(anonymous_3)","decl":{"start":{"line":40,"column":26},"end":{"line":40,"column":27}},"loc":{"start":{"line":40,"column":55},"end":{"line":46,"column":5}},"line":40},"4":{"name":"(anonymous_4)","decl":{"start":{"line":48,"column":21},"end":{"line":48,"column":22}},"loc":{"start":{"line":48,"column":44},"end":{"line":50,"column":5}},"line":48},"5":{"name":"(anonymous_5)","decl":{"start":{"line":71,"column":28},"end":{"line":71,"column":29}},"loc":{"start":{"line":72,"column":24},"end":{"line":80,"column":26}},"line":72},"6":{"name":"(anonymous_6)","decl":{"start":{"line":79,"column":42},"end":{"line":79,"column":43}},"loc":{"start":{"line":79,"column":52},"end":{"line":79,"column":66}},"line":79},"7":{"name":"(anonymous_7)","decl":{"start":{"line":94,"column":28},"end":{"line":94,"column":29}},"loc":{"start":{"line":95,"column":24},"end":{"line":103,"column":26}},"line":95},"8":{"name":"(anonymous_8)","decl":{"start":{"line":102,"column":42},"end":{"line":102,"column":43}},"loc":{"start":{"line":102,"column":52},"end":{"line":102,"column":66}},"line":102},"9":{"name":"(anonymous_9)","decl":{"start":{"line":117,"column":28},"end":{"line":117,"column":29}},"loc":{"start":{"line":118,"column":24},"end":{"line":128,"column":26}},"line":118},"10":{"name":"(anonymous_10)","decl":{"start":{"line":127,"column":42},"end":{"line":127,"column":43}},"loc":{"start":{"line":127,"column":52},"end":{"line":127,"column":66}},"line":127},"11":{"name":"(anonymous_11)","decl":{"start":{"line":140,"column":28},"end":{"line":140,"column":29}},"loc":{"start":{"line":141,"column":24},"end":{"line":150,"column":26}},"line":141},"12":{"name":"(anonymous_12)","decl":{"start":{"line":149,"column":42},"end":{"line":149,"column":43}},"loc":{"start":{"line":149,"column":52},"end":{"line":149,"column":66}},"line":149}},"branchMap":{"0":{"loc":{"start":{"line":41,"column":8},"end":{"line":45,"column":9}},"type":"if","locations":[{"start":{"line":41,"column":8},"end":{"line":45,"column":9}},{"start":{"line":43,"column":15},"end":{"line":45,"column":9}}],"line":41},"1":{"loc":{"start":{"line":85,"column":17},"end":{"line":87,"column":17}},"type":"binary-expr","locations":[{"start":{"line":85,"column":17},"end":{"line":85,"column":33}},{"start":{"line":86,"column":20},"end":{"line":86,"column":87}}],"line":85},"2":{"loc":{"start":{"line":108,"column":17},"end":{"line":110,"column":17}},"type":"binary-expr","locations":[{"start":{"line":108,"column":17},"end":{"line":108,"column":32}},{"start":{"line":109,"column":20},"end":{"line":109,"column":86}}],"line":108},"3":{"loc":{"start":{"line":133,"column":17},"end":{"line":133,"column":95}},"type":"binary-expr","locations":[{"start":{"line":133,"column":17},"end":{"line":133,"column":29}},{"start":{"line":133,"column":33},"end":{"line":133,"column":95}}],"line":133},"4":{"loc":{"start":{"line":155,"column":17},"end":{"line":157,"column":17}},"type":"binary-expr","locations":[{"start":{"line":155,"column":17},"end":{"line":155,"column":32}},{"start":{"line":156,"column":20},"end":{"line":156,"column":85}}],"line":155},"5":{"loc":{"start":{"line":188,"column":21},"end":{"line":188,"column":93}},"type":"binary-expr","locations":[{"start":{"line":188,"column":21},"end":{"line":188,"column":30}},{"start":{"line":188,"column":34},"end":{"line":188,"column":93}}],"line":188}},"s":{"0":1,"1":15,"2":15,"3":14,"4":14,"5":13,"6":14,"7":14,"8":14,"9":14,"10":2,"11":2,"12":14,"13":2,"14":1,"15":1,"16":14,"17":2,"18":14,"19":14,"20":22,"21":3,"22":22,"23":3,"24":22,"25":3,"26":22,"27":3},"f":{"0":15,"1":13,"2":2,"3":2,"4":2,"5":22,"6":3,"7":22,"8":3,"9":22,"10":3,"11":22,"12":3},"b":{"0":[1,1],"1":[14,1],"2":[14,1],"3":[14,1],"4":[14,1],"5":[14,0]},"_coverageSchema":"1a1c01bbd47fc00a2c39e90264f33305004495a9","hash":"6ff72098571cf22d3b7a7d9d7c0b30117b1d68c5"}
,"/Users/gsoft02/Desktop/Hannad/book-app-training-rn/app/screens/Signup/styles.ts": {"path":"/Users/gsoft02/Desktop/Hannad/book-app-training-rn/app/screens/Signup/styles.ts","statementMap":{"0":{"start":{"line":4,"column":25},"end":{"line":145,"column":1}},"1":{"start":{"line":5,"column":19},"end":{"line":5,"column":40}},"2":{"start":{"line":6,"column":18},"end":{"line":6,"column":38}},"3":{"start":{"line":7,"column":18},"end":{"line":7,"column":28}},"4":{"start":{"line":8,"column":19},"end":{"line":143,"column":6}},"5":{"start":{"line":144,"column":4},"end":{"line":144,"column":18}}},"fnMap":{"0":{"name":"(anonymous_0)","decl":{"start":{"line":4,"column":25},"end":{"line":4,"column":26}},"loc":{"start":{"line":4,"column":31},"end":{"line":145,"column":1}},"line":4}},"branchMap":{},"s":{"0":1,"1":14,"2":14,"3":14,"4":14,"5":14},"f":{"0":14},"b":{},"_coverageSchema":"1a1c01bbd47fc00a2c39e90264f33305004495a9","hash":"03387c91e60c7cb61faa2d281f212b93fbc157d6"}
,"/Users/gsoft02/Desktop/Hannad/book-app-training-rn/app/screens/UserDetail/index.tsx": {"path":"/Users/gsoft02/Desktop/Hannad/book-app-training-rn/app/screens/UserDetail/index.tsx","statementMap":{"0":{"start":{"line":15,"column":29},"end":{"line":203,"column":1}},"1":{"start":{"line":16,"column":21},"end":{"line":16,"column":34}},"2":{"start":{"line":17,"column":21},"end":{"line":17,"column":82}},"3":{"start":{"line":17,"column":58},"end":{"line":17,"column":81}},"4":{"start":{"line":18,"column":22},"end":{"line":18,"column":90}},"5":{"start":{"line":18,"column":59},"end":{"line":18,"column":89}},"6":{"start":{"line":20,"column":38},"end":{"line":20,"column":53}},"7":{"start":{"line":21,"column":38},"end":{"line":21,"column":75}},"8":{"start":{"line":22,"column":36},"end":{"line":22,"column":72}},"9":{"start":{"line":23,"column":30},"end":{"line":23,"column":63}},"10":{"start":{"line":24,"column":40},"end":{"line":24,"column":55}},"11":{"start":{"line":25,"column":18},"end":{"line":25,"column":34}},"12":{"start":{"line":26,"column":19},"end":{"line":26,"column":30}},"13":{"start":{"line":27,"column":23},"end":{"line":27,"column":38}},"14":{"start":{"line":28,"column":19},"end":{"line":31,"column":5}},"15":{"start":{"line":29,"column":8},"end":{"line":29,"column":32}},"16":{"start":{"line":30,"column":8},"end":{"line":30,"column":18}},"17":{"start":{"line":32,"column":30},"end":{"line":34,"column":5}},"18":{"start":{"line":35,"column":34},"end":{"line":35,"column":53}},"19":{"start":{"line":36,"column":25},"end":{"line":46,"column":5}},"20":{"start":{"line":37,"column":8},"end":{"line":45,"column":9}},"21":{"start":{"line":38,"column":26},"end":{"line":38,"column":61}},"22":{"start":{"line":39,"column":12},"end":{"line":41,"column":13}},"23":{"start":{"line":40,"column":16},"end":{"line":40,"column":28}},"24":{"start":{"line":42,"column":12},"end":{"line":42,"column":21}},"25":{"start":{"line":44,"column":12},"end":{"line":44,"column":21}},"26":{"start":{"line":48,"column":25},"end":{"line":58,"column":5}},"27":{"start":{"line":49,"column":8},"end":{"line":57,"column":9}},"28":{"start":{"line":50,"column":26},"end":{"line":50,"column":59}},"29":{"start":{"line":51,"column":12},"end":{"line":53,"column":13}},"30":{"start":{"line":52,"column":16},"end":{"line":52,"column":28}},"31":{"start":{"line":54,"column":12},"end":{"line":54,"column":21}},"32":{"start":{"line":56,"column":12},"end":{"line":56,"column":21}},"33":{"start":{"line":60,"column":23},"end":{"line":72,"column":5}},"34":{"start":{"line":61,"column":22},"end":{"line":61,"column":42}},"35":{"start":{"line":62,"column":8},"end":{"line":71,"column":10}},"36":{"start":{"line":67,"column":12},"end":{"line":70,"column":14}},"37":{"start":{"line":68,"column":16},"end":{"line":68,"column":68}},"38":{"start":{"line":69,"column":16},"end":{"line":69,"column":36}},"39":{"start":{"line":74,"column":28},"end":{"line":78,"column":5}},"40":{"start":{"line":75,"column":8},"end":{"line":77,"column":22}},"41":{"start":{"line":76,"column":12},"end":{"line":76,"column":52}},"42":{"start":{"line":79,"column":21},"end":{"line":83,"column":5}},"43":{"start":{"line":80,"column":8},"end":{"line":82,"column":9}},"44":{"start":{"line":81,"column":12},"end":{"line":81,"column":87}},"45":{"start":{"line":88,"column":22},"end":{"line":94,"column":5}},"46":{"start":{"line":89,"column":22},"end":{"line":89,"column":42}},"47":{"start":{"line":90,"column":21},"end":{"line":90,"column":46}},"48":{"start":{"line":91,"column":8},"end":{"line":93,"column":9}},"49":{"start":{"line":92,"column":12},"end":{"line":92,"column":26}},"50":{"start":{"line":96,"column":4},"end":{"line":98,"column":17}},"51":{"start":{"line":97,"column":8},"end":{"line":97,"column":19}},"52":{"start":{"line":99,"column":4},"end":{"line":202,"column":5}},"53":{"start":{"line":111,"column":28},"end":{"line":111,"column":47}},"54":{"start":{"line":117,"column":28},"end":{"line":117,"column":40}},"55":{"start":{"line":150,"column":52},"end":{"line":150,"column":70}},"56":{"start":{"line":161,"column":52},"end":{"line":161,"column":69}},"57":{"start":{"line":176,"column":52},"end":{"line":176,"column":66}},"58":{"start":{"line":185,"column":24},"end":{"line":185,"column":32}},"59":{"start":{"line":186,"column":24},"end":{"line":186,"column":47}},"60":{"start":{"line":199,"column":31},"end":{"line":199,"column":51}},"61":{"start":{"line":206,"column":30},"end":{"line":216,"column":1}}},"fnMap":{"0":{"name":"(anonymous_0)","decl":{"start":{"line":15,"column":29},"end":{"line":15,"column":30}},"loc":{"start":{"line":15,"column":35},"end":{"line":203,"column":1}},"line":15},"1":{"name":"(anonymous_1)","decl":{"start":{"line":17,"column":33},"end":{"line":17,"column":34}},"loc":{"start":{"line":17,"column":58},"end":{"line":17,"column":81}},"line":17},"2":{"name":"(anonymous_2)","decl":{"start":{"line":18,"column":34},"end":{"line":18,"column":35}},"loc":{"start":{"line":18,"column":59},"end":{"line":18,"column":89}},"line":18},"3":{"name":"(anonymous_3)","decl":{"start":{"line":28,"column":19},"end":{"line":28,"column":20}},"loc":{"start":{"line":28,"column":31},"end":{"line":31,"column":5}},"line":28},"4":{"name":"(anonymous_4)","decl":{"start":{"line":36,"column":25},"end":{"line":36,"column":26}},"loc":{"start":{"line":36,"column":37},"end":{"line":46,"column":5}},"line":36},"5":{"name":"(anonymous_5)","decl":{"start":{"line":48,"column":25},"end":{"line":48,"column":26}},"loc":{"start":{"line":48,"column":50},"end":{"line":58,"column":5}},"line":48},"6":{"name":"(anonymous_6)","decl":{"start":{"line":60,"column":23},"end":{"line":60,"column":24}},"loc":{"start":{"line":60,"column":35},"end":{"line":72,"column":5}},"line":60},"7":{"name":"(anonymous_7)","decl":{"start":{"line":66,"column":16},"end":{"line":66,"column":17}},"loc":{"start":{"line":66,"column":27},"end":{"line":71,"column":9}},"line":66},"8":{"name":"(anonymous_8)","decl":{"start":{"line":67,"column":52},"end":{"line":67,"column":53}},"loc":{"start":{"line":67,"column":58},"end":{"line":70,"column":13}},"line":67},"9":{"name":"(anonymous_9)","decl":{"start":{"line":74,"column":28},"end":{"line":74,"column":29}},"loc":{"start":{"line":74,"column":68},"end":{"line":78,"column":5}},"line":74},"10":{"name":"(anonymous_10)","decl":{"start":{"line":79,"column":21},"end":{"line":79,"column":22}},"loc":{"start":{"line":79,"column":33},"end":{"line":83,"column":5}},"line":79},"11":{"name":"(anonymous_11)","decl":{"start":{"line":88,"column":22},"end":{"line":88,"column":23}},"loc":{"start":{"line":88,"column":34},"end":{"line":94,"column":5}},"line":88},"12":{"name":"(anonymous_12)","decl":{"start":{"line":96,"column":14},"end":{"line":96,"column":15}},"loc":{"start":{"line":96,"column":20},"end":{"line":98,"column":5}},"line":96},"13":{"name":"(anonymous_13)","decl":{"start":{"line":110,"column":34},"end":{"line":110,"column":35}},"loc":{"start":{"line":110,"column":40},"end":{"line":112,"column":25}},"line":110},"14":{"name":"(anonymous_14)","decl":{"start":{"line":116,"column":34},"end":{"line":116,"column":35}},"loc":{"start":{"line":116,"column":40},"end":{"line":118,"column":25}},"line":116},"15":{"name":"(anonymous_15)","decl":{"start":{"line":150,"column":42},"end":{"line":150,"column":43}},"loc":{"start":{"line":150,"column":52},"end":{"line":150,"column":70}},"line":150},"16":{"name":"(anonymous_16)","decl":{"start":{"line":161,"column":42},"end":{"line":161,"column":43}},"loc":{"start":{"line":161,"column":52},"end":{"line":161,"column":69}},"line":161},"17":{"name":"(anonymous_17)","decl":{"start":{"line":176,"column":42},"end":{"line":176,"column":43}},"loc":{"start":{"line":176,"column":52},"end":{"line":176,"column":66}},"line":176},"18":{"name":"(anonymous_18)","decl":{"start":{"line":184,"column":29},"end":{"line":184,"column":30}},"loc":{"start":{"line":184,"column":35},"end":{"line":187,"column":21}},"line":184},"19":{"name":"(anonymous_19)","decl":{"start":{"line":199,"column":25},"end":{"line":199,"column":26}},"loc":{"start":{"line":199,"column":31},"end":{"line":199,"column":51}},"line":199}},"branchMap":{"0":{"loc":{"start":{"line":39,"column":12},"end":{"line":41,"column":13}},"type":"if","locations":[{"start":{"line":39,"column":12},"end":{"line":41,"column":13}},{"start":{},"end":{}}],"line":39},"1":{"loc":{"start":{"line":51,"column":12},"end":{"line":53,"column":13}},"type":"if","locations":[{"start":{"line":51,"column":12},"end":{"line":53,"column":13}},{"start":{},"end":{}}],"line":51},"2":{"loc":{"start":{"line":80,"column":8},"end":{"line":82,"column":9}},"type":"if","locations":[{"start":{"line":80,"column":8},"end":{"line":82,"column":9}},{"start":{},"end":{}}],"line":80},"3":{"loc":{"start":{"line":91,"column":8},"end":{"line":93,"column":9}},"type":"if","locations":[{"start":{"line":91,"column":8},"end":{"line":93,"column":9}},{"start":{},"end":{}}],"line":91},"4":{"loc":{"start":{"line":104,"column":32},"end":{"line":104,"column":95}},"type":"cond-expr","locations":[{"start":{"line":104,"column":64},"end":{"line":104,"column":78}},{"start":{"line":104,"column":81},"end":{"line":104,"column":95}}],"line":104},"5":{"loc":{"start":{"line":124,"column":13},"end":{"line":180,"column":13}},"type":"cond-expr","locations":[{"start":{"line":125,"column":16},"end":{"line":140,"column":23}},{"start":{"line":142,"column":16},"end":{"line":179,"column":23}}],"line":124},"6":{"loc":{"start":{"line":190,"column":54},"end":{"line":190,"column":90}},"type":"cond-expr","locations":[{"start":{"line":190,"column":67},"end":{"line":190,"column":76}},{"start":{"line":190,"column":79},"end":{"line":190,"column":90}}],"line":190},"7":{"loc":{"start":{"line":192,"column":17},"end":{"line":192,"column":95}},"type":"cond-expr","locations":[{"start":{"line":192,"column":29},"end":{"line":192,"column":88}},{"start":{"line":192,"column":91},"end":{"line":192,"column":95}}],"line":192}},"s":{"0":1,"1":11,"2":11,"3":10,"4":11,"5":10,"6":11,"7":11,"8":11,"9":11,"10":11,"11":11,"12":11,"13":11,"14":11,"15":3,"16":3,"17":11,"18":11,"19":11,"20":8,"21":8,"22":8,"23":0,"24":8,"25":0,"26":11,"27":8,"28":8,"29":8,"30":0,"31":8,"32":0,"33":11,"34":0,"35":0,"36":0,"37":0,"38":0,"39":11,"40":0,"41":0,"42":11,"43":3,"44":1,"45":11,"46":8,"47":8,"48":8,"49":0,"50":11,"51":8,"52":11,"53":0,"54":0,"55":1,"56":1,"57":1,"58":3,"59":3,"60":0,"61":1},"f":{"0":11,"1":10,"2":10,"3":3,"4":8,"5":8,"6":0,"7":0,"8":0,"9":0,"10":3,"11":8,"12":8,"13":0,"14":0,"15":1,"16":1,"17":1,"18":3,"19":0},"b":{"0":[0,8],"1":[0,8],"2":[1,2],"3":[0,8],"4":[0,11],"5":[6,5],"6":[6,5],"7":[0,11]},"_coverageSchema":"1a1c01bbd47fc00a2c39e90264f33305004495a9","hash":"452f5e5223394fc6443c6f85dab11459b9f31ad2"}
,"/Users/gsoft02/Desktop/Hannad/book-app-training-rn/app/screens/UserDetail/styles.ts": {"path":"/Users/gsoft02/Desktop/Hannad/book-app-training-rn/app/screens/UserDetail/styles.ts","statementMap":{"0":{"start":{"line":5,"column":25},"end":{"line":107,"column":1}},"1":{"start":{"line":6,"column":18},"end":{"line":6,"column":28}},"2":{"start":{"line":7,"column":19},"end":{"line":7,"column":40}},"3":{"start":{"line":8,"column":18},"end":{"line":8,"column":38}},"4":{"start":{"line":9,"column":24},"end":{"line":9,"column":54}},"5":{"start":{"line":10,"column":25},"end":{"line":10,"column":56}},"6":{"start":{"line":12,"column":19},"end":{"line":105,"column":6}},"7":{"start":{"line":106,"column":4},"end":{"line":106,"column":18}}},"fnMap":{"0":{"name":"(anonymous_0)","decl":{"start":{"line":5,"column":25},"end":{"line":5,"column":26}},"loc":{"start":{"line":5,"column":31},"end":{"line":107,"column":1}},"line":5}},"branchMap":{"0":{"loc":{"start":{"line":39,"column":20},"end":{"line":39,"column":78}},"type":"cond-expr","locations":[{"start":{"line":39,"column":49},"end":{"line":39,"column":62}},{"start":{"line":39,"column":65},"end":{"line":39,"column":78}}],"line":39},"1":{"loc":{"start":{"line":42,"column":26},"end":{"line":42,"column":63}},"type":"cond-expr","locations":[{"start":{"line":42,"column":55},"end":{"line":42,"column":57}},{"start":{"line":42,"column":60},"end":{"line":42,"column":63}}],"line":42}},"s":{"0":1,"1":11,"2":11,"3":11,"4":11,"5":11,"6":11,"7":11},"f":{"0":11},"b":{"0":[11,0],"1":[11,0]},"_coverageSchema":"1a1c01bbd47fc00a2c39e90264f33305004495a9","hash":"838a83d63746789a3f47768288450fdd04c35931"}
,"/Users/gsoft02/Desktop/Hannad/book-app-training-rn/app/services/addBookToFavoite.ts": {"path":"/Users/gsoft02/Desktop/Hannad/book-app-training-rn/app/services/addBookToFavoite.ts","statementMap":{"0":{"start":{"line":5,"column":4},"end":{"line":5,"column":81}}},"fnMap":{"0":{"name":"addBookToFavorite","decl":{"start":{"line":4,"column":24},"end":{"line":4,"column":41}},"loc":{"start":{"line":4,"column":54},"end":{"line":6,"column":1}},"line":4}},"branchMap":{},"s":{"0":4},"f":{"0":4},"b":{},"_coverageSchema":"1a1c01bbd47fc00a2c39e90264f33305004495a9","hash":"58950838237fd2f0fd97901077c5048c86709e88"}
,"/Users/gsoft02/Desktop/Hannad/book-app-training-rn/app/services/client.ts": {"path":"/Users/gsoft02/Desktop/Hannad/book-app-training-rn/app/services/client.ts","statementMap":{"0":{"start":{"line":8,"column":21},"end":{"line":18,"column":1}},"1":{"start":{"line":9,"column":4},"end":{"line":17,"column":5}},"2":{"start":{"line":10,"column":22},"end":{"line":10,"column":57}},"3":{"start":{"line":11,"column":8},"end":{"line":13,"column":9}},"4":{"start":{"line":12,"column":12},"end":{"line":12,"column":25}},"5":{"start":{"line":14,"column":8},"end":{"line":14,"column":18}},"6":{"start":{"line":16,"column":8},"end":{"line":16,"column":18}},"7":{"start":{"line":30,"column":18},"end":{"line":30,"column":38}},"8":{"start":{"line":32,"column":4},"end":{"line":55,"column":5}},"9":{"start":{"line":33,"column":8},"end":{"line":42,"column":10}},"10":{"start":{"line":44,"column":8},"end":{"line":54,"column":10}},"11":{"start":{"line":57,"column":4},"end":{"line":73,"column":11}},"12":{"start":{"line":59,"column":12},"end":{"line":61,"column":13}},"13":{"start":{"line":60,"column":16},"end":{"line":60,"column":28}},"14":{"start":{"line":62,"column":12},"end":{"line":62,"column":55}},"15":{"start":{"line":63,"column":12},"end":{"line":63,"column":43}},"16":{"start":{"line":65,"column":20},"end":{"line":65,"column":40}},"17":{"start":{"line":66,"column":24},"end":{"line":66,"column":35}},"18":{"start":{"line":67,"column":24},"end":{"line":67,"column":28}},"19":{"start":{"line":69,"column":12},"end":{"line":71,"column":13}},"20":{"start":{"line":70,"column":16},"end":{"line":70,"column":51}},"21":{"start":{"line":72,"column":12},"end":{"line":72,"column":25}}},"fnMap":{"0":{"name":"(anonymous_0)","decl":{"start":{"line":8,"column":21},"end":{"line":8,"column":22}},"loc":{"start":{"line":8,"column":33},"end":{"line":18,"column":1}},"line":8},"1":{"name":"api","decl":{"start":{"line":24,"column":30},"end":{"line":24,"column":33}},"loc":{"start":{"line":29,"column":2},"end":{"line":74,"column":1}},"line":29},"2":{"name":"(anonymous_2)","decl":{"start":{"line":58,"column":14},"end":{"line":58,"column":15}},"loc":{"start":{"line":58,"column":25},"end":{"line":64,"column":9}},"line":58},"3":{"name":"(anonymous_3)","decl":{"start":{"line":65,"column":14},"end":{"line":65,"column":15}},"loc":{"start":{"line":65,"column":20},"end":{"line":65,"column":40}},"line":65},"4":{"name":"(anonymous_4)","decl":{"start":{"line":66,"column":14},"end":{"line":66,"column":15}},"loc":{"start":{"line":66,"column":24},"end":{"line":66,"column":35}},"line":66},"5":{"name":"(anonymous_5)","decl":{"start":{"line":67,"column":14},"end":{"line":67,"column":15}},"loc":{"start":{"line":67,"column":24},"end":{"line":67,"column":28}},"line":67},"6":{"name":"(anonymous_6)","decl":{"start":{"line":68,"column":15},"end":{"line":68,"column":16}},"loc":{"start":{"line":68,"column":26},"end":{"line":73,"column":9}},"line":68}},"branchMap":{"0":{"loc":{"start":{"line":11,"column":8},"end":{"line":13,"column":9}},"type":"if","locations":[{"start":{"line":11,"column":8},"end":{"line":13,"column":9}},{"start":{},"end":{}}],"line":11},"1":{"loc":{"start":{"line":28,"column":4},"end":{"line":28,"column":24}},"type":"default-arg","locations":[{"start":{"line":28,"column":20},"end":{"line":28,"column":24}}],"line":28},"2":{"loc":{"start":{"line":32,"column":4},"end":{"line":55,"column":5}},"type":"if","locations":[{"start":{"line":32,"column":4},"end":{"line":55,"column":5}},{"start":{"line":43,"column":11},"end":{"line":55,"column":5}}],"line":32},"3":{"loc":{"start":{"line":41,"column":16},"end":{"line":41,"column":54}},"type":"binary-expr","locations":[{"start":{"line":41,"column":16},"end":{"line":41,"column":20}},{"start":{"line":41,"column":24},"end":{"line":41,"column":54}}],"line":41},"4":{"loc":{"start":{"line":53,"column":16},"end":{"line":53,"column":54}},"type":"binary-expr","locations":[{"start":{"line":53,"column":16},"end":{"line":53,"column":20}},{"start":{"line":53,"column":24},"end":{"line":53,"column":54}}],"line":53},"5":{"loc":{"start":{"line":59,"column":12},"end":{"line":61,"column":13}},"type":"if","locations":[{"start":{"line":59,"column":12},"end":{"line":61,"column":13}},{"start":{},"end":{}}],"line":
[...]
,"/Users/gsoft02/Desktop/Hannad/book-app-training-rn/app/store/sagas/forgetPasswordSaga.ts": {"path":"/Users/gsoft02/Desktop/Hannad/book-app-training-rn/app/store/sagas/forgetPasswordSaga.ts","statementMap":{"0":{"start":{"line":16,"column":4},"end":{"line":30,"column":5}},"1":{"start":{"line":18,"column":8},"end":{"line":18,"column":47}},"2":{"start":{"line":20,"column":35},"end":{"line":21,"column":9}},"3":{"start":{"line":23,"column":8},"end":{"line":23,"column":65}},"4":{"start":{"line":24,"column":8},"end":{"line":24,"column":48}},"5":{"start":{"line":28,"column":8},"end":{"line":28,"column":50}},"6":{"start":{"line":29,"column":8},"end":{"line":29,"column":87}}},"fnMap":{"0":{"name":"forgetPassword","decl":{"start":{"line":15,"column":25},"end":{"line":15,"column":39}},"loc":{"start":{"line":15,"column":68},"end":{"line":31,"column":1}},"line":15}},"branchMap":{},"s":{"0":2,"1":2,"2":1,"3":1,"4":1,"5":1,"6":1},"f":{"0":2},"b":{},"_coverageSchema":"1a1c01bbd47fc00a2c39e90264f33305004495a9","hash":"8af9d26f61124b91716ad060979ccee6aaf49384"}
,"/Users/gsoft02/Desktop/Hannad/book-app-training-rn/app/store/sagas/loginSaga.ts": {"path":"/Users/gsoft02/Desktop/Hannad/book-app-training-rn/app/store/sagas/loginSaga.ts","statementMap":{"0":{"start":{"line":20,"column":18},"end":{"line":26,"column":1}},"1":{"start":{"line":21,"column":4},"end":{"line":25,"column":5}},"2":{"start":{"line":22,"column":8},"end":{"line":22,"column":51}},"3":{"start":{"line":30,"column":4},"end":{"line":61,"column":5}},"4":{"start":{"line":31,"column":8},"end":{"line":31,"column":47}},"5":{"start":{"line":33,"column":36},"end":{"line":33,"column":65}},"6":{"start":{"line":35,"column":8},"end":{"line":57,"column":9}},"7":{"start":{"line":36,"column":12},"end":{"line":36,"column":52}},"8":{"start":{"line":38,"column":12},"end":{"line":56,"column":13}},"9":{"start":{"line":39,"column":16},"end":{"line":39,"column":43}},"10":{"start":{"line":41,"column":49},"end":{"line":41,"column":74}},"11":{"start":{"line":42,"column":16},"end":{"line":42,"column":83}},"12":{"start":{"line":44,"column":51},"end":{"line":44,"column":79}},"13":{"start":{"line":45,"column":16},"end":{"line":45,"column":87}},"14":{"start":{"line":47,"column":48},"end":{"line":47,"column":73}},"15":{"start":{"line":48,"column":16},"end":{"line":48,"column":76}},"16":{"start":{"line":50,"column":16},"end":{"line":50,"column":54}},"17":{"start":{"line":52,"column":16},"end":{"line":52,"column":56}},"18":{"start":{"line":53,"column":16},"end":{"line":55,"column":18}},"19":{"start":{"line":59,"column":8},"end":{"line":59,"column":48}},"20":{"start":{"line":60,"column":8},"end":{"line":60,"column":97}}},"fnMap":{"0":{"name":"(anonymous_0)","decl":{"start":{"line":20,"column":18},"end":{"line":20,"column":19}},"loc":{"start":{"line":20,"column":43},"end":{"line":26,"column":1}},"line":20},"1":{"name":"loginAsync","decl":{"start":{"line":29,"column":25},"end":{"line":29,"column":35}},"loc":{"start":{"line":29,"column":57},"end":{"line":67,"column":1}},"line":29}},"branchMap":{"0":{"loc":{"start":{"line":35,"column":8},"end":{"line":57,"column":9}},"type":"if","locations":[{"start":{"line":35,"column":8},"end":{"line":57,"column":9}},{"start":{"line":37,"column":15},"end":{"line":57,"column":9}}],"line":35},"1":{"loc":{"start":{"line":38,"column":12},"end":{"line":56,"column":13}},"type":"if","locations":[{"start":{"line":38,"column":12},"end":{"line":56,"column":13}},{"start":{"line":51,"column":19},"end":{"line":56,"column":13}}],"line":38}},"s":{"0":1,"1":1,"2":1,"3":4,"4":4,"5":4,"6":3,"7":1,"8":2,"9":1,"10":1,"11":1,"12":1,"13":1,"14":1,"15":1,"16":1,"17":1,"18":1,"19":1,"20":1},"f":{"0":1,"1":4},"b":{"0":[1,2],"1":[1,1]},"_coverageSchema":"1a1c01bbd47fc00a2c39e90264f33305004495a9","hash":"570c0596bec255adfced0f42d315ae6d8c40fe06"}
,"/Users/gsoft02/Desktop/Hannad/book-app-training-rn/app/store/sagas/removeBookFromFavoritesSaga.ts": {"path":"/Users/gsoft02/Desktop/Hannad/book-app-training-rn/app/store/sagas/removeBookFromFavoritesSaga.ts","statementMap":{"0":{"start":{"line":8,"column":4},"end":{"line":25,"column":5}},"1":{"start":{"line":11,"column":8},"end":{"line":11,"column":49}},"2":{"start":{"line":13,"column":44},"end":{"line":13,"column":88}},"3":{"start":{"line":15,"column":8},"end":{"line":21,"column":9}},"4":{"start":{"line":16,"column":15},"end":{"line":21,"column":9}},"5":{"start":{"line":17,"column":12},"end":{"line":17,"column":54}},"6":{"start":{"line":19,"column":12},"end":{"line":19,"column":54}},"7":{"start":{"line":20,"column":12},"end":{"line":20,"column":96}},"8":{"start":{"line":23,"column":8},"end":{"line":23,"column":50}},"9":{"start":{"line":24,"column":8},"end":{"line":24,"column":92}}},"fnMap":{"0":{"name":"removeBookfromFavorite","decl":{"start":{"line":7,"column":25},"end":{"line":7,"column":47}},"loc":{"start":{"line":7,"column":72},"end":{"line":26,"column":1}},"line":7}},"branchMap":{"0":{"loc":{"start":{"line":15,"column":8},"end":{"line":21,"column":9}},"type":"if","locations":[{"start":{"line":15,"column":8},"end":{"line":21,"column":9}},{"start":{"line":16,"column":15},"end":{"line":21,"column":9}}],"line":15},"1":{"loc":{"start":{"line":15,"column":12},"end":{"line":15,"column":54}},"type":"binary-expr","locations":[{"start":{"line":15,"column":12},"end":{"line":15,"column":20}},{"start":{"line":15,"column":24},"end":{"line":15,"column":54}}],"line":15},"2":{"loc":{"start":{"line":16,"column":15},"end":{"line":21,"column":9}},"type":"if","locations":[{"start":{"line":16,"column":15},"end":{"line":21,"column":9}},{"start":{"line":18,"column":15},"end":{"line":21,"column":9}}],"line":16}},"s":{"0":4,"1":4,"2":3,"3":2,"4":2,"5":1,"6":1,"7":1,"8":1,"9":1},"f":{"0":4},"b":{"0":[0,2],"1":[2,2],"2":[1,1]},"_coverageSchema":"1a1c01bbd47fc00a2c39e90264f33305004495a9","hash":"1e5907f01e2b226890ce9ca7de99a8daa5c047e7"}
,"/Users/gsoft02/Desktop/Hannad/book-app-training-rn/app/store/sagas/signupSaga.ts": {"path":"/Users/gsoft02/Desktop/Hannad/book-app-training-rn/app/store/sagas/signupSaga.ts","statementMap":{"0":{"start":{"line":17,"column":25},"end":{"line":23,"column":1}},"1":{"start":{"line":18,"column":4},"end":{"line":22,"column":5}},"2":{"start":{"line":19,"column":8},"end":{"line":19,"column":51}},"3":{"start":{"line":28,"column":4},"end":{"line":60,"column":5}},"4":{"start":{"line":29,"column":8},"end":{"line":29,"column":47}},"5":{"start":{"line":30,"column":35},"end":{"line":30,"column":72}},"6":{"start":{"line":31,"column":8},"end":{"line":54,"column":9}},"7":{"start":{"line":32,"column":12},"end":{"line":32,"column":50}},"8":{"start":{"line":34,"column":12},"end":{"line":34,"column":73}},"9":{"start":{"line":36,"column":47},"end":{"line":36,"column":75}},"10":{"start":{"line":37,"column":12},"end":{"line":37,"column":83}},"11":{"start":{"line":39,"column":44},"end":{"line":39,"column":69}},"12":{"start":{"line":40,"column":12},"end":{"line":40,"column":72}},"13":{"start":{"line":42,"column":12},"end":{"line":42,"column":50}},"14":{"start":{"line":43,"column":12},"end":{"line":43,"column":75}},"15":{"start":{"line":45,"column":12},"end":{"line":45,"column":52}},"16":{"start":{"line":49,"column":15},"end":{"line":54,"column":9}},"17":{"start":{"line":50,"column":12},"end":{"line":50,"column":52}},"18":{"start":{"line":51,"column":12},"end":{"line":51,"column":78}},"19":{"start":{"line":52,"column":15},"end":{"line":54,"column":9}},"20":{"start":{"line":53,"column":12},"end":{"line":53,"column":52}},"21":{"start":{"line":56,"column":8},"end":{"line":56,"column":48}},"22":{"start":{"line":57,"column":8},"end":{"line":59,"column":10}}},"fnMap":{"0":{"name":"(anonymous_0)","decl":{"start":{"line":17,"column":25},"end":{"line":17,"column":26}},"loc":{"start":{"line":17,"column":50},"end":{"line":23,"column":1}},"line":17},"1":{"name":"signUpsync","decl":{"start":{"line":27,"column":25},"end":{"line":27,"column":35}},"loc":{"start":{"line":27,"column":61},"end":{"line":61,"column":1}},"line":27}},"branchMap":{"0":{"loc":{"start":{"line":31,"column":8},"end":{"line":54,"column":9}},"type":"if","locations":[{"start":{"line":31,"column":8},"end":{"line":54,"column":9}},{"start":{"line":49,"column":15},"end":{"line":54,"column":9}}],"line":31},"1":{"loc":{"start":{"line":31,"column":12},"end":{"line":31,"column":53}},"type":"binary-expr","locations":[{"start":{"line":31,"column":12},"end":{"line":31,"column":20}},{"start":{"line":31,"column":24},"end":{"line":31,"column":53}}],"line":31},"2":{"loc":{"start":{"line":49,"column":15},"end":{"line":54,"column":9}},"type":"if","locations":[{"start":{"line":49,"column":15},"end":{"line":54,"column":9}},{"start":{"line":52,"column":15},"end":{"line":54,"column":9}}],"line":49},"3":{"loc":{"start":{"line":52,"column":15},"end":{"line":54,"column":9}},"type":"if","locations":[{"start":{"line":52,"column":15},"end":{"line":54,"column":9}},{"start":{},"end":{}}],"line":52}},"s":{"0":1,"1":0,"2":0,"3":4,"4":4,"5":3,"6":3,"7":1,"8":1,"9":1,"10":1,"11":1,"12":1,"13":1,"14":1,"15":1,"16":2,"17":1,"18":1,"19":1,"20":1,"21":1,"22":1},"f":{"0":0,"1":4},"b":{"0":[1,2],"1":[3,3],"2":[1,1],"3":[1,0]},"_coverageSchema":"1a1c01bbd47fc00a2c39e90264f33305004495a9","hash":"caf79f1bee51a47d69c9ede4f646dcded0be8ff2"}
,"/Users/gsoft02/Desktop/Hannad/book-app-training-rn/app/store/sagas/updateProfileDetails.ts": {"path":"/Users/gsoft02/Desktop/Hannad/book-app-training-rn/app/store/sagas/updateProfileDetails.ts","statementMap":{"0":{"start":{"line":9,"column":4},"end":{"line":32,"column":5}},"1":{"start":{"line":10,"column":8},"end":{"line":10,"column":47}},"2":{"start":{"line":12,"column":35},"end":{"line":12,"column":68}},"3":{"start":{"line":14,"column":8},"end":{"line":28,"column":9}},"4":{"start":{"line":15,"column":12},"end":{"line":27,"column":13}},"5":{"start":{"line":16,"column":16},"end":{"line":16,"column":56}},"6":{"start":{"line":18,"column":16},"end":{"line":18,"column":72}},"7":{"start":{"line":19,"column":16},"end":{"line":25,"column":17}},"8":{"start":{"line":20,"column":20},"end":{"line":20,"column":81}},"9":{"start":{"line":22,"column":20},"end":{"line":24,"column":22}},"10":{"start":{"line":26,"column":16},"end":{"line":26,"column":56}},"11":{"start":{"line":30,"column":8},"end":{"line":30,"column":48}},"12":{"start":{"line":31,"column":8},"end":{"line":31,"column":94}}},"fnMap":{"0":{"name":"updateUserDetails","decl":{"start":{"line":8,"column":25},"end":{"line":8,"column":42}},"loc":{"start":{"line":8,"column":67},"end":{"line":33,"column":1}},"line":8}},"branchMap":{"0":{"loc":{"start":{"line":14,"column":8},"end":{"line":28,"column":9}},"type":"if","locations":[{"start":{"line":14,"column":8},"end":{"line":28,"column":9}},{"start":{},"end":{}}],"line":14},"1":{"loc":{"start":{"line":15,"column":12},"end":{"line":27,"column":13}},"type":"if","locations":[{"start":{"line":15,"column":12},"end":{"line":27,"column":13}},{"start":{"line":17,"column":19},"end":{"line":27,"column":13}}],"line":15},"2":{"loc":{"start":{"line":19,"column":16},"end":{"line":25,"column":17}},"type":"if","locations":[{"start":{"line":19,"column":16},"end":{"line":25,"column":17}},{"start":{"line":21,"column":23},"end":{"line":25,"column":17}}],"line":19}},"s":{"0":4,"1":4,"2":3,"3":3,"4":3,"5":1,"6":2,"7":2,"8":1,"9":1,"10":1,"11":1,"12":1},"f":{"0":4},"b":{"0":[3,0],"1":[1,2],"2":[1,1]},"_coverageSchema":"1a1c01bbd47fc00a2c39e90264f33305004495a9","hash":"276ebab96697871510338c4ed3ff6230789e353f"}
,"/Users/gsoft02/Desktop/Hannad/book-app-training-rn/app/store/sagas/userDetails.ts": {"path":"/Users/gsoft02/Desktop/Hannad/book-app-training-rn/app/store/sagas/userDetails.ts","statementMap":{"0":{"start":{"line":9,"column":4},"end":{"line":26,"column":5}},"1":{"start":{"line":10,"column":35},"end":{"line":10,"column":60}},"2":{"start":{"line":11,"column":8},"end":{"line":22,"column":9}},"3":{"start":{"line":12,"column":12},"end":{"line":21,"column":13}},"4":{"start":{"line":13,"column":16},"end":{"line":13,"column":76}},"5":{"start":{"line":14,"column":19},"end":{"line":21,"column":13}},"6":{"start":{"line":15,"column":16},"end":{"line":15,"column":58}},"7":{"start":{"line":17,"column":16},"end":{"line":17,"column":58}},"8":{"start":{"line":18,"column":16},"end":{"line":20,"column":18}},"9":{"start":{"line":24,"column":8},"end":{"line":24,"column":50}},"10":{"start":{"line":25,"column":8},"end":{"line":25,"column":98}}},"fnMap":{"0":{"name":"getUserDetailAsync","decl":{"start":{"line":8,"column":25},"end":{"line":8,"column":43}},"loc":{"start":{"line":8,"column":46},"end":{"line":27,"column":1}},"line":8}},"branchMap":{"0":{"loc":{"start":{"line":11,"column":8},"end":{"line":22,"column":9}},"type":"if","locations":[{"start":{"line":11,"column":8},"end":{"line":22,"column":9}},{"start":{},"end":{}}],"line":11},"1":{"loc":{"start":{"line":12,"column":12},"end":{"line":21,"column":13}},"type":"if","locations":[{"start":{"line":12,"column":12},"end":{"line":21,"column":13}},{"start":{"line":14,"column":19},"end":{"line":21,"column":13}}],"line":12},"2":{"loc":{"start":{"line":14,"column":19},"end":{"line":21,"column":13}},"type":"if","locations":[{"start":{"line":14,"column":19},"end":{"line":21,"column":13}},{"start":{"line":16,"column":19},"end":{"line":21,"column":13}}],"line":14}},"s":{"0":4,"1":4,"2":3,"3":3,"4":1,"5":2,"6":1,"7":1,"8":1,"9":1,"10":1},"f":{"0":4},"b":{"0":[3,0],"1":[1,2],"2":[1,1]},"_coverageSchema":"1a1c01bbd47fc00a2c39e90264f33305004495a9","hash":"2b2c718f96f320b7bda7f0614bfa4c03081312ef"}
,"/Users/gsoft02/Desktop/Hannad/book-app-training-rn/app/utils/dimentionUtil.js": {"path":"/Users/gsoft02/Desktop/Hannad/book-app-training-rn/app/utils/dimentionUtil.js","statementMap":{"0":{"start":{"line":5,"column":28},"end":{"line":8,"column":1}},"1":{"start":{"line":6,"column":22},"end":{"line":6,"column":96}},"2":{"start":{"line":7,"column":4},"end":{"line":7,"column":75}},"3":{"start":{"line":10,"column":29},"end":{"line":14,"column":1}},"4":{"start":{"line":12,"column":8},"end":{"line":12,"column":85}},"5":{"start":{"line":13,"column":4},"end":{"line":13,"column":77}},"6":{"start":{"line":17,"column":30},"end":{"line":17,"column":70}},"7":{"start":{"line":18,"column":4},"end":{"line":25,"column":11}},"8":{"start":{"line":19,"column":8},"end":{"line":23,"column":11}},"9":{"start":{"line":21,"column":12},"end":{"line":21,"column":53}},"10":{"start":{"line":22,"column":12},"end":{"line":22,"column":34}},"11":{"start":{"line":24,"column":8},"end":{"line":24,"column":66}},"12":{"start":{"line":26,"column":15},"end":{"line":26,"column":81}},"13":{"start":{"line":26,"column":38},"end":{"line":26,"column":71}},"14":{"start":{"line":28,"column":4},"end":{"line":28,"column":14}},"15":{"start":{"line":31,"column":32},"end":{"line":31,"column":73}},"16":{"start":{"line":32,"column":4},"end":{"line":38,"column":11}},"17":{"start":{"line":33,"column":8},"end":{"line":36,"column":11}},"18":{"start":{"line":34,"column":12},"end":{"line":34,"column":55}},"19":{"start":{"line":35,"column":12},"end":{"line":35,"column":36}},"20":{"start":{"line":37,"column":8},"end":{"line":37,"column":66}},"21":{"start":{"line":39,"column":15},"end":{"line":39,"column":84}},"22":{"start":{"line":39,"column":38},"end":{"line":39,"column":73}},"23":{"start":{"line":41,"column":4},"end":{"line":41,"column":14}}},"fnMap":{"0":{"name":"(anonymous_0)","decl":{"start":{"line":5,"column":28},"end":{"line":5,"column":29}},"loc":{"start":{"line":5,"column":59},"end":{"line":8,"column":1}},"line":5},"1":{"name":"(anonymous_1)","decl":{"start":{"line":10,"column":29},"end":{"line":10,"column":30}},"loc":{"start":{"line":10,"column":62},"end":{"line":14,"column":1}},"line":10},"2":{"name":"getPercentageWidth","decl":{"start":{"line":16,"column":16},"end":{"line":16,"column":34}},"loc":{"start":{"line":16,"column":37},"end":{"line":29,"column":1}},"line":16},"3":{"name":"(anonymous_3)","decl":{"start":{"line":18,"column":14},"end":{"line":18,"column":15}},"loc":{"start":{"line":18,"column":20},"end":{"line":25,"column":5}},"line":18},"4":{"name":"(anonymous_4)","decl":{"start":{"line":19,"column":46},"end":{"line":19,"column":47}},"loc":{"start":{"line":19,"column":65},"end":{"line":23,"column":9}},"line":19},"5":{"name":"(anonymous_5)","decl":{"start":{"line":24,"column":56},"end":{"line":24,"column":57}},"loc":{"start":{"line":24,"column":62},"end":{"line":24,"column":64}},"line":24},"6":{"name":"(anonymous_6)","decl":{"start":{"line":26,"column":27},"end":{"line":26,"column":28}},"loc":{"start":{"line":26,"column":38},"end":{"line":26,"column":71}},"line":26},"7":{"name":"getPercentageHeight","decl":{"start":{"line":30,"column":16},"end":{"line":30,"column":35}},"loc":{"start":{"line":30,"column":38},"end":{"line":42,"column":1}},"line":30},"8":{"name":"(anonymous_8)","decl":{"start":{"line":32,"column":14},"end":{"line":32,"column":15}},"loc":{"start":{"line":32,"column":20},"end":{"line":38,"column":5}},"line":32},"9":{"name":"(anonymous_9)","decl":{"start":{"line":33,"column":46},"end":{"line":33,"column":47}},"loc":{"start":{"line":33,"column":65},"end":{"line":36,"column":9}},"line":33},"10":{"name":"(anonymous_10)","decl":{"start":{"line":37,"column":56},"end":{"line":37,"column":57}},"loc":{"start":{"line":37,"column":62},"end":{"line":37,"column":64}},"line":37},"11":{"name":"(anonymous_11)","decl":{"start":{"line":39,"column":27},"end":{"line":39,"column":28}},"loc":{"start":{"line":39,"column":38},"end":{"line":39,"column":73}},"line":39}},"branchMap":{"0":{"loc":{"start":{"line":6,"column":22},"end":{"line":6,"column":96}},"type":"cond-expr","locations":[{"start":{"line":6,"column":57},"end":{"line":6,"column":69}},{"start":{"line":6,"column":72},"end":{"line":6,"column":96}}],"line":6},"1":{"loc":{"start":{"line":12,"column":8},"end":{"line":12,"column":85}},"type":"cond-expr","locations":[{"start":{"line":12,"column":44},"end":{"line":12,"column":57}},{"start":{"line":12,"column":60},"end":{"line":12,"column":85}}],"line":12}},"s":{"0":9,"1":679,"2":679,"3":9,"4":353,"5":353,"6":89,"7":88,"8":42,"9":0,"10":0,"11":42,"12":88,"13":679,"14":88,"15":84,"16":83,"17":38,"18":0,"19":0,"20":38,"21":83,"22":353,"23":83},"f":{"0":679,"1":353,"2":89,"3":42,"4":0,"5":0,"6":679,"7":84,"8":38,"9":0,"10":0,"11":353},"b":{"0":[0,679],"1":[0,353]},"_coverageSchema":"1a1c01bbd47fc00a2c39e90264f33305004495a9","hash":"8c395deb8a9e227cbc134d80eba75f62695c7ccc"}
,"/Users/gsoft02/Desktop/Hannad/book-app-training-rn/workaround/useEffect.js": {"path":"/Users/gsoft02/Desktop/Hannad/book-app-training-rn/workaround/useEffect.js","statementMap":{},"fnMap":{},"branchMap":{},"s":{},"f":{},"b":{},"_coverageSchema":"1a1c01bbd47fc00a2c39e90264f33305004495a9","hash":"4bb0c20ee4fdc4746bdc587ce6ee14caca0c33c0"}
}
