TN:
SF:TestData/Reducer/appData.tsx
FNF:0
FNH:0
DA:1,1
DA:2,1
DA:3,1
LF:3
LH:3
BRF:0
BRH:0
end_of_record
TN:
SF:TestData/Reducer/loginData.tsx
FNF:0
FNH:0
DA:1,1
DA:2,1
DA:3,1
DA:12,1
LF:4
LH:4
BRF:0
BRH:0
end_of_record
TN:
SF:app/config/api-config.ts
FNF:0
FNH:0
DA:3,2
LF:1
LH:1
BRF:0
BRH:0
end_of_record
TN:
SF:app/lib/createReducer.ts
FN:5,createReducer
FN:6,reducer
FNF:2
FNH:2
FNDA:2,createReducer
FNDA:14,reducer
DA:6,2
DA:7,14
DA:8,12
DA:10,2
LF:4
LH:4
BRDA:6,0,0,2
BRDA:7,1,0,12
BRDA:7,1,1,2
BRF:3
BRH:3
end_of_record
TN:
SF:app/services/addBookToFavoite.ts
FN:4,addBookToFavorite
FNF:1
FNH:0
FNDA:0,addBookToFavorite
DA:5,0
LF:1
LH:0
BRF:0
BRH:0
end_of_record
TN:
SF:app/services/client.ts
FN:8,(anonymous_0)
FN:24,api
FN:58,(anonymous_2)
FN:65,(anonymous_3)
FN:66,(anonymous_4)
FN:67,(anonymous_5)
FN:68,(anonymous_6)
FNF:7
FNH:0
FNDA:0,(anonymous_0)
FNDA:0,api
FNDA:0,(anonymous_2)
FNDA:0,(anonymous_3)
FNDA:0,(anonymous_4)
FNDA:0,(anonymous_5)
FNDA:0,(anonymous_6)
DA:8,2
DA:9,0
DA:10,0
DA:11,0
DA:12,0
DA:14,0
DA:16,0
DA:30,0
DA:32,0
DA:33,0
DA:44,0
DA:57,0
DA:59,0
DA:60,0
DA:62,0
DA:63,0
DA:65,0
DA:66,0
DA:67,0
DA:69,0
DA:70,0
DA:72,0
LF:22
LH:1
BRDA:11,0,0,0
BRDA:11,0,1,0
BRDA:28,1,0,0
BRDA:32,2,0,0
BRDA:32,2,1,0
BRDA:41,3,0,0
BRDA:41,3,1,0
BRDA:53,4,0,0
BRDA:53,4,1,0
BRDA:59,5,0,0
BRDA:59,5,1,0
BRDA:69,6,0,0
BRDA:69,6,1,0
BRF:13
BRH:0
end_of_record
TN:
SF:app/services/getBookDetail.ts
FN:4,getBookDetail
FNF:1
FNH:0
FNDA:0,getBookDetail
DA:5,0
LF:1
LH:0
BRF:0
BRH:0
end_of_record
TN:
SF:app/store/actions/appActions.ts
FN:7,getBookRequest
FN:14,getBookResponse
FN:21,getFavoriteBookRequest
FN:27,getFavoriteBookResponse
FN:37,getBookDetailRequest
FN:44,getBookDetailResponse
FN:53,addBookToFavoriteRequest
FN:60,removeBookToFavoriteRequest
FN:67,setNewFavorites
FN:73,setProfileImagePath
FNF:10
FNH:10
FNDA:1,getBookRequest
FNDA:1,getBookResponse
FNDA:1,getFavoriteBookRequest
FNDA:1,getFavoriteBookResponse
FNDA:1,getBookDetailRequest
FNDA:2,getBookDetailResponse
FNDA:1,addBookToFavoriteRequest
FNDA:1,removeBookToFavoriteRequest
FNDA:1,setNewFavorites
FNDA:1,setProfileImagePath
DA:8,1
DA:15,1
DA:22,1
DA:31,1
DA:38,1
DA:48,2
DA:54,1
DA:61,1
DA:68,1
DA:74,1
LF:10
LH:10
BRF:0
BRH:0
end_of_record
TN:
SF:app/store/actions/loginActions.ts
FN:24,requestLogin
FN:31,setLoggedIn
FN:37,loginFailed
FN:43,LoginResponse
FN:53,enableLoader
FN:59,disableLoader
FN:65,logOut
FN:71,userDetailsRequest
FN:78,setToken
FN:88,userDetailsResponse
FN:98,signupRequest
FN:105,signupResponse
FN:114,forgotPassword
FN:121,forgotPasswordResponse
FN:130,updateProfileRequest
FN:137,updateProfileResponse
FN:146,clearLoginResponse
FNF:17
FNH:17
FNDA:1,requestLogin
FNDA:1,setLoggedIn
FNDA:1,loginFailed
FNDA:1,LoginResponse
FNDA:4,enableLoader
FNDA:11,disableLoader
FNDA:1,logOut
FNDA:1,userDetailsRequest
FNDA:1,setToken
FNDA:1,userDetailsResponse
FNDA:1,signupRequest
FNDA:1,signupResponse
FNDA:1,forgotPassword
FNDA:1,forgotPasswordResponse
FNDA:1,updateProfileRequest
FNDA:1,updateProfileResponse
FNDA:1,clearLoginResponse
DA:25,1
DA:32,1
DA:38,1
DA:47,1
DA:54,4
DA:60,11
DA:66,1
DA:72,1
DA:82,1
DA:92,1
DA:99,1
DA:109,1
DA:115,1
DA:125,1
DA:131,1
DA:141,1
DA:147,1
LF:17
LH:17
BRF:0
BRH:0
end_of_record
TN:
SF:app/store/actions/snackbarActions.ts
FN:6,enableSnackbar
FN:13,disableSnackbar
FNF:2
FNH:1
FNDA:6,enableSnackbar
FNDA:0,disableSnackbar
DA:7,6
DA:14,0
LF:2
LH:1
BRF:0
BRH:0
end_of_record
TN:
SF:app/store/actions/types.ts
FNF:0
FNH:0
DA:2,6
DA:3,6
DA:6,6
DA:9,6
DA:10,6
DA:11,6
DA:12,6
DA:13,6
DA:14,6
DA:15,6
DA:16,6
DA:17,6
DA:18,6
DA:19,6
DA:20,6
DA:21,6
DA:22,6
DA:23,6
DA:24,6
DA:25,6
DA:26,6
DA:29,6
DA:30,6
DA:31,6
DA:32,6
DA:33,6
DA:34,6
DA:35,6
DA:36,6
DA:37,6
DA:38,6
DA:39,6
DA:41,6
DA:42,6
DA:44,6
DA:46,6
LF:36
LH:36
BRF:0
BRH:0
end_of_record
TN:
SF:app/store/reducers/appReducer.ts
FN:13,(anonymous_0)
FN:18,(anonymous_1)
FN:24,(anonymous_2)
FN:29,(anonymous_3)
FN:36,(anonymous_4)
FN:42,(anonymous_5)
FNF:6
FNH:6
FNDA:1,(anonymous_0)
FNDA:1,(anonymous_1)
FNDA:1,(anonymous_2)
FNDA:1,(anonymous_3)
FNDA:1,(anonymous_4)
FNDA:1,(anonymous_5)
DA:6,1
DA:12,1
DA:14,1
DA:19,1
DA:25,1
DA:30,1
DA:37,1
DA:43,1
LF:8
LH:8
BRF:0
BRH:0
end_of_record
TN:
SF:app/store/reducers/loginReducer.ts
FN:15,(anonymous_0)
FN:22,(anonymous_1)
FN:25,(anonymous_2)
FN:31,(anonymous_3)
FN:37,(anonymous_4)
FN:43,(anonymous_5)
FN:49,(anonymous_6)
FNF:7
FNH:6
FNDA:1,(anonymous_0)
FNDA:1,(anonymous_1)
FNDA:1,(anonymous_2)
FNDA:0,(anonymous_3)
FNDA:1,(anonymous_4)
FNDA:1,(anonymous_5)
FNDA:1,(anonymous_6)
DA:9,1
DA:14,1
DA:16,1
DA:23,1
DA:26,1
DA:32,0
DA:38,1
DA:44,1
DA:50,1
LF:9
LH:8
BRF:0
BRH:0
end_of_record
TN:
SF:app/store/sagas/addBookToFavoritesSaga.ts
FN:7,addBookToFavorite
FNF:1
FNH:1
FNDA:4,addBookToFavorite
DA:8,4
DA:9,4
DA:10,3
DA:11,3
DA:12,1
DA:13,2
DA:14,1
DA:16,1
DA:18,1
DA:21,1
DA:22,1
LF:11
LH:11
BRDA:11,0,0,1
BRDA:11,0,1,2
BRDA:11,1,0,3
BRDA:11,1,1,3
BRDA:13,2,0,1
BRDA:13,2,1,1
BRF:6
BRH:6
end_of_record
TN:
SF:app/store/sagas/bookDetailSaga.ts
FN:8,fetchBookDetailSaga
FNF:1
FNH:1
FNDA:2,fetchBookDetailSaga
DA:9,2
DA:11,2
DA:13,2
DA:15,2
DA:16,1
DA:18,1
DA:23,1
DA:24,0
DA:26,0
DA:27,1
DA:28,0
DA:32,0
DA:33,0
LF:13
LH:8
BRDA:15,0,0,1
BRDA:15,0,1,1
BRDA:23,1,0,0
BRDA:23,1,1,1
BRDA:23,2,0,1
BRDA:23,2,1,1
BRDA:27,3,0,0
BRDA:27,3,1,1
BRF:8
BRH:6
end_of_record
