TN:
SF:TestData/Reducer/appData.tsx
FNF:0
FNH:0
DA:1,1
DA:2,1
DA:3,1
LF:3
LH:3
BRF:0
BRH:0
end_of_record
TN:
SF:TestData/Reducer/loginData.tsx
FNF:0
FNH:0
DA:1,1
DA:2,1
DA:3,1
DA:12,1
LF:4
LH:4
BRF:0
BRH:0
end_of_record
TN:
SF:app/assets/dummyImages.tsx
FNF:0
FNH:0
DA:1,6
LF:1
LH:1
BRF:0
BRH:0
end_of_record
TN:
SF:app/components/BookCard/BookCard.tsx
FN:21,(anonymous_0)
FN:30,(anonymous_1)
FN:35,(anonymous_2)
FN:36,(anonymous_3)
FN:44,(anonymous_4)
FN:47,(anonymous_5)
FN:56,(anonymous_6)
FN:67,(anonymous_7)
FN:75,(anonymous_8)
FNF:9
FNH:5
FNDA:17,(anonymous_0)
FNDA:9,(anonymous_1)
FNDA:8,(anonymous_2)
FNDA:0,(anonymous_3)
FNDA:4,(anonymous_4)
FNDA:0,(anonymous_5)
FNDA:0,(anonymous_6)
FNDA:0,(anonymous_7)
FNDA:4,(anonymous_8)
DA:21,7
DA:30,17
DA:31,17
DA:32,17
DA:33,17
DA:34,17
DA:35,17
DA:36,8
DA:37,0
DA:38,0
DA:44,17
DA:45,4
DA:47,0
DA:50,0
DA:53,0
DA:56,0
DA:57,0
DA:58,0
DA:60,0
DA:62,0
DA:65,4
DA:66,4
DA:68,0
DA:69,0
DA:71,0
DA:73,0
DA:76,4
DA:81,17
LF:28
LH:14
BRDA:37,0,0,0
BRDA:37,0,1,0
BRDA:45,1,0,0
BRDA:45,1,1,4
BRDA:57,2,0,0
BRDA:57,2,1,0
BRDA:57,3,0,0
BRDA:57,3,1,0
BRDA:68,4,0,0
BRDA:68,4,1,0
BRDA:68,5,0,0
BRDA:68,5,1,0
BRDA:82,6,0,0
BRDA:82,6,1,17
BRDA:87,7,0,0
BRDA:87,7,1,17
BRDA:89,8,0,0
BRDA:89,8,1,17
BRDA:91,9,0,0
BRDA:91,9,1,17
BRDA:96,10,0,17
BRDA:96,10,1,10
BRDA:101,11,0,0
BRDA:101,11,1,10
BRDA:103,12,0,0
BRDA:103,12,1,10
BRDA:107,13,0,3
BRDA:107,13,1,7
BRDA:114,14,0,0
BRDA:114,14,1,17
BRDA:114,15,0,17
BRDA:114,15,1,17
BRDA:116,16,0,0
BRDA:116,16,1,17
BRDA:124,17,0,0
BRDA:124,17,1,17
BRDA:124,18,0,17
BRDA:124,18,1,17
BRDA:124,18,2,17
BRF:39
BRH:19
end_of_record
TN:
SF:app/components/BookCard/BookCardShimmer.tsx
FN:9,(anonymous_0)
FNF:1
FNH:1
FNDA:13,(anonymous_0)
DA:9,4
DA:10,13
DA:11,13
LF:3
LH:3
BRDA:15,0,0,6
BRDA:15,0,1,7
BRDA:17,1,0,3
BRDA:17,1,1,4
BRDA:19,2,0,4
BRDA:19,2,1,0
BRDA:26,3,0,13
BRDA:26,3,1,0
BRDA:26,4,0,13
BRDA:26,4,1,7
BRDA:26,4,2,4
BRDA:33,5,0,13
BRDA:33,5,1,0
BRDA:33,6,0,13
BRDA:33,6,1,7
BRDA:33,6,2,4
BRF:16
BRH:13
end_of_record
TN:
SF:app/components/BookCard/styles.ts
FN:5,(anonymous_0)
FNF:1
FNH:1
FNDA:30,(anonymous_0)
DA:5,9
DA:6,30
DA:7,30
DA:8,30
DA:9,30
DA:10,30
DA:11,30
DA:205,30
LF:8
LH:8
BRDA:59,0,0,30
BRDA:59,0,1,0
BRDA:60,1,0,30
BRDA:60,1,1,0
BRDA:66,2,0,30
BRDA:66,2,1,0
BRDA:67,3,0,30
BRDA:67,3,1,0
BRDA:72,4,0,30
BRDA:72,4,1,0
BRDA:73,5,0,30
BRDA:73,5,1,0
BRDA:79,6,0,30
BRDA:79,6,1,0
BRDA:80,7,0,30
BRDA:80,7,1,0
BRDA:88,8,0,30
BRDA:88,8,1,0
BRDA:97,9,0,30
BRDA:97,9,1,0
BRDA:98,10,0,30
BRDA:98,10,1,0
BRDA:106,11,0,30
BRDA:106,11,1,0
BRDA:115,12,0,30
BRDA:115,12,1,0
BRDA:126,13,0,30
BRDA:126,13,1,0
BRDA:130,14,0,30
BRDA:130,14,1,0
BRDA:131,15,0,30
BRDA:131,15,1,0
BRDA:158,16,0,30
BRDA:158,16,1,0
BRDA:159,17,0,0
BRDA:159,17,1,30
BRDA:161,18,0,30
BRDA:161,18,1,0
BRDA:167,19,0,30
BRDA:167,19,1,0
BRDA:168,20,0,0
BRDA:168,20,1,30
BRDA:171,21,0,30
BRDA:171,21,1,0
BRDA:177,22,0,30
BRDA:177,22,1,0
BRDA:190,23,0,30
BRDA:190,23,1,0
BRDA:197,24,0,30
BRDA:197,24,1,0
BRDA:198,25,0,0
BRDA:198,25,1,30
BRDA:200,26,0,30
BRDA:200,26,1,0
BRF:54
BRH:27
end_of_record
TN:
SF:app/components/PictureViewer/index.tsx
FN:8,(anonymous_0)
FNF:1
FNH:1
FNDA:14,(anonymous_0)
DA:8,2
DA:9,14
DA:10,14
DA:11,13
LF:4
LH:4
BRF:0
BRH:0
end_of_record
TN:
SF:app/components/PictureViewer/styles.ts
FN:5,(anonymous_0)
FNF:1
FNH:1
FNDA:14,(anonymous_0)
DA:5,2
DA:6,14
DA:7,13
DA:8,13
DA:9,13
DA:10,13
DA:31,13
LF:7
LH:7
BRDA:16,0,0,13
BRDA:16,0,1,0
BRDA:16,1,0,13
BRDA:16,1,1,0
BRF:4
BRH:2
end_of_record
TN:
SF:app/components/SearchBar/index.tsx
FN:10,(anonymous_0)
FN:17,(anonymous_1)
FN:28,(anonymous_2)
FN:30,(anonymous_3)
FN:32,(anonymous_4)
FNF:5
FNH:4
FNDA:7,(anonymous_0)
FNDA:1,(anonymous_1)
FNDA:1,(anonymous_2)
FNDA:0,(anonymous_3)
FNDA:1,(anonymous_4)
DA:10,2
DA:11,7
DA:12,7
DA:13,7
DA:14,7
DA:15,7
DA:17,7
DA:18,1
DA:21,7
DA:28,1
DA:30,0
DA:32,1
LF:12
LH:11
BRF:0
BRH:0
end_of_record
TN:
SF:app/components/SearchBar/styles.ts
FN:9,(anonymous_0)
FNF:1
FNH:1
FNDA:7,(anonymous_0)
DA:9,2
DA:10,7
DA:11,7
DA:13,7
DA:152,7
LF:5
LH:5
BRF:0
BRH:0
end_of_record
TN:
SF:app/config/api-config.ts
FNF:0
FNH:0
DA:3,18
LF:1
LH:1
BRF:0
BRH:0
end_of_record
TN:
SF:app/config/styles.ts
FNF:0
FNH:0
DA:5,1
LF:1
LH:1
BRF:0
BRH:0
end_of_record
TN:
SF:app/lib/createReducer.ts
FN:5,createReducer
FN:6,reducer
FNF:2
FNH:2
FNDA:2,createReducer
FNDA:14,reducer
DA:6,2
DA:7,14
DA:8,12
DA:10,2
LF:4
LH:4
BRDA:6,0,0,2
BRDA:7,1,0,12
BRDA:7,1,1,2
BRF:3
BRH:3
end_of_record
TN:
SF:app/screens/BookDetail/Container.tsx
FN:12,(anonymous_0)
FN:13,(anonymous_1)
FN:43,(anonymous_2)
FN:73,(anonymous_3)
FN:83,(anonymous_4)
FNF:5
FNH:5
FNDA:6,(anonymous_0)
FNDA:6,(anonymous_1)
FNDA:1,(anonymous_2)
FNDA:1,(anonymous_3)
FNDA:1,(anonymous_4)
DA:12,2
DA:13,6
DA:14,6
DA:15,6
DA:16,6
DA:19,6
DA:20,6
DA:21,6
DA:22,6
DA:23,6
DA:24,6
DA:25,6
DA:26,6
DA:27,6
DA:28,6
DA:29,6
DA:43,6
DA:45,1
DA:48,6
DA:74,1
DA:83,1
LF:21
LH:21
BRDA:24,0,0,6
BRDA:24,0,1,6
BRDA:25,1,0,6
BRDA:25,1,1,6
BRDA:26,2,0,6
BRDA:26,2,1,6
BRDA:52,3,0,6
BRDA:52,3,1,6
BRDA:68,4,0,5
BRDA:68,4,1,1
BRDA:118,5,0,1
BRDA:118,5,1,5
BRF:12
BRH:12
end_of_record
TN:
SF:app/screens/BookDetail/Shimmer.tsx
FN:7,(anonymous_0)
FNF:1
FNH:1
FNDA:2,(anonymous_0)
DA:7,1
DA:9,2
DA:11,2
LF:3
LH:3
BRF:0
BRH:0
end_of_record
TN:
SF:app/screens/BookDetail/index.tsx
FN:14,(anonymous_0)
FN:22,(anonymous_1)
FN:25,(anonymous_2)
FNF:3
FNH:2
FNDA:2,(anonymous_0)
FNDA:2,(anonymous_1)
FNDA:0,(anonymous_2)
DA:12,1
DA:14,1
DA:15,2
DA:16,2
DA:17,2
DA:18,2
DA:19,2
DA:22,2
DA:23,2
DA:24,2
DA:25,2
DA:26,0
DA:27,0
DA:28,0
DA:30,0
DA:34,2
DA:38,2
LF:17
LH:13
BRDA:26,0,0,0
BRDA:26,0,1,0
BRDA:26,1,0,0
BRDA:26,1,1,0
BRDA:40,2,0,2
BRDA:40,2,1,0
BRDA:40,3,0,2
BRDA:40,3,1,0
BRDA:40,3,2,0
BRF:9
BRH:2
end_of_record
TN:
SF:app/screens/BookDetail/styles.ts
FN:6,(anonymous_0)
FNF:1
FNH:1
FNDA:8,(anonymous_0)
DA:6,2
DA:7,8
DA:8,8
DA:9,8
DA:10,8
DA:11,8
DA:13,8
DA:200,8
LF:8
LH:8
BRDA:84,0,0,8
BRDA:84,0,1,0
BRDA:85,1,0,8
BRDA:85,1,1,0
BRF:4
BRH:2
end_of_record
TN:
SF:app/screens/BookReader/index.tsx
FN:5,(anonymous_0)
FNF:1
FNH:1
FNDA:1,(anonymous_0)
DA:5,1
DA:6,1
DA:9,1
DA:11,1
LF:4
LH:4
BRF:0
BRH:0
end_of_record
TN:
SF:app/screens/BookReader/styles.ts
FN:3,(anonymous_0)
FNF:1
FNH:1
FNDA:1,(anonymous_0)
DA:3,1
DA:4,1
DA:5,1
DA:8,1
DA:18,1
LF:5
LH:5
BRF:0
BRH:0
end_of_record
TN:
SF:app/screens/Explore/Container.tsx
FN:22,(anonymous_0)
FN:30,(anonymous_1)
FN:36,(anonymous_2)
FN:38,(anonymous_3)
FN:41,(anonymous_4)
FN:45,(anonymous_5)
FN:50,(anonymous_6)
FN:90,(anonymous_7)
FN:94,(anonymous_8)
FN:96,(anonymous_9)
FN:102,(anonymous_10)
FN:106,(anonymous_11)
FN:108,(anonymous_12)
FN:114,(anonymous_13)
FN:118,(anonymous_14)
FN:120,(anonymous_15)
FNF:16
FNH:3
FNDA:3,(anonymous_0)
FNDA:0,(anonymous_1)
FNDA:3,(anonymous_2)
FNDA:3,(anonymous_3)
FNDA:0,(anonymous_4)
FNDA:0,(anonymous_5)
FNDA:0,(anonymous_6)
FNDA:0,(anonymous_7)
FNDA:0,(anonymous_8)
FNDA:0,(anonymous_9)
FNDA:0,(anonymous_10)
FNDA:0,(anonymous_11)
FNDA:0,(anonymous_12)
FNDA:0,(anonymous_13)
FNDA:0,(anonymous_14)
FNDA:0,(anonymous_15)
DA:22,2
DA:24,3
DA:25,3
DA:26,3
DA:27,3
DA:28,3
DA:30,3
DA:31,0
DA:32,0
DA:33,0
DA:36,3
DA:37,3
DA:38,3
DA:41,3
DA:42,0
DA:45,3
DA:46,0
DA:51,0
DA:64,3
DA:91,0
DA:94,0
DA:96,0
DA:103,0
DA:106,0
DA:108,0
DA:115,0
DA:118,0
DA:120,0
LF:28
LH:13
BRDA:83,0,0,0
BRDA:83,0,1,3
BRDA:103,1,0,0
BRDA:103,1,1,0
BRF:4
BRH:1
end_of_record
TN:
SF:app/screens/Explore/Shimmer.tsx
FN:7,(anonymous_0)
FN:10,(anonymous_1)
FN:30,(anonymous_2)
FN:33,(anonymous_3)
FN:42,(anonymous_4)
FN:45,(anonymous_5)
FN:55,(anonymous_6)
FN:58,(anonymous_7)
FNF:8
FNH:8
FNDA:1,(anonymous_0)
FNDA:9,(anonymous_1)
FNDA:3,(anonymous_2)
FNDA:3,(anonymous_3)
FNDA:3,(anonymous_4)
FNDA:3,(anonymous_5)
FNDA:3,(anonymous_6)
FNDA:3,(anonymous_7)
DA:7,2
DA:8,1
DA:9,1
DA:10,1
DA:11,9
DA:17,1
DA:30,3
DA:33,3
DA:42,3
DA:45,3
DA:55,3
DA:58,3
LF:12
LH:12
BRF:0
BRH:0
end_of_record
TN:
SF:app/screens/Explore/index.tsx
FN:14,(anonymous_0)
FN:16,(anonymous_1)
FN:17,(anonymous_2)
FN:19,(anonymous_3)
FN:23,(anonymous_4)
FN:28,(anonymous_5)
FN:37,(anonymous_6)
FNF:7
FNH:7
FNDA:2,(anonymous_0)
FNDA:2,(anonymous_1)
FNDA:2,(anonymous_2)
FNDA:2,(anonymous_3)
FNDA:2,(anonymous_4)
FNDA:2,(anonymous_5)
FNDA:2,(anonymous_6)
DA:14,1
DA:16,2
DA:17,2
DA:18,2
DA:19,2
DA:20,2
DA:21,2
DA:22,2
DA:23,2
DA:24,2
DA:25,2
DA:26,2
DA:28,2
DA:29,2
DA:30,2
DA:37,2
DA:38,2
DA:41,2
LF:18
LH:18
BRDA:25,0,0,2
BRDA:25,0,1,0
BRDA:26,1,0,2
BRDA:26,1,1,0
BRDA:38,2,0,2
BRDA:38,2,1,0
BRDA:45,3,0,0
BRDA:45,3,1,2
BRF:8
BRH:4
end_of_record
TN:
SF:app/screens/Explore/styles.ts
FN:5,(anonymous_0)
FNF:1
FNH:1
FNDA:4,(anonymous_0)
DA:5,3
DA:6,4
DA:7,4
DA:8,4
DA:9,4
DA:10,4
DA:12,4
DA:144,4
LF:8
LH:8
BRDA:30,0,0,4
BRDA:30,0,1,0
BRDA:36,1,0,4
BRDA:36,1,1,0
BRDA:43,2,0,4
BRDA:43,2,1,0
BRDA:43,3,0,0
BRDA:43,3,1,0
BRDA:52,4,0,4
BRDA:52,4,1,0
BRDA:63,5,0,4
BRDA:63,5,1,0
BRF:12
BRH:5
end_of_record
TN:
SF:app/screens/Favorite/Container.tsx
FN:23,(anonymous_0)
FN:24,(anonymous_1)
FN:35,(anonymous_2)
FN:36,(anonymous_3)
FN:38,(anonymous_4)
FN:42,(anonymous_5)
FN:48,(anonymous_6)
FN:68,(anonymous_7)
FN:75,(anonymous_8)
FNF:9
FNH:3
FNDA:4,(anonymous_0)
FNDA:0,(anonymous_1)
FNDA:4,(anonymous_2)
FNDA:4,(anonymous_3)
FNDA:0,(anonymous_4)
FNDA:0,(anonymous_5)
FNDA:0,(anonymous_6)
FNDA:0,(anonymous_7)
FNDA:0,(anonymous_8)
DA:23,2
DA:24,4
DA:25,0
DA:26,0
DA:27,0
DA:30,4
DA:31,4
DA:32,4
DA:33,4
DA:34,4
DA:35,4
DA:36,4
DA:37,4
DA:38,4
DA:40,0
DA:42,4
DA:43,0
DA:49,0
DA:62,4
DA:68,0
DA:75,0
LF:21
LH:13
BRDA:64,0,0,1
BRDA:64,0,1,3
BRDA:64,1,0,4
BRDA:64,1,1,4
BRDA:66,2,0,1
BRDA:66,2,1,0
BRDA:67,3,0,1
BRDA:67,3,1,0
BRF:8
BRH:6
end_of_record
TN:
SF:app/screens/Favorite/Shimmer.tsx
FN:8,(anonymous_0)
FN:14,(anonymous_1)
FN:19,(anonymous_2)
FN:28,(anonymous_3)
FN:32,(anonymous_4)
FNF:5
FNH:4
FNDA:1,(anonymous_0)
FNDA:4,(anonymous_1)
FNDA:0,(anonymous_2)
FNDA:4,(anonymous_3)
FNDA:4,(anonymous_4)
DA:8,2
DA:10,1
DA:11,1
DA:12,1
DA:13,1
DA:14,1
DA:15,4
DA:24,1
DA:28,4
DA:32,4
LF:10
LH:10
BRDA:27,0,0,1
BRDA:27,0,1,0
BRDA:29,1,0,1
BRDA:29,1,1,0
BRF:4
BRH:2
end_of_record
TN:
SF:app/screens/Favorite/index.tsx
FN:13,(anonymous_0)
FN:16,(anonymous_1)
FN:17,(anonymous_2)
FN:23,(anonymous_3)
FN:26,(anonymous_4)
FN:30,(anonymous_5)
FN:37,(anonymous_6)
FN:42,(anonymous_7)
FNF:8
FNH:8
FNDA:2,(anonymous_0)
FNDA:2,(anonymous_1)
FNDA:2,(anonymous_2)
FNDA:2,(anonymous_3)
FNDA:2,(anonymous_4)
FNDA:2,(anonymous_5)
FNDA:2,(anonymous_6)
FNDA:2,(anonymous_7)
DA:12,1
DA:13,1
DA:15,2
DA:16,2
DA:17,2
DA:18,2
DA:19,2
DA:20,2
DA:23,2
DA:24,2
DA:26,2
DA:27,2
DA:28,2
DA:30,2
DA:31,2
DA:32,2
DA:37,2
DA:38,2
DA:40,2
DA:42,2
DA:43,2
DA:48,2
LF:22
LH:22
BRDA:27,0,0,2
BRDA:27,0,1,0
BRDA:38,1,0,0
BRDA:38,1,1,2
BRDA:50,2,0,0
BRDA:50,2,1,2
BRF:6
BRH:3
end_of_record
TN:
SF:app/screens/Favorite/styles.ts
FN:5,(anonymous_0)
FNF:1
FNH:1
FNDA:5,(anonymous_0)
DA:5,3
DA:6,5
DA:7,5
DA:8,5
DA:9,5
DA:10,5
DA:11,5
DA:103,5
LF:8
LH:8
BRDA:30,0,0,5
BRDA:30,0,1,0
BRDA:72,1,0,5
BRDA:72,1,1,0
BRDA:73,2,0,5
BRDA:73,2,1,0
BRF:6
BRH:3
end_of_record
TN:
SF:app/screens/ForgotPassword/index.tsx
FN:13,(anonymous_0)
FN:23,(anonymous_1)
FN:28,(anonymous_2)
FN:36,(anonymous_3)
FN:40,(anonymous_4)
FN:75,(anonymous_5)
FNF:6
FNH:4
FNDA:7,(anonymous_0)
FNDA:2,(anonymous_1)
FNDA:3,(anonymous_2)
FNDA:0,(anonymous_3)
FNDA:0,(anonymous_4)
FNDA:2,(anonymous_5)
DA:13,1
DA:15,7
DA:16,7
DA:17,7
DA:18,7
DA:21,7
DA:23,7
DA:24,2
DA:25,2
DA:28,7
DA:29,3
DA:30,1
DA:32,2
DA:34,1
DA:35,1
DA:36,1
DA:37,0
DA:38,0
DA:40,1
DA:41,0
DA:44,0
DA:45,0
DA:48,1
DA:53,7
DA:75,2
LF:25
LH:20
BRDA:29,0,0,1
BRDA:29,0,1,2
BRDA:32,1,0,1
BRDA:32,1,1,1
BRDA:83,2,0,7
BRDA:83,2,1,1
BRF:6
BRH:6
end_of_record
TN:
SF:app/screens/ForgotPassword/styles.ts
FN:4,(anonymous_0)
FNF:1
FNH:1
FNDA:7,(anonymous_0)
DA:4,1
DA:5,7
DA:6,7
DA:7,7
DA:8,7
DA:94,7
LF:6
LH:6
BRF:0
BRH:0
end_of_record
TN:
SF:app/screens/Login/index.tsx
FN:22,(anonymous_0)
FN:32,(anonymous_1)
FN:41,(anonymous_2)
FN:46,(anonymous_3)
FN:53,(anonymous_4)
FN:57,(anonymous_5)
FN:93,(anonymous_6)
FN:103,(anonymous_7)
FN:121,(anonymous_8)
FN:130,(anonymous_9)
FN:141,(anonymous_10)
FN:152,(anonymous_11)
FN:155,(anonymous_12)
FN:176,(anonymous_13)
FN:190,(anonymous_14)
FN:196,(anonymous_15)
FN:202,(anonymous_16)
FNF:17
FNH:12
FNDA:15,(anonymous_0)
FNDA:0,(anonymous_1)
FNDA:2,(anonymous_2)
FNDA:2,(anonymous_3)
FNDA:1,(anonymous_4)
FNDA:14,(anonymous_5)
FNDA:21,(anonymous_6)
FNDA:2,(anonymous_7)
FNDA:21,(anonymous_8)
FNDA:2,(anonymous_9)
FNDA:1,(anonymous_10)
FNDA:1,(anonymous_11)
FNDA:0,(anonymous_12)
FNDA:1,(anonymous_13)
FNDA:0,(anonymous_14)
FNDA:0,(anonymous_15)
FNDA:0,(anonymous_16)
DA:22,1
DA:23,15
DA:24,15
DA:25,14
DA:27,14
DA:28,14
DA:29,14
DA:30,14
DA:31,14
DA:32,14
DA:39,14
DA:41,14
DA:42,2
DA:43,2
DA:46,14
DA:47,2
DA:48,1
DA:50,1
DA:53,14
DA:54,1
DA:55,1
DA:57,14
DA:58,14
DA:65,14
DA:94,21
DA:103,2
DA:122,21
DA:130,2
DA:141,1
DA:152,1
DA:155,0
DA:177,1
DA:191,0
DA:197,0
DA:203,0
LF:35
LH:31
BRDA:47,0,0,1
BRDA:47,0,1,1
BRDA:109,1,0,1
BRDA:109,1,1,13
BRDA:138,2,0,13
BRDA:138,2,1,1
BRDA:144,3,0,1
BRDA:144,3,1,13
BRDA:168,4,0,0
BRDA:168,4,1,14
BRF:10
BRH:9
end_of_record
TN:
SF:app/screens/Login/styles.ts
FN:5,(anonymous_0)
FNF:1
FNH:1
FNDA:14,(anonymous_0)
DA:5,1
DA:6,14
DA:7,14
DA:8,14
DA:220,14
LF:5
LH:5
BRF:0
BRH:0
end_of_record
TN:
SF:app/screens/Signup/index.tsx
FN:16,(anonymous_0)
FN:22,(anonymous_1)
FN:35,(anonymous_2)
FN:40,(anonymous_3)
FN:48,(anonymous_4)
FN:71,(anonymous_5)
FN:79,(anonymous_6)
FN:94,(anonymous_7)
FN:102,(anonymous_8)
FN:117,(anonymous_9)
FN:127,(anonymous_10)
FN:140,(anonymous_11)
FN:149,(anonymous_12)
FNF:13
FNH:13
FNDA:15,(anonymous_0)
FNDA:13,(anonymous_1)
FNDA:2,(anonymous_2)
FNDA:2,(anonymous_3)
FNDA:2,(anonymous_4)
FNDA:22,(anonymous_5)
FNDA:3,(anonymous_6)
FNDA:22,(anonymous_7)
FNDA:3,(anonymous_8)
FNDA:22,(anonymous_9)
FNDA:3,(anonymous_10)
FNDA:22,(anonymous_11)
FNDA:3,(anonymous_12)
DA:16,1
DA:17,15
DA:19,15
DA:20,14
DA:21,14
DA:22,13
DA:24,14
DA:25,14
DA:33,14
DA:35,14
DA:36,2
DA:37,2
DA:40,14
DA:41,2
DA:42,1
DA:44,1
DA:48,14
DA:49,2
DA:52,14
DA:54,14
DA:72,22
DA:79,3
DA:95,22
DA:102,3
DA:118,22
DA:127,3
DA:141,22
DA:149,3
LF:28
LH:28
BRDA:41,0,0,1
BRDA:41,0,1,1
BRDA:85,1,0,14
BRDA:85,1,1,1
BRDA:108,2,0,14
BRDA:108,2,1,1
BRDA:133,3,0,14
BRDA:133,3,1,1
BRDA:155,4,0,14
BRDA:155,4,1,1
BRDA:188,5,0,14
BRDA:188,5,1,0
BRF:12
BRH:11
end_of_record
TN:
SF:app/screens/Signup/styles.ts
FN:4,(anonymous_0)
FNF:1
FNH:1
FNDA:14,(anonymous_0)
DA:4,1
DA:5,14
DA:6,14
DA:7,14
DA:8,14
DA:144,14
LF:6
LH:6
BRF:0
BRH:0
end_of_record
TN:
SF:app/screens/UserDetail/index.tsx
FN:15,(anonymous_0)
FN:17,(anonymous_1)
FN:18,(anonymous_2)
FN:28,(anonymous_3)
FN:36,(anonymous_4)
FN:48,(anonymous_5)
FN:60,(anonymous_6)
FN:66,(anonymous_7)
FN:67,(anonymous_8)
FN:74,(anonymous_9)
FN:79,(anonymous_10)
FN:88,(anonymous_11)
FN:96,(anonymous_12)
FN:110,(anonymous_13)
FN:116,(anonymous_14)
FN:150,(anonymous_15)
FN:161,(anonymous_16)
FN:176,(anonymous_17)
FN:184,(anonymous_18)
FN:199,(anonymous_19)
FNF:20
FNH:13
FNDA:11,(anonymous_0)
FNDA:10,(anonymous_1)
FNDA:10,(anonymous_2)
FNDA:3,(anonymous_3)
FNDA:8,(anonymous_4)
FNDA:8,(anonymous_5)
FNDA:0,(anonymous_6)
FNDA:0,(anonymous_7)
FNDA:0,(anonymous_8)
FNDA:0,(anonymous_9)
FNDA:3,(anonymous_10)
FNDA:8,(anonymous_11)
FNDA:8,(anonymous_12)
FNDA:0,(anonymous_13)
FNDA:0,(anonymous_14)
FNDA:1,(anonymous_15)
FNDA:1,(anonymous_16)
FNDA:1,(anonymous_17)
FNDA:3,(anonymous_18)
FNDA:0,(anonymous_19)
DA:15,1
DA:16,11
DA:17,11
DA:18,11
DA:20,11
DA:21,11
DA:22,11
DA:23,11
DA:24,11
DA:25,11
DA:26,11
DA:27,11
DA:28,11
DA:29,3
DA:30,3
DA:32,11
DA:35,11
DA:36,11
DA:37,8
DA:38,8
DA:39,8
DA:40,0
DA:42,8
DA:44,0
DA:48,11
DA:49,8
DA:50,8
DA:51,8
DA:52,0
DA:54,8
DA:56,0
DA:60,11
DA:61,0
DA:62,0
DA:67,0
DA:68,0
DA:69,0
DA:74,11
DA:75,0
DA:76,0
DA:79,11
DA:80,3
DA:81,1
DA:88,11
DA:89,8
DA:90,8
DA:91,8
DA:92,0
DA:96,11
DA:97,8
DA:99,11
DA:111,0
DA:117,0
DA:150,1
DA:161,1
DA:176,1
DA:185,3
DA:186,3
DA:199,0
DA:206,1
LF:60
LH:45
BRDA:39,0,0,0
BRDA:39,0,1,8
BRDA:51,1,0,0
BRDA:51,1,1,8
BRDA:80,2,0,1
BRDA:80,2,1,2
BRDA:91,3,0,0
BRDA:91,3,1,8
BRDA:104,4,0,0
BRDA:104,4,1,11
BRDA:124,5,0,6
BRDA:124,5,1,5
BRDA:190,6,0,6
BRDA:190,6,1,5
BRDA:192,7,0,0
BRDA:192,7,1,11
BRF:16
BRH:11
end_of_record
TN:
SF:app/screens/UserDetail/styles.ts
FN:5,(anonymous_0)
FNF:1
FNH:1
FNDA:11,(anonymous_0)
DA:5,1
DA:6,11
DA:7,11
DA:8,11
DA:9,11
DA:10,11
DA:12,11
DA:106,11
LF:8
LH:8
BRDA:39,0,0,11
BRDA:39,0,1,0
BRDA:42,1,0,11
BRDA:42,1,1,0
BRF:4
BRH:2
end_of_record
TN:
SF:app/services/addBookToFavoite.ts
FN:4,addBookToFavorite
FNF:1
FNH:1
FNDA:4,addBookToFavorite
DA:5,4
LF:1
LH:1
BRF:0
BRH:0
end_of_record
TN:
SF:app/services/client.ts
FN:8,(anonymous_0)
FN:24,api
FN:58,(anonymous_2)
FN:65,(anonymous_3)
FN:66,(anonymous_4)
FN:67,(anonymous_5)
FN:68,(anonymous_6)
FNF:7
FNH:2
FNDA:5,(anonymous_0)
FNDA:5,api
FNDA:0,(anonymous_2)
FNDA:0,(anonymous_3)
FNDA:0,(anonymous_4)
FNDA:0,(anonymous_5)
FNDA:0,(anonymous_6)
DA:8,18
DA:9,5
DA:10,5
DA:11,5
DA:12,0
DA:14,5
DA:16,0
DA:30,5
DA:32,5
DA:33,1
DA:44,4
DA:57,5
DA:59,0
DA:60,0
DA:62,0
DA:63,0
DA:65,0
DA:66,0
DA:67,0
DA:69,0
DA:70,0
DA:72,0
LF:22
LH:10
BRDA:11,0,0,0
BRDA:11,0,1,5
BRDA:28,1,0,4
BRDA:32,2,0,1
BRDA:32,2,1,4
BRDA:41,3,0,1
BRDA:41,3,1,1
BRDA:53,4,0,4
BRDA:53,4,1,0
BRDA:59,5,0,0
BRDA:59,5,1,0
BRDA:69,6,0,0
BRDA:69,6,1,0
BRF:13
BRH:7
end_of_record
TN:
SF:app/services/forgotPassword.ts
FN:5,forgotPassword
FNF:1
FNH:1
FNDA:1,forgotPassword
DA:6,1
LF:1
LH:1
BRF:0
BRH:0
end_of_record
TN:
SF:app/services/getBookDetail.ts
FN:4,getBookDetail
FNF:1
FNH:0
FNDA:0,getBookDetail
DA:5,0
LF:1
LH:0
BRF:0
BRH:0
end_of_record
TN:
SF:app/services/getBooks.ts
FN:4,getBooks
FNF:1
FNH:0
FNDA:0,getBooks
DA:5,0
LF:1
LH:0
BRF:0
BRH:0
end_of_record
TN:
SF:app/services/getFavoriteBooks.ts
FN:4,getFavoriteBooks
FNF:1
FNH:0
FNDA:0,getFavoriteBooks
DA:5,0
LF:1
LH:0
BRF:0
BRH:0
end_of_record
TN:
SF:app/services/getUserDetail.ts
FN:4,getUserDetail
FNF:1
FNH:0
FNDA:0,getUserDetail
DA:5,0
LF:1
LH:0
BRF:0
BRH:0
end_of_record
TN:
SF:app/services/loginUser.ts
FN:5,loginUser
FNF:1
FNH:0
FNDA:0,loginUser
DA:6,0
LF:1
LH:0
BRF:0
BRH:0
end_of_record
TN:
SF:app/services/removeBookFromFavoite.ts
FN:4,removeBookFromFavorites
FNF:1
FNH:0
FNDA:0,removeBookFromFavorites
DA:5,0
LF:1
LH:0
BRF:0
BRH:0
end_of_record
TN:
SF:app/services/signupUser.ts
FN:4,signupUser
FNF:1
FNH:0
FNDA:0,signupUser
DA:5,0
LF:1
LH:0
BRF:0
BRH:0
end_of_record
TN:
SF:app/services/updateProfile.ts
FN:4,updateProfile
FNF:1
FNH:0
FNDA:0,updateProfile
DA:5,0
LF:1
LH:0
BRF:0
BRH:0
end_of_record
TN:
SF:app/store/actions/appActions.ts
FN:7,getBookRequest
FN:14,getBookResponse
FN:21,getFavoriteBookRequest
FN:27,getFavoriteBookResponse
FN:37,getBookDetailRequest
FN:44,getBookDetailResponse
FN:53,addBookToFavoriteRequest
FN:60,removeBookToFavoriteRequest
FN:67,setNewFavorites
FN:73,setProfileImagePath
FNF:10
FNH:10
FNDA:4,getBookRequest
FNDA:7,getBookResponse
FNDA:3,getFavoriteBookRequest
FNDA:9,getFavoriteBookResponse
FNDA:1,getBookDetailRequest
FNDA:3,getBookDetailResponse
FNDA:1,addBookToFavoriteRequest
FNDA:1,removeBookToFavoriteRequest
FNDA:1,setNewFavorites
FNDA:1,setProfileImagePath
DA:8,4
DA:15,7
DA:22,3
DA:31,9
DA:38,1
DA:48,3
DA:54,1
DA:61,1
DA:68,1
DA:74,1
LF:10
LH:10
BRF:0
BRH:0
end_of_record
TN:
SF:app/store/actions/loginActions.ts
FN:24,requestLogin
FN:31,setLoggedIn
FN:37,loginFailed
FN:43,LoginResponse
FN:53,enableLoader
FN:59,disableLoader
FN:65,logOut
FN:71,userDetailsRequest
FN:78,setToken
FN:88,userDetailsResponse
FN:98,signupRequest
FN:105,signupResponse
FN:114,forgotPassword
FN:121,forgotPasswordResponse
FN:130,updateProfileRequest
FN:137,updateProfileResponse
FN:146,clearLoginResponse
FNF:17
FNH:17
FNDA:2,requestLogin
FNDA:5,setLoggedIn
FNDA:1,loginFailed
FNDA:1,LoginResponse
FNDA:41,enableLoader
FNDA:73,disableLoader
FNDA:1,logOut
FNDA:1,userDetailsRequest
FNDA:1,setToken
FNDA:9,userDetailsResponse
FNDA:2,signupRequest
FNDA:1,signupResponse
FNDA:1,forgotPassword
FNDA:3,forgotPasswordResponse
FNDA:2,updateProfileRequest
FNDA:3,updateProfileResponse
FNDA:1,clearLoginResponse
DA:25,2
DA:32,5
DA:38,1
DA:47,1
DA:54,41
DA:60,73
DA:66,1
DA:72,1
DA:82,1
DA:92,9
DA:99,2
DA:109,1
DA:115,1
DA:125,3
DA:131,2
DA:141,3
DA:147,1
LF:17
LH:17
BRF:0
BRH:0
end_of_record
TN:
SF:app/store/actions/snackbarActions.ts
FN:6,enableSnackbar
FN:13,disableSnackbar
FNF:2
FNH:2
FNDA:46,enableSnackbar
FNDA:1,disableSnackbar
DA:7,46
DA:14,1
LF:2
LH:2
BRF:0
BRH:0
end_of_record
TN:
SF:app/store/actions/types.ts
FNF:0
FNH:0
DA:2,27
DA:3,27
DA:6,27
DA:9,27
DA:10,27
DA:11,27
DA:12,27
DA:13,27
DA:14,27
DA:15,27
DA:16,27
DA:17,27
DA:18,27
DA:19,27
DA:20,27
DA:21,27
DA:22,27
DA:23,27
DA:24,27
DA:25,27
DA:26,27
DA:29,27
DA:30,27
DA:31,27
DA:32,27
DA:33,27
DA:34,27
DA:35,27
DA:36,27
DA:37,27
DA:38,27
DA:39,27
DA:41,27
DA:42,27
DA:44,27
DA:46,27
LF:36
LH:36
BRF:0
BRH:0
end_of_record
TN:
SF:app/store/reducers/appReducer.ts
FN:13,(anonymous_0)
FN:18,(anonymous_1)
FN:24,(anonymous_2)
FN:29,(anonymous_3)
FN:36,(anonymous_4)
FN:42,(anonymous_5)
FNF:6
FNH:6
FNDA:1,(anonymous_0)
FNDA:1,(anonymous_1)
FNDA:1,(anonymous_2)
FNDA:1,(anonymous_3)
FNDA:1,(anonymous_4)
FNDA:1,(anonymous_5)
DA:6,1
DA:12,1
DA:14,1
DA:19,1
DA:25,1
DA:30,1
DA:37,1
DA:43,1
LF:8
LH:8
BRF:0
BRH:0
end_of_record
TN:
SF:app/store/reducers/loginReducer.ts
FN:15,(anonymous_0)
FN:22,(anonymous_1)
FN:25,(anonymous_2)
FN:31,(anonymous_3)
FN:37,(anonymous_4)
FN:43,(anonymous_5)
FN:49,(anonymous_6)
FNF:7
FNH:6
FNDA:1,(anonymous_0)
FNDA:1,(anonymous_1)
FNDA:1,(anonymous_2)
FNDA:0,(anonymous_3)
FNDA:1,(anonymous_4)
FNDA:1,(anonymous_5)
FNDA:1,(anonymous_6)
DA:9,1
DA:14,1
DA:16,1
DA:23,1
DA:26,1
DA:32,0
DA:38,1
DA:44,1
DA:50,1
LF:9
LH:8
BRF:0
BRH:0
end_of_record
TN:
SF:app/store/sagas/addBookToFavoritesSaga.ts
FN:7,addBookToFavorite
FNF:1
FNH:1
FNDA:4,addBookToFavorite
DA:8,4
DA:9,4
DA:10,3
DA:11,3
DA:12,1
DA:13,2
DA:14,1
DA:16,1
DA:18,1
DA:21,1
DA:22,1
LF:11
LH:11
BRDA:11,0,0,1
BRDA:11,0,1,2
BRDA:11,1,0,3
BRDA:11,1,1,3
BRDA:13,2,0,1
BRDA:13,2,1,1
BRF:6
BRH:6
end_of_record
TN:
SF:app/store/sagas/bookDetailSaga.ts
FN:8,fetchBookDetailSaga
FNF:1
FNH:1
FNDA:4,fetchBookDetailSaga
DA:9,4
DA:11,4
DA:13,3
DA:15,3
DA:16,1
DA:18,1
DA:23,2
DA:24,1
DA:26,1
DA:27,1
DA:28,1
DA:32,1
DA:33,1
LF:13
LH:13
BRDA:15,0,0,1
BRDA:15,0,1,2
BRDA:23,1,0,1
BRDA:23,1,1,1
BRDA:23,2,0,2
BRDA:23,2,1,2
BRDA:27,3,0,1
BRDA:27,3,1,0
BRF:8
BRH:7
end_of_record
TN:
SF:app/store/sagas/favoriteBookSaga.ts
FN:8,fetchFavoriteBookAsync
FNF:1
FNH:1
FNDA:4,fetchFavoriteBookAsync
DA:9,4
DA:11,4
DA:13,3
DA:15,3
DA:16,1
DA:18,1
DA:19,2
DA:20,1
DA:22,1
DA:23,1
DA:28,1
DA:29,1
LF:12
LH:12
BRDA:15,0,0,1
BRDA:15,0,1,2
BRDA:15,1,0,3
BRDA:15,1,1,3
BRDA:19,2,0,1
BRDA:19,2,1,1
BRF:6
BRH:6
end_of_record
TN:
SF:app/store/sagas/fetchBookSaga.ts
FN:9,fetchBookAsync
FNF:1
FNH:1
FNDA:4,fetchBookAsync
DA:14,4
DA:15,4
DA:18,4
DA:19,3
DA:20,1
DA:22,2
DA:23,1
DA:24,1
DA:25,1
DA:26,1
DA:27,1
DA:28,1
DA:29,1
DA:35,1
DA:36,1
LF:15
LH:15
BRDA:19,0,0,1
BRDA:19,0,1,2
BRDA:22,1,0,1
BRDA:22,1,1,1
BRDA:22,2,0,2
BRDA:22,2,1,2
BRDA:27,3,0,1
BRDA:27,3,1,0
BRF:8
BRH:7
end_of_record
TN:
SF:app/store/sagas/forgetPasswordSaga.ts
FN:15,forgetPassword
FNF:1
FNH:1
FNDA:2,forgetPassword
DA:16,2
DA:18,2
DA:20,1
DA:23,1
DA:24,1
DA:28,1
DA:29,1
LF:7
LH:7
BRF:0
BRH:0
end_of_record
TN:
SF:app/store/sagas/loginSaga.ts
FN:20,(anonymous_0)
FN:29,loginAsync
FNF:2
FNH:2
FNDA:1,(anonymous_0)
FNDA:4,loginAsync
DA:20,1
DA:21,1
DA:22,1
DA:30,4
DA:31,4
DA:33,4
DA:35,3
DA:36,1
DA:38,2
DA:39,1
DA:41,1
DA:42,1
DA:44,1
DA:45,1
DA:47,1
DA:48,1
DA:50,1
DA:52,1
DA:53,1
DA:59,1
DA:60,1
LF:21
LH:21
BRDA:35,0,0,1
BRDA:35,0,1,2
BRDA:38,1,0,1
BRDA:38,1,1,1
BRF:4
BRH:4
end_of_record
TN:
SF:app/store/sagas/removeBookFromFavoritesSaga.ts
FN:7,removeBookfromFavorite
FNF:1
FNH:1
FNDA:4,removeBookfromFavorite
DA:8,4
DA:11,4
DA:13,3
DA:15,2
DA:16,2
DA:17,1
DA:19,1
DA:20,1
DA:23,1
DA:24,1
LF:10
LH:10
BRDA:15,0,0,0
BRDA:15,0,1,2
BRDA:15,1,0,2
BRDA:15,1,1,2
BRDA:16,2,0,1
BRDA:16,2,1,1
BRF:6
BRH:5
end_of_record
TN:
SF:app/store/sagas/signupSaga.ts
FN:17,(anonymous_0)
FN:27,signUpsync
FNF:2
FNH:1
FNDA:0,(anonymous_0)
FNDA:4,signUpsync
DA:17,1
DA:18,0
DA:19,0
DA:28,4
DA:29,4
DA:30,3
DA:31,3
DA:32,1
DA:34,1
DA:36,1
DA:37,1
DA:39,1
DA:40,1
DA:42,1
DA:43,1
DA:45,1
DA:49,2
DA:50,1
DA:51,1
DA:52,1
DA:53,1
DA:56,1
DA:57,1
LF:23
LH:21
BRDA:31,0,0,1
BRDA:31,0,1,2
BRDA:31,1,0,3
BRDA:31,1,1,3
BRDA:49,2,0,1
BRDA:49,2,1,1
BRDA:52,3,0,1
BRDA:52,3,1,0
BRF:8
BRH:7
end_of_record
TN:
SF:app/store/sagas/updateProfileDetails.ts
FN:8,updateUserDetails
FNF:1
FNH:1
FNDA:4,updateUserDetails
DA:9,4
DA:10,4
DA:12,3
DA:14,3
DA:15,3
DA:16,1
DA:18,2
DA:19,2
DA:20,1
DA:22,1
DA:26,1
DA:30,1
DA:31,1
LF:13
LH:13
BRDA:14,0,0,3
BRDA:14,0,1,0
BRDA:15,1,0,1
BRDA:15,1,1,2
BRDA:19,2,0,1
BRDA:19,2,1,1
BRF:6
BRH:5
end_of_record
TN:
SF:app/store/sagas/userDetails.ts
FN:8,getUserDetailAsync
FNF:1
FNH:1
FNDA:4,getUserDetailAsync
DA:9,4
DA:10,4
DA:11,3
DA:12,3
DA:13,1
DA:14,2
DA:15,1
DA:17,1
DA:18,1
DA:24,1
DA:25,1
LF:11
LH:11
BRDA:11,0,0,3
BRDA:11,0,1,0
BRDA:12,1,0,1
BRDA:12,1,1,2
BRDA:14,2,0,1
BRDA:14,2,1,1
BRF:6
BRH:5
end_of_record
TN:
SF:app/utils/dimentionUtil.js
FN:5,(anonymous_0)
FN:10,(anonymous_1)
FN:16,getPercentageWidth
FN:18,(anonymous_3)
FN:19,(anonymous_4)
FN:24,(anonymous_5)
FN:26,(anonymous_6)
FN:30,getPercentageHeight
FN:32,(anonymous_8)
FN:33,(anonymous_9)
FN:37,(anonymous_10)
FN:39,(anonymous_11)
FNF:12
FNH:8
FNDA:699,(anonymous_0)
FNDA:365,(anonymous_1)
FNDA:93,getPercentageWidth
FNDA:50,(anonymous_3)
FNDA:0,(anonymous_4)
FNDA:0,(anonymous_5)
FNDA:699,(anonymous_6)
FNDA:88,getPercentageHeight
FNDA:46,(anonymous_8)
FNDA:0,(anonymous_9)
FNDA:0,(anonymous_10)
FNDA:365,(anonymous_11)
DA:5,9
DA:6,699
DA:7,699
DA:10,9
DA:12,365
DA:13,365
DA:17,93
DA:18,92
DA:19,50
DA:21,0
DA:22,0
DA:24,50
DA:26,699
DA:28,92
DA:31,88
DA:32,87
DA:33,46
DA:34,0
DA:35,0
DA:37,46
DA:39,365
DA:41,87
LF:22
LH:18
BRDA:6,0,0,0
BRDA:6,0,1,699
BRDA:12,1,0,0
BRDA:12,1,1,365
BRF:4
BRH:2
end_of_record
